[yimupay-user-service][${env:SERVER_PORT}] 2023-01-24 16:09:41,591 ERROR [DubboServerHandler-192.168.76.1:20880-thread-3][ExceptionFilter.java:86] -  [DUBBO] Got unchecked and undeclared exception which called by 192.168.76.1. service: com.me.yimu.pay.user.api.TenantService, method: login, exception: org.springframework.jdbc.UncategorizedSQLException: 
### Error querying database.  Cause: java.sql.SQLException: sql injection violation, syntax error: EOF : select r.TENANT_ID,r.`CODE` ROLE_CODE,p.`CODE` PRIVILEGE_CODE from authorization_privilege p LEFT JOIN authorization_role_privilege arp ON arp.PRIVILEGE_ID=p.ID LEFT JOIN authorization_role r ON arp.ROLE_ID = r.ID where r.ID IN
### The error may exist in com/me/yimu/pay/user/mapper/AuthorizationPrivilegeMapper.java (best guess)
### The error may involve com.me.yimu.pay.user.mapper.AuthorizationPrivilegeMapper.selectPrivilegeRoleInTenant
### The error occurred while executing a query
### SQL: select r.TENANT_ID,r.`CODE` ROLE_CODE,p.`CODE` PRIVILEGE_CODE from authorization_privilege p LEFT JOIN authorization_role_privilege arp ON arp.PRIVILEGE_ID=p.ID LEFT JOIN authorization_role r ON arp.ROLE_ID = r.ID where r.ID IN
### Cause: java.sql.SQLException: sql injection violation, syntax error: EOF : select r.TENANT_ID,r.`CODE` ROLE_CODE,p.`CODE` PRIVILEGE_CODE from authorization_privilege p LEFT JOIN authorization_role_privilege arp ON arp.PRIVILEGE_ID=p.ID LEFT JOIN authorization_role r ON arp.ROLE_ID = r.ID where r.ID IN
; uncategorized SQLException; SQL state [null]; error code [0]; sql injection violation, syntax error: EOF : select r.TENANT_ID,r.`CODE` ROLE_CODE,p.`CODE` PRIVILEGE_CODE from authorization_privilege p LEFT JOIN authorization_role_privilege arp ON arp.PRIVILEGE_ID=p.ID LEFT JOIN authorization_role r ON arp.ROLE_ID = r.ID where r.ID IN; nested exception is java.sql.SQLException: sql injection violation, syntax error: EOF : select r.TENANT_ID,r.`CODE` ROLE_CODE,p.`CODE` PRIVILEGE_CODE from authorization_privilege p LEFT JOIN authorization_role_privilege arp ON arp.PRIVILEGE_ID=p.ID LEFT JOIN authorization_role r ON arp.ROLE_ID = r.ID where r.ID IN, dubbo version: 2.7.3, current host: 192.168.76.1
org.springframework.jdbc.UncategorizedSQLException: 
### Error querying database.  Cause: java.sql.SQLException: sql injection violation, syntax error: EOF : select r.TENANT_ID,r.`CODE` ROLE_CODE,p.`CODE` PRIVILEGE_CODE from authorization_privilege p LEFT JOIN authorization_role_privilege arp ON arp.PRIVILEGE_ID=p.ID LEFT JOIN authorization_role r ON arp.ROLE_ID = r.ID where r.ID IN
### The error may exist in com/me/yimu/pay/user/mapper/AuthorizationPrivilegeMapper.java (best guess)
### The error may involve com.me.yimu.pay.user.mapper.AuthorizationPrivilegeMapper.selectPrivilegeRoleInTenant
### The error occurred while executing a query
### SQL: select r.TENANT_ID,r.`CODE` ROLE_CODE,p.`CODE` PRIVILEGE_CODE from authorization_privilege p LEFT JOIN authorization_role_privilege arp ON arp.PRIVILEGE_ID=p.ID LEFT JOIN authorization_role r ON arp.ROLE_ID = r.ID where r.ID IN
### Cause: java.sql.SQLException: sql injection violation, syntax error: EOF : select r.TENANT_ID,r.`CODE` ROLE_CODE,p.`CODE` PRIVILEGE_CODE from authorization_privilege p LEFT JOIN authorization_role_privilege arp ON arp.PRIVILEGE_ID=p.ID LEFT JOIN authorization_role r ON arp.ROLE_ID = r.ID where r.ID IN
; uncategorized SQLException; SQL state [null]; error code [0]; sql injection violation, syntax error: EOF : select r.TENANT_ID,r.`CODE` ROLE_CODE,p.`CODE` PRIVILEGE_CODE from authorization_privilege p LEFT JOIN authorization_role_privilege arp ON arp.PRIVILEGE_ID=p.ID LEFT JOIN authorization_role r ON arp.ROLE_ID = r.ID where r.ID IN; nested exception is java.sql.SQLException: sql injection violation, syntax error: EOF : select r.TENANT_ID,r.`CODE` ROLE_CODE,p.`CODE` PRIVILEGE_CODE from authorization_privilege p LEFT JOIN authorization_role_privilege arp ON arp.PRIVILEGE_ID=p.ID LEFT JOIN authorization_role r ON arp.ROLE_ID = r.ID where r.ID IN
	at org.springframework.jdbc.support.AbstractFallbackSQLExceptionTranslator.translate(AbstractFallbackSQLExceptionTranslator.java:89)
	at org.springframework.jdbc.support.AbstractFallbackSQLExceptionTranslator.translate(AbstractFallbackSQLExceptionTranslator.java:81)
	at org.springframework.jdbc.support.AbstractFallbackSQLExceptionTranslator.translate(AbstractFallbackSQLExceptionTranslator.java:81)
	at org.mybatis.spring.MyBatisExceptionTranslator.translateExceptionIfPossible(MyBatisExceptionTranslator.java:73)
	at org.mybatis.spring.SqlSessionTemplate$SqlSessionInterceptor.invoke(SqlSessionTemplate.java:446)
	at com.sun.proxy.$Proxy148.selectList(Unknown Source)
	at org.mybatis.spring.SqlSessionTemplate.selectList(SqlSessionTemplate.java:230)
	at com.baomidou.mybatisplus.core.override.MybatisMapperMethod.executeForMany(MybatisMapperMethod.java:168)
	at com.baomidou.mybatisplus.core.override.MybatisMapperMethod.execute(MybatisMapperMethod.java:82)
	at com.baomidou.mybatisplus.core.override.MybatisMapperProxy.invoke(MybatisMapperProxy.java:61)
	at com.sun.proxy.$Proxy157.selectPrivilegeRoleInTenant(Unknown Source)
	at sun.reflect.NativeMethodAccessorImpl.invoke0(Native Method)
	at sun.reflect.NativeMethodAccessorImpl.invoke(NativeMethodAccessorImpl.java:62)
	at sun.reflect.DelegatingMethodAccessorImpl.invoke(DelegatingMethodAccessorImpl.java:43)
	at java.lang.reflect.Method.invoke(Method.java:498)
	at org.springframework.aop.support.AopUtils.invokeJoinpointUsingReflection(AopUtils.java:343)
	at org.springframework.aop.framework.ReflectiveMethodInvocation.invokeJoinpoint(ReflectiveMethodInvocation.java:198)
	at org.springframework.aop.framework.ReflectiveMethodInvocation.proceed(ReflectiveMethodInvocation.java:163)
	at org.springframework.dao.support.PersistenceExceptionTranslationInterceptor.invoke(PersistenceExceptionTranslationInterceptor.java:139)
	at org.springframework.aop.framework.ReflectiveMethodInvocation.proceed(ReflectiveMethodInvocation.java:186)
	at org.springframework.aop.framework.JdkDynamicAopProxy.invoke(JdkDynamicAopProxy.java:212)
	at com.sun.proxy.$Proxy158.selectPrivilegeRoleInTenant(Unknown Source)
	at com.me.yimu.pay.user.service.AuthorizationServiceImpl.authorize(AuthorizationServiceImpl.java:66)
	at com.me.yimu.pay.user.service.AuthorizationServiceImpl$$FastClassBySpringCGLIB$$f1e0e4a5.invoke(<generated>)
	at org.springframework.cglib.proxy.MethodProxy.invoke(MethodProxy.java:218)
	at org.springframework.aop.framework.CglibAopProxy$CglibMethodInvocation.invokeJoinpoint(CglibAopProxy.java:749)
	at org.springframework.aop.framework.ReflectiveMethodInvocation.proceed(ReflectiveMethodInvocation.java:163)
	at com.alibaba.druid.support.spring.stat.DruidStatInterceptor.invoke(DruidStatInterceptor.java:73)
	at org.springframework.aop.framework.ReflectiveMethodInvocation.proceed(ReflectiveMethodInvocation.java:186)
	at org.springframework.aop.framework.CglibAopProxy$DynamicAdvisedInterceptor.intercept(CglibAopProxy.java:688)
	at com.me.yimu.pay.user.service.AuthorizationServiceImpl$$EnhancerBySpringCGLIB$$8d0d0425.authorize(<generated>)
	at com.me.yimu.pay.user.service.AuthorizationServiceImpl$$FastClassBySpringCGLIB$$f1e0e4a5.invoke(<generated>)
	at org.springframework.cglib.proxy.MethodProxy.invoke(MethodProxy.java:218)
	at org.springframework.aop.framework.CglibAopProxy$CglibMethodInvocation.invokeJoinpoint(CglibAopProxy.java:749)
	at org.springframework.aop.framework.ReflectiveMethodInvocation.proceed(ReflectiveMethodInvocation.java:163)
	at com.alibaba.druid.support.spring.stat.DruidStatInterceptor.invoke(DruidStatInterceptor.java:73)
	at org.springframework.aop.framework.ReflectiveMethodInvocation.proceed(ReflectiveMethodInvocation.java:186)
	at org.springframework.aop.framework.CglibAopProxy$DynamicAdvisedInterceptor.intercept(CglibAopProxy.java:688)
	at com.me.yimu.pay.user.service.AuthorizationServiceImpl$$EnhancerBySpringCGLIB$$512d70d1.authorize(<generated>)
	at com.me.yimu.pay.user.service.TenantServiceImpl.login(TenantServiceImpl.java:729)
	at com.me.yimu.pay.user.service.TenantServiceImpl$$FastClassBySpringCGLIB$$d00c722.invoke(<generated>)
	at org.springframework.cglib.proxy.MethodProxy.invoke(MethodProxy.java:218)
	at org.springframework.aop.framework.CglibAopProxy$CglibMethodInvocation.invokeJoinpoint(CglibAopProxy.java:749)
	at org.springframework.aop.framework.ReflectiveMethodInvocation.proceed(ReflectiveMethodInvocation.java:163)
	at com.alibaba.druid.support.spring.stat.DruidStatInterceptor.invoke(DruidStatInterceptor.java:73)
	at org.springframework.aop.framework.ReflectiveMethodInvocation.proceed(ReflectiveMethodInvocation.java:186)
	at org.springframework.aop.framework.CglibAopProxy$DynamicAdvisedInterceptor.intercept(CglibAopProxy.java:688)
	at com.me.yimu.pay.user.service.TenantServiceImpl$$EnhancerBySpringCGLIB$$270dece5.login(<generated>)
	at com.me.yimu.pay.user.service.TenantServiceImpl$$FastClassBySpringCGLIB$$d00c722.invoke(<generated>)
	at org.springframework.cglib.proxy.MethodProxy.invoke(MethodProxy.java:218)
	at org.springframework.aop.framework.CglibAopProxy$CglibMethodInvocation.invokeJoinpoint(CglibAopProxy.java:749)
	at org.springframework.aop.framework.ReflectiveMethodInvocation.proceed(ReflectiveMethodInvocation.java:163)
	at com.alibaba.druid.support.spring.stat.DruidStatInterceptor.invoke(DruidStatInterceptor.java:73)
	at org.springframework.aop.framework.ReflectiveMethodInvocation.proceed(ReflectiveMethodInvocation.java:186)
	at org.springframework.aop.framework.CglibAopProxy$DynamicAdvisedInterceptor.intercept(CglibAopProxy.java:688)
	at com.me.yimu.pay.user.service.TenantServiceImpl$$EnhancerBySpringCGLIB$$721e432f.login(<generated>)
	at org.apache.dubbo.common.bytecode.Wrapper3.invokeMethod(Wrapper3.java)
	at org.apache.dubbo.rpc.proxy.javassist.JavassistProxyFactory$1.doInvoke(JavassistProxyFactory.java:47)
	at org.apache.dubbo.rpc.proxy.AbstractProxyInvoker.invoke(AbstractProxyInvoker.java:84)
	at org.apache.dubbo.config.invoker.DelegateProviderMetaDataInvoker.invoke(DelegateProviderMetaDataInvoker.java:56)
	at org.apache.dubbo.rpc.protocol.InvokerWrapper.invoke(InvokerWrapper.java:56)
	at org.apache.dubbo.rpc.filter.ExceptionFilter.invoke(ExceptionFilter.java:55)
	at org.apache.dubbo.rpc.protocol.ProtocolFilterWrapper$1.invoke(ProtocolFilterWrapper.java:82)
	at org.apache.dubbo.monitor.support.MonitorFilter.invoke(MonitorFilter.java:92)
	at org.apache.dubbo.rpc.protocol.ProtocolFilterWrapper$1.invoke(ProtocolFilterWrapper.java:82)
	at org.apache.dubbo.rpc.filter.TimeoutFilter.invoke(TimeoutFilter.java:48)
	at org.apache.dubbo.rpc.protocol.ProtocolFilterWrapper$1.invoke(ProtocolFilterWrapper.java:82)
	at org.apache.dubbo.rpc.protocol.dubbo.filter.TraceFilter.invoke(TraceFilter.java:81)
	at org.apache.dubbo.rpc.protocol.ProtocolFilterWrapper$1.invoke(ProtocolFilterWrapper.java:82)
	at org.apache.dubbo.rpc.filter.ContextFilter.invoke(ContextFilter.java:96)
	at org.apache.dubbo.rpc.protocol.ProtocolFilterWrapper$1.invoke(ProtocolFilterWrapper.java:82)
	at org.apache.dubbo.rpc.filter.GenericFilter.invoke(GenericFilter.java:148)
	at org.apache.dubbo.rpc.protocol.ProtocolFilterWrapper$1.invoke(ProtocolFilterWrapper.java:82)
	at org.apache.dubbo.rpc.filter.ClassLoaderFilter.invoke(ClassLoaderFilter.java:38)
	at org.apache.dubbo.rpc.protocol.ProtocolFilterWrapper$1.invoke(ProtocolFilterWrapper.java:82)
	at org.apache.dubbo.rpc.filter.EchoFilter.invoke(EchoFilter.java:41)
	at org.apache.dubbo.rpc.protocol.ProtocolFilterWrapper$1.invoke(ProtocolFilterWrapper.java:82)
	at org.apache.dubbo.rpc.protocol.ProtocolFilterWrapper$CallbackRegistrationInvoker.invoke(ProtocolFilterWrapper.java:157)
	at org.apache.dubbo.rpc.protocol.dubbo.DubboProtocol$1.reply(DubboProtocol.java:152)
	at org.apache.dubbo.remoting.exchange.support.header.HeaderExchangeHandler.handleRequest(HeaderExchangeHandler.java:102)
	at org.apache.dubbo.remoting.exchange.support.header.HeaderExchangeHandler.received(HeaderExchangeHandler.java:193)
	at org.apache.dubbo.remoting.transport.DecodeHandler.received(DecodeHandler.java:51)
	at org.apache.dubbo.remoting.transport.dispatcher.ChannelEventRunnable.run(ChannelEventRunnable.java:57)
	at java.util.concurrent.ThreadPoolExecutor.runWorker(ThreadPoolExecutor.java:1149)
	at java.util.concurrent.ThreadPoolExecutor$Worker.run(ThreadPoolExecutor.java:624)
	at java.lang.Thread.run(Thread.java:748)
Caused by: java.sql.SQLException: sql injection violation, syntax error: EOF : select r.TENANT_ID,r.`CODE` ROLE_CODE,p.`CODE` PRIVILEGE_CODE from authorization_privilege p LEFT JOIN authorization_role_privilege arp ON arp.PRIVILEGE_ID=p.ID LEFT JOIN authorization_role r ON arp.ROLE_ID = r.ID where r.ID IN
	at com.alibaba.druid.wall.WallFilter.checkInternal(WallFilter.java:806)
	at com.alibaba.druid.wall.WallFilter.connection_prepareStatement(WallFilter.java:259)
	at com.alibaba.druid.filter.FilterChainImpl.connection_prepareStatement(FilterChainImpl.java:568)
	at com.alibaba.druid.filter.FilterAdapter.connection_prepareStatement(FilterAdapter.java:930)
	at com.alibaba.druid.filter.FilterEventAdapter.connection_prepareStatement(FilterEventAdapter.java:122)
	at com.alibaba.druid.filter.FilterChainImpl.connection_prepareStatement(FilterChainImpl.java:568)
	at com.alibaba.druid.filter.FilterAdapter.connection_prepareStatement(FilterAdapter.java:930)
	at com.alibaba.druid.filter.FilterChainImpl.connection_prepareStatement(FilterChainImpl.java:568)
	at com.alibaba.druid.proxy.jdbc.ConnectionProxyImpl.prepareStatement(ConnectionProxyImpl.java:341)
	at com.alibaba.druid.pool.DruidPooledConnection.prepareStatement(DruidPooledConnection.java:349)
	at org.apache.ibatis.executor.statement.PreparedStatementHandler.instantiateStatement(PreparedStatementHandler.java:86)
	at org.apache.ibatis.executor.statement.BaseStatementHandler.prepare(BaseStatementHandler.java:88)
	at org.apache.ibatis.executor.statement.RoutingStatementHandler.prepare(RoutingStatementHandler.java:59)
	at sun.reflect.NativeMethodAccessorImpl.invoke0(Native Method)
	at sun.reflect.NativeMethodAccessorImpl.invoke(NativeMethodAccessorImpl.java:62)
	at sun.reflect.DelegatingMethodAccessorImpl.invoke(DelegatingMethodAccessorImpl.java:43)
	at java.lang.reflect.Method.invoke(Method.java:498)
	at org.apache.ibatis.plugin.Invocation.proceed(Invocation.java:49)
	at com.baomidou.mybatisplus.extension.plugins.PaginationInterceptor.intercept(PaginationInterceptor.java:156)
	at org.apache.ibatis.plugin.Plugin.invoke(Plugin.java:61)
	at com.sun.proxy.$Proxy211.prepare(Unknown Source)
	at sun.reflect.NativeMethodAccessorImpl.invoke0(Native Method)
	at sun.reflect.NativeMethodAccessorImpl.invoke(NativeMethodAccessorImpl.java:62)
	at sun.reflect.DelegatingMethodAccessorImpl.invoke(DelegatingMethodAccessorImpl.java:43)
	at java.lang.reflect.Method.invoke(Method.java:498)
	at org.apache.ibatis.plugin.Plugin.invoke(Plugin.java:63)
	at com.sun.proxy.$Proxy211.prepare(Unknown Source)
	at org.apache.ibatis.executor.SimpleExecutor.prepareStatement(SimpleExecutor.java:86)
	at org.apache.ibatis.executor.SimpleExecutor.doQuery(SimpleExecutor.java:62)
	at org.apache.ibatis.executor.BaseExecutor.queryFromDatabase(BaseExecutor.java:324)
	at org.apache.ibatis.executor.BaseExecutor.query(BaseExecutor.java:156)
	at org.apache.ibatis.executor.BaseExecutor.query(BaseExecutor.java:136)
	at org.apache.ibatis.session.defaults.DefaultSqlSession.selectList(DefaultSqlSession.java:148)
	at org.apache.ibatis.session.defaults.DefaultSqlSession.selectList(DefaultSqlSession.java:141)
	at sun.reflect.NativeMethodAccessorImpl.invoke0(Native Method)
	at sun.reflect.NativeMethodAccessorImpl.invoke(NativeMethodAccessorImpl.java:62)
	at sun.reflect.DelegatingMethodAccessorImpl.invoke(DelegatingMethodAccessorImpl.java:43)
	at java.lang.reflect.Method.invoke(Method.java:498)
	at org.mybatis.spring.SqlSessionTemplate$SqlSessionInterceptor.invoke(SqlSessionTemplate.java:433)
	... 81 more
Caused by: com.alibaba.druid.sql.parser.EOFParserException: EOF
	at com.alibaba.druid.sql.parser.SQLExprParser.primary(SQLExprParser.java:835)
	at com.alibaba.druid.sql.dialect.mysql.parser.MySqlExprParser.primary(MySqlExprParser.java:198)
	at com.alibaba.druid.sql.parser.SQLExprParser.inRest(SQLExprParser.java:1852)
	at com.alibaba.druid.sql.parser.SQLExprParser.exprRest(SQLExprParser.java:177)
	at com.alibaba.druid.sql.parser.SQLSelectParser.parseWhere(SQLSelectParser.java:502)
	at com.alibaba.druid.sql.dialect.mysql.parser.MySqlSelectParser.query(MySqlSelectParser.java:195)
	at com.alibaba.druid.sql.parser.SQLSelectParser.query(SQLSelectParser.java:236)
	at com.alibaba.druid.sql.parser.SQLSelectParser.select(SQLSelectParser.java:88)
	at com.alibaba.druid.sql.dialect.mysql.parser.MySqlStatementParser.parseSelect(MySqlStatementParser.java:284)
	at com.alibaba.druid.sql.parser.SQLStatementParser.parseStatementList(SQLStatementParser.java:248)
	at com.alibaba.druid.sql.parser.SQLStatementParser.parseStatementList(SQLStatementParser.java:182)
	at com.alibaba.druid.wall.WallProvider.checkInternal(WallProvider.java:624)
	at com.alibaba.druid.wall.WallProvider.check(WallProvider.java:578)
	at com.alibaba.druid.wall.WallFilter.checkInternal(WallFilter.java:793)
	... 119 more
[yimupay-user-service][${env:SERVER_PORT}] 2023-01-24 16:10:40,191 ERROR [dubbo-client-idleCheck-thread-1][ReconnectTimerTask.java:51] -  [DUBBO] Fail to connect to HeaderExchangeClient [channel=org.apache.dubbo.remoting.transport.netty4.NettyClient [192.168.76.1:0 -> /192.168.76.1:20881]], dubbo version: 2.7.3, current host: 192.168.76.1
org.apache.dubbo.remoting.RemotingException: client(url: dubbo://192.168.76.1:20881/com.alibaba.cloud.dubbo.service.DubboMetadataService?anyhost=true&application=user-service&bind.ip=192.168.76.1&bind.port=20881&check=false&codec=dubbo&deprecated=false&dubbo=2.0.2&dynamic=true&generic=true&group=uaa-service&heartbeat=60000&interface=com.alibaba.cloud.dubbo.service.DubboMetadataService&lazy=false&methods=getAllServiceKeys,getServiceRestMetadata,getExportedURLs,getAllExportedURLs&pid=10972&qos.enable=false&qos.port=22230&register=true&register.ip=192.168.76.1&release=2.7.3&remote.application=uaa-service&retries=-1&revision=2.1.0.RELEASE&side=consumer&sticky=false&timeout=3000&timestamp=1674547630850&version=1.0.0) failed to connect to server /192.168.76.1:20881, error message is:Connection refused: no further information: /192.168.76.1:20881
	at org.apache.dubbo.remoting.transport.netty4.NettyClient.doConnect(NettyClient.java:166)
	at org.apache.dubbo.remoting.transport.AbstractClient.connect(AbstractClient.java:190)
	at org.apache.dubbo.remoting.transport.AbstractClient.reconnect(AbstractClient.java:246)
	at org.apache.dubbo.remoting.exchange.support.header.HeaderExchangeClient.reconnect(HeaderExchangeClient.java:155)
	at org.apache.dubbo.remoting.exchange.support.header.ReconnectTimerTask.doTask(ReconnectTimerTask.java:49)
	at org.apache.dubbo.remoting.exchange.support.header.AbstractTimerTask.run(AbstractTimerTask.java:87)
	at org.apache.dubbo.common.timer.HashedWheelTimer$HashedWheelTimeout.expire(HashedWheelTimer.java:648)
	at org.apache.dubbo.common.timer.HashedWheelTimer$HashedWheelBucket.expireTimeouts(HashedWheelTimer.java:727)
	at org.apache.dubbo.common.timer.HashedWheelTimer$Worker.run(HashedWheelTimer.java:449)
	at java.lang.Thread.run(Thread.java:748)
Caused by: io.netty.channel.AbstractChannel$AnnotatedConnectException: Connection refused: no further information: /192.168.76.1:20881
	at sun.nio.ch.SocketChannelImpl.checkConnect(Native Method)
	at sun.nio.ch.SocketChannelImpl.finishConnect(SocketChannelImpl.java:715)
	at io.netty.channel.socket.nio.NioSocketChannel.doFinishConnect(NioSocketChannel.java:327)
	at io.netty.channel.nio.AbstractNioChannel$AbstractNioUnsafe.finishConnect(AbstractNioChannel.java:340)
	at io.netty.channel.nio.NioEventLoop.processSelectedKey(NioEventLoop.java:665)
	at io.netty.channel.nio.NioEventLoop.processSelectedKeysOptimized(NioEventLoop.java:612)
	at io.netty.channel.nio.NioEventLoop.processSelectedKeys(NioEventLoop.java:529)
	at io.netty.channel.nio.NioEventLoop.run(NioEventLoop.java:491)
	at io.netty.util.concurrent.SingleThreadEventExecutor$5.run(SingleThreadEventExecutor.java:905)
	at io.netty.util.concurrent.FastThreadLocalRunnable.run(FastThreadLocalRunnable.java:30)
	... 1 more
Caused by: java.net.ConnectException: Connection refused: no further information
	... 11 more
[yimupay-user-service][${env:SERVER_PORT}] 2023-01-24 16:20:47,495 ERROR [DubboServerHandler-192.168.76.1:20880-thread-3][ExceptionFilter.java:86] -  [DUBBO] Got unchecked and undeclared exception which called by 192.168.76.1. service: com.me.yimu.pay.user.api.TenantService, method: login, exception: org.springframework.jdbc.UncategorizedSQLException: 
### Error querying database.  Cause: java.sql.SQLException: sql injection violation, syntax error: syntax error, error in :'RDER BY r.TENANT_ID', expect BY, actual BY pos 238, line 1, column 236, token BY : select r.TENANT_ID,r.`CODE` ROLE_CODE,p.`CODE` PRIVILEGE_CODE from authorization_privilege p LEFT JOIN authorization_role_privilege arp ON arp.PRIVILEGE_ID=p.ID LEFT JOIN authorization_role r ON arp.ROLE_ID = r.ID where r.ID IN   ORDER BY r.TENANT_ID
### The error may exist in com/me/yimu/pay/user/mapper/AuthorizationPrivilegeMapper.java (best guess)
### The error may involve com.me.yimu.pay.user.mapper.AuthorizationPrivilegeMapper.selectPrivilegeRoleInTenant
### The error occurred while executing a query
### SQL: select r.TENANT_ID,r.`CODE` ROLE_CODE,p.`CODE` PRIVILEGE_CODE from authorization_privilege p LEFT JOIN authorization_role_privilege arp ON arp.PRIVILEGE_ID=p.ID LEFT JOIN authorization_role r ON arp.ROLE_ID = r.ID where r.ID IN   ORDER BY r.TENANT_ID
### Cause: java.sql.SQLException: sql injection violation, syntax error: syntax error, error in :'RDER BY r.TENANT_ID', expect BY, actual BY pos 238, line 1, column 236, token BY : select r.TENANT_ID,r.`CODE` ROLE_CODE,p.`CODE` PRIVILEGE_CODE from authorization_privilege p LEFT JOIN authorization_role_privilege arp ON arp.PRIVILEGE_ID=p.ID LEFT JOIN authorization_role r ON arp.ROLE_ID = r.ID where r.ID IN   ORDER BY r.TENANT_ID
; uncategorized SQLException; SQL state [null]; error code [0]; sql injection violation, syntax error: syntax error, error in :'RDER BY r.TENANT_ID', expect BY, actual BY pos 238, line 1, column 236, token BY : select r.TENANT_ID,r.`CODE` ROLE_CODE,p.`CODE` PRIVILEGE_CODE from authorization_privilege p LEFT JOIN authorization_role_privilege arp ON arp.PRIVILEGE_ID=p.ID LEFT JOIN authorization_role r ON arp.ROLE_ID = r.ID where r.ID IN   ORDER BY r.TENANT_ID; nested exception is java.sql.SQLException: sql injection violation, syntax error: syntax error, error in :'RDER BY r.TENANT_ID', expect BY, actual BY pos 238, line 1, column 236, token BY : select r.TENANT_ID,r.`CODE` ROLE_CODE,p.`CODE` PRIVILEGE_CODE from authorization_privilege p LEFT JOIN authorization_role_privilege arp ON arp.PRIVILEGE_ID=p.ID LEFT JOIN authorization_role r ON arp.ROLE_ID = r.ID where r.ID IN   ORDER BY r.TENANT_ID, dubbo version: 2.7.3, current host: 192.168.76.1
org.springframework.jdbc.UncategorizedSQLException: 
### Error querying database.  Cause: java.sql.SQLException: sql injection violation, syntax error: syntax error, error in :'RDER BY r.TENANT_ID', expect BY, actual BY pos 238, line 1, column 236, token BY : select r.TENANT_ID,r.`CODE` ROLE_CODE,p.`CODE` PRIVILEGE_CODE from authorization_privilege p LEFT JOIN authorization_role_privilege arp ON arp.PRIVILEGE_ID=p.ID LEFT JOIN authorization_role r ON arp.ROLE_ID = r.ID where r.ID IN   ORDER BY r.TENANT_ID
### The error may exist in com/me/yimu/pay/user/mapper/AuthorizationPrivilegeMapper.java (best guess)
### The error may involve com.me.yimu.pay.user.mapper.AuthorizationPrivilegeMapper.selectPrivilegeRoleInTenant
### The error occurred while executing a query
### SQL: select r.TENANT_ID,r.`CODE` ROLE_CODE,p.`CODE` PRIVILEGE_CODE from authorization_privilege p LEFT JOIN authorization_role_privilege arp ON arp.PRIVILEGE_ID=p.ID LEFT JOIN authorization_role r ON arp.ROLE_ID = r.ID where r.ID IN   ORDER BY r.TENANT_ID
### Cause: java.sql.SQLException: sql injection violation, syntax error: syntax error, error in :'RDER BY r.TENANT_ID', expect BY, actual BY pos 238, line 1, column 236, token BY : select r.TENANT_ID,r.`CODE` ROLE_CODE,p.`CODE` PRIVILEGE_CODE from authorization_privilege p LEFT JOIN authorization_role_privilege arp ON arp.PRIVILEGE_ID=p.ID LEFT JOIN authorization_role r ON arp.ROLE_ID = r.ID where r.ID IN   ORDER BY r.TENANT_ID
; uncategorized SQLException; SQL state [null]; error code [0]; sql injection violation, syntax error: syntax error, error in :'RDER BY r.TENANT_ID', expect BY, actual BY pos 238, line 1, column 236, token BY : select r.TENANT_ID,r.`CODE` ROLE_CODE,p.`CODE` PRIVILEGE_CODE from authorization_privilege p LEFT JOIN authorization_role_privilege arp ON arp.PRIVILEGE_ID=p.ID LEFT JOIN authorization_role r ON arp.ROLE_ID = r.ID where r.ID IN   ORDER BY r.TENANT_ID; nested exception is java.sql.SQLException: sql injection violation, syntax error: syntax error, error in :'RDER BY r.TENANT_ID', expect BY, actual BY pos 238, line 1, column 236, token BY : select r.TENANT_ID,r.`CODE` ROLE_CODE,p.`CODE` PRIVILEGE_CODE from authorization_privilege p LEFT JOIN authorization_role_privilege arp ON arp.PRIVILEGE_ID=p.ID LEFT JOIN authorization_role r ON arp.ROLE_ID = r.ID where r.ID IN   ORDER BY r.TENANT_ID
	at org.springframework.jdbc.support.AbstractFallbackSQLExceptionTranslator.translate(AbstractFallbackSQLExceptionTranslator.java:89)
	at org.springframework.jdbc.support.AbstractFallbackSQLExceptionTranslator.translate(AbstractFallbackSQLExceptionTranslator.java:81)
	at org.springframework.jdbc.support.AbstractFallbackSQLExceptionTranslator.translate(AbstractFallbackSQLExceptionTranslator.java:81)
	at org.mybatis.spring.MyBatisExceptionTranslator.translateExceptionIfPossible(MyBatisExceptionTranslator.java:73)
	at org.mybatis.spring.SqlSessionTemplate$SqlSessionInterceptor.invoke(SqlSessionTemplate.java:446)
	at com.sun.proxy.$Proxy148.selectList(Unknown Source)
	at org.mybatis.spring.SqlSessionTemplate.selectList(SqlSessionTemplate.java:230)
	at com.baomidou.mybatisplus.core.override.MybatisMapperMethod.executeForMany(MybatisMapperMethod.java:168)
	at com.baomidou.mybatisplus.core.override.MybatisMapperMethod.execute(MybatisMapperMethod.java:82)
	at com.baomidou.mybatisplus.core.override.MybatisMapperProxy.invoke(MybatisMapperProxy.java:61)
	at com.sun.proxy.$Proxy157.selectPrivilegeRoleInTenant(Unknown Source)
	at sun.reflect.NativeMethodAccessorImpl.invoke0(Native Method)
	at sun.reflect.NativeMethodAccessorImpl.invoke(NativeMethodAccessorImpl.java:62)
	at sun.reflect.DelegatingMethodAccessorImpl.invoke(DelegatingMethodAccessorImpl.java:43)
	at java.lang.reflect.Method.invoke(Method.java:498)
	at org.springframework.aop.support.AopUtils.invokeJoinpointUsingReflection(AopUtils.java:343)
	at org.springframework.aop.framework.ReflectiveMethodInvocation.invokeJoinpoint(ReflectiveMethodInvocation.java:198)
	at org.springframework.aop.framework.ReflectiveMethodInvocation.proceed(ReflectiveMethodInvocation.java:163)
	at org.springframework.dao.support.PersistenceExceptionTranslationInterceptor.invoke(PersistenceExceptionTranslationInterceptor.java:139)
	at org.springframework.aop.framework.ReflectiveMethodInvocation.proceed(ReflectiveMethodInvocation.java:186)
	at org.springframework.aop.framework.JdkDynamicAopProxy.invoke(JdkDynamicAopProxy.java:212)
	at com.sun.proxy.$Proxy158.selectPrivilegeRoleInTenant(Unknown Source)
	at com.me.yimu.pay.user.service.AuthorizationServiceImpl.authorize(AuthorizationServiceImpl.java:74)
	at com.me.yimu.pay.user.service.AuthorizationServiceImpl$$FastClassBySpringCGLIB$$f1e0e4a5.invoke(<generated>)
	at org.springframework.cglib.proxy.MethodProxy.invoke(MethodProxy.java:218)
	at org.springframework.aop.framework.CglibAopProxy$CglibMethodInvocation.invokeJoinpoint(CglibAopProxy.java:749)
	at org.springframework.aop.framework.ReflectiveMethodInvocation.proceed(ReflectiveMethodInvocation.java:163)
	at com.alibaba.druid.support.spring.stat.DruidStatInterceptor.invoke(DruidStatInterceptor.java:73)
	at org.springframework.aop.framework.ReflectiveMethodInvocation.proceed(ReflectiveMethodInvocation.java:186)
	at org.springframework.aop.framework.CglibAopProxy$DynamicAdvisedInterceptor.intercept(CglibAopProxy.java:688)
	at com.me.yimu.pay.user.service.AuthorizationServiceImpl$$EnhancerBySpringCGLIB$$63c18e36.authorize(<generated>)
	at com.me.yimu.pay.user.service.AuthorizationServiceImpl$$FastClassBySpringCGLIB$$f1e0e4a5.invoke(<generated>)
	at org.springframework.cglib.proxy.MethodProxy.invoke(MethodProxy.java:218)
	at org.springframework.aop.framework.CglibAopProxy$CglibMethodInvocation.invokeJoinpoint(CglibAopProxy.java:749)
	at org.springframework.aop.framework.ReflectiveMethodInvocation.proceed(ReflectiveMethodInvocation.java:163)
	at com.alibaba.druid.support.spring.stat.DruidStatInterceptor.invoke(DruidStatInterceptor.java:73)
	at org.springframework.aop.framework.ReflectiveMethodInvocation.proceed(ReflectiveMethodInvocation.java:186)
	at org.springframework.aop.framework.CglibAopProxy$DynamicAdvisedInterceptor.intercept(CglibAopProxy.java:688)
	at com.me.yimu.pay.user.service.AuthorizationServiceImpl$$EnhancerBySpringCGLIB$$27e1fae2.authorize(<generated>)
	at com.me.yimu.pay.user.service.TenantServiceImpl.login(TenantServiceImpl.java:729)
	at com.me.yimu.pay.user.service.TenantServiceImpl$$FastClassBySpringCGLIB$$d00c722.invoke(<generated>)
	at org.springframework.cglib.proxy.MethodProxy.invoke(MethodProxy.java:218)
	at org.springframework.aop.framework.CglibAopProxy$CglibMethodInvocation.invokeJoinpoint(CglibAopProxy.java:749)
	at org.springframework.aop.framework.ReflectiveMethodInvocation.proceed(ReflectiveMethodInvocation.java:163)
	at com.alibaba.druid.support.spring.stat.DruidStatInterceptor.invoke(DruidStatInterceptor.java:73)
	at org.springframework.aop.framework.ReflectiveMethodInvocation.proceed(ReflectiveMethodInvocation.java:186)
	at org.springframework.aop.framework.CglibAopProxy$DynamicAdvisedInterceptor.intercept(CglibAopProxy.java:688)
	at com.me.yimu.pay.user.service.TenantServiceImpl$$EnhancerBySpringCGLIB$$49ce998c.login(<generated>)
	at com.me.yimu.pay.user.service.TenantServiceImpl$$FastClassBySpringCGLIB$$d00c722.invoke(<generated>)
	at org.springframework.cglib.proxy.MethodProxy.invoke(MethodProxy.java:218)
	at org.springframework.aop.framework.CglibAopProxy$CglibMethodInvocation.invokeJoinpoint(CglibAopProxy.java:749)
	at org.springframework.aop.framework.ReflectiveMethodInvocation.proceed(ReflectiveMethodInvocation.java:163)
	at com.alibaba.druid.support.spring.stat.DruidStatInterceptor.invoke(DruidStatInterceptor.java:73)
	at org.springframework.aop.framework.ReflectiveMethodInvocation.proceed(ReflectiveMethodInvocation.java:186)
	at org.springframework.aop.framework.CglibAopProxy$DynamicAdvisedInterceptor.intercept(CglibAopProxy.java:688)
	at com.me.yimu.pay.user.service.TenantServiceImpl$$EnhancerBySpringCGLIB$$94deefd6.login(<generated>)
	at org.apache.dubbo.common.bytecode.Wrapper3.invokeMethod(Wrapper3.java)
	at org.apache.dubbo.rpc.proxy.javassist.JavassistProxyFactory$1.doInvoke(JavassistProxyFactory.java:47)
	at org.apache.dubbo.rpc.proxy.AbstractProxyInvoker.invoke(AbstractProxyInvoker.java:84)
	at org.apache.dubbo.config.invoker.DelegateProviderMetaDataInvoker.invoke(DelegateProviderMetaDataInvoker.java:56)
	at org.apache.dubbo.rpc.protocol.InvokerWrapper.invoke(InvokerWrapper.java:56)
	at org.apache.dubbo.rpc.filter.ExceptionFilter.invoke(ExceptionFilter.java:55)
	at org.apache.dubbo.rpc.protocol.ProtocolFilterWrapper$1.invoke(ProtocolFilterWrapper.java:82)
	at org.apache.dubbo.monitor.support.MonitorFilter.invoke(MonitorFilter.java:92)
	at org.apache.dubbo.rpc.protocol.ProtocolFilterWrapper$1.invoke(ProtocolFilterWrapper.java:82)
	at org.apache.dubbo.rpc.filter.TimeoutFilter.invoke(TimeoutFilter.java:48)
	at org.apache.dubbo.rpc.protocol.ProtocolFilterWrapper$1.invoke(ProtocolFilterWrapper.java:82)
	at org.apache.dubbo.rpc.protocol.dubbo.filter.TraceFilter.invoke(TraceFilter.java:81)
	at org.apache.dubbo.rpc.protocol.ProtocolFilterWrapper$1.invoke(ProtocolFilterWrapper.java:82)
	at org.apache.dubbo.rpc.filter.ContextFilter.invoke(ContextFilter.java:96)
	at org.apache.dubbo.rpc.protocol.ProtocolFilterWrapper$1.invoke(ProtocolFilterWrapper.java:82)
	at org.apache.dubbo.rpc.filter.GenericFilter.invoke(GenericFilter.java:148)
	at org.apache.dubbo.rpc.protocol.ProtocolFilterWrapper$1.invoke(ProtocolFilterWrapper.java:82)
	at org.apache.dubbo.rpc.filter.ClassLoaderFilter.invoke(ClassLoaderFilter.java:38)
	at org.apache.dubbo.rpc.protocol.ProtocolFilterWrapper$1.invoke(ProtocolFilterWrapper.java:82)
	at org.apache.dubbo.rpc.filter.EchoFilter.invoke(EchoFilter.java:41)
	at org.apache.dubbo.rpc.protocol.ProtocolFilterWrapper$1.invoke(ProtocolFilterWrapper.java:82)
	at org.apache.dubbo.rpc.protocol.ProtocolFilterWrapper$CallbackRegistrationInvoker.invoke(ProtocolFilterWrapper.java:157)
	at org.apache.dubbo.rpc.protocol.dubbo.DubboProtocol$1.reply(DubboProtocol.java:152)
	at org.apache.dubbo.remoting.exchange.support.header.HeaderExchangeHandler.handleRequest(HeaderExchangeHandler.java:102)
	at org.apache.dubbo.remoting.exchange.support.header.HeaderExchangeHandler.received(HeaderExchangeHandler.java:193)
	at org.apache.dubbo.remoting.transport.DecodeHandler.received(DecodeHandler.java:51)
	at org.apache.dubbo.remoting.transport.dispatcher.ChannelEventRunnable.run(ChannelEventRunnable.java:57)
	at java.util.concurrent.ThreadPoolExecutor.runWorker(ThreadPoolExecutor.java:1149)
	at java.util.concurrent.ThreadPoolExecutor$Worker.run(ThreadPoolExecutor.java:624)
	at java.lang.Thread.run(Thread.java:748)
Caused by: java.sql.SQLException: sql injection violation, syntax error: syntax error, error in :'RDER BY r.TENANT_ID', expect BY, actual BY pos 238, line 1, column 236, token BY : select r.TENANT_ID,r.`CODE` ROLE_CODE,p.`CODE` PRIVILEGE_CODE from authorization_privilege p LEFT JOIN authorization_role_privilege arp ON arp.PRIVILEGE_ID=p.ID LEFT JOIN authorization_role r ON arp.ROLE_ID = r.ID where r.ID IN   ORDER BY r.TENANT_ID
	at com.alibaba.druid.wall.WallFilter.checkInternal(WallFilter.java:806)
	at com.alibaba.druid.wall.WallFilter.connection_prepareStatement(WallFilter.java:259)
	at com.alibaba.druid.filter.FilterChainImpl.connection_prepareStatement(FilterChainImpl.java:568)
	at com.alibaba.druid.filter.FilterAdapter.connection_prepareStatement(FilterAdapter.java:930)
	at com.alibaba.druid.filter.FilterEventAdapter.connection_prepareStatement(FilterEventAdapter.java:122)
	at com.alibaba.druid.filter.FilterChainImpl.connection_prepareStatement(FilterChainImpl.java:568)
	at com.alibaba.druid.filter.FilterAdapter.connection_prepareStatement(FilterAdapter.java:930)
	at com.alibaba.druid.filter.FilterChainImpl.connection_prepareStatement(FilterChainImpl.java:568)
	at com.alibaba.druid.proxy.jdbc.ConnectionProxyImpl.prepareStatement(ConnectionProxyImpl.java:341)
	at com.alibaba.druid.pool.DruidPooledConnection.prepareStatement(DruidPooledConnection.java:349)
	at org.apache.ibatis.executor.statement.PreparedStatementHandler.instantiateStatement(PreparedStatementHandler.java:86)
	at org.apache.ibatis.executor.statement.BaseStatementHandler.prepare(BaseStatementHandler.java:88)
	at org.apache.ibatis.executor.statement.RoutingStatementHandler.prepare(RoutingStatementHandler.java:59)
	at sun.reflect.NativeMethodAccessorImpl.invoke0(Native Method)
	at sun.reflect.NativeMethodAccessorImpl.invoke(NativeMethodAccessorImpl.java:62)
	at sun.reflect.DelegatingMethodAccessorImpl.invoke(DelegatingMethodAccessorImpl.java:43)
	at java.lang.reflect.Method.invoke(Method.java:498)
	at org.apache.ibatis.plugin.Invocation.proceed(Invocation.java:49)
	at com.baomidou.mybatisplus.extension.plugins.PaginationInterceptor.intercept(PaginationInterceptor.java:156)
	at org.apache.ibatis.plugin.Plugin.invoke(Plugin.java:61)
	at com.sun.proxy.$Proxy211.prepare(Unknown Source)
	at sun.reflect.NativeMethodAccessorImpl.invoke0(Native Method)
	at sun.reflect.NativeMethodAccessorImpl.invoke(NativeMethodAccessorImpl.java:62)
	at sun.reflect.DelegatingMethodAccessorImpl.invoke(DelegatingMethodAccessorImpl.java:43)
	at java.lang.reflect.Method.invoke(Method.java:498)
	at org.apache.ibatis.plugin.Plugin.invoke(Plugin.java:63)
	at com.sun.proxy.$Proxy211.prepare(Unknown Source)
	at org.apache.ibatis.executor.SimpleExecutor.prepareStatement(SimpleExecutor.java:86)
	at org.apache.ibatis.executor.SimpleExecutor.doQuery(SimpleExecutor.java:62)
	at org.apache.ibatis.executor.BaseExecutor.queryFromDatabase(BaseExecutor.java:324)
	at org.apache.ibatis.executor.BaseExecutor.query(BaseExecutor.java:156)
	at org.apache.ibatis.executor.BaseExecutor.query(BaseExecutor.java:136)
	at org.apache.ibatis.session.defaults.DefaultSqlSession.selectList(DefaultSqlSession.java:148)
	at org.apache.ibatis.session.defaults.DefaultSqlSession.selectList(DefaultSqlSession.java:141)
	at sun.reflect.NativeMethodAccessorImpl.invoke0(Native Method)
	at sun.reflect.NativeMethodAccessorImpl.invoke(NativeMethodAccessorImpl.java:62)
	at sun.reflect.DelegatingMethodAccessorImpl.invoke(DelegatingMethodAccessorImpl.java:43)
	at java.lang.reflect.Method.invoke(Method.java:498)
	at org.mybatis.spring.SqlSessionTemplate$SqlSessionInterceptor.invoke(SqlSessionTemplate.java:433)
	... 81 more
Caused by: com.alibaba.druid.sql.parser.ParserException: syntax error, error in :'RDER BY r.TENANT_ID', expect BY, actual BY pos 238, line 1, column 236, token BY
	at com.alibaba.druid.sql.parser.SQLParser.printError(SQLParser.java:287)
	at com.alibaba.druid.sql.parser.SQLStatementParser.parseStatementList(SQLStatementParser.java:532)
	at com.alibaba.druid.sql.parser.SQLStatementParser.parseStatementList(SQLStatementParser.java:182)
	at com.alibaba.druid.wall.WallProvider.checkInternal(WallProvider.java:624)
	at com.alibaba.druid.wall.WallProvider.check(WallProvider.java:578)
	at com.alibaba.druid.wall.WallFilter.checkInternal(WallFilter.java:793)
	... 119 more
[yimupay-user-service][${env:SERVER_PORT}] 2023-01-24 16:22:01,402 ERROR [ThreadPoolTaskScheduler-1][TaskUtils.java:96] - Unexpected error occurred in scheduled task.
java.lang.IllegalStateException: org.springframework.boot.web.servlet.context.AnnotationConfigServletWebServerApplicationContext@4e28bdd1 has been closed already
	at org.springframework.context.support.AbstractApplicationContext.assertBeanFactoryActive(AbstractApplicationContext.java:1089)
	at org.springframework.context.support.AbstractApplicationContext.getBean(AbstractApplicationContext.java:1104)
	at org.springframework.context.event.ApplicationListenerMethodAdapter.getTargetBean(ApplicationListenerMethodAdapter.java:286)
	at org.springframework.context.event.ApplicationListenerMethodAdapter.doInvoke(ApplicationListenerMethodAdapter.java:256)
	at org.springframework.context.event.ApplicationListenerMethodAdapter.processEvent(ApplicationListenerMethodAdapter.java:179)
	at org.springframework.context.event.ApplicationListenerMethodAdapter.onApplicationEvent(ApplicationListenerMethodAdapter.java:142)
	at org.springframework.context.event.SimpleApplicationEventMulticaster.doInvokeListener(SimpleApplicationEventMulticaster.java:172)
	at org.springframework.context.event.SimpleApplicationEventMulticaster.invokeListener(SimpleApplicationEventMulticaster.java:165)
	at org.springframework.context.event.SimpleApplicationEventMulticaster.multicastEvent(SimpleApplicationEventMulticaster.java:139)
	at org.springframework.context.support.AbstractApplicationContext.publishEvent(AbstractApplicationContext.java:402)
	at org.springframework.context.support.AbstractApplicationContext.publishEvent(AbstractApplicationContext.java:359)
	at com.alibaba.cloud.nacos.discovery.NacosWatch.nacosServicesWatch(NacosWatch.java:120)
	at org.springframework.scheduling.support.DelegatingErrorHandlingRunnable.run(DelegatingErrorHandlingRunnable.java:54)
	at java.util.concurrent.Executors$RunnableAdapter.call(Executors.java:511)
	at java.util.concurrent.FutureTask.runAndReset(FutureTask.java:308)
	at java.util.concurrent.ScheduledThreadPoolExecutor$ScheduledFutureTask.access$301(ScheduledThreadPoolExecutor.java:180)
	at java.util.concurrent.ScheduledThreadPoolExecutor$ScheduledFutureTask.run(ScheduledThreadPoolExecutor.java:294)
	at java.util.concurrent.ThreadPoolExecutor.runWorker(ThreadPoolExecutor.java:1149)
	at java.util.concurrent.ThreadPoolExecutor$Worker.run(ThreadPoolExecutor.java:624)
	at java.lang.Thread.run(Thread.java:748)
