[yimupay-gateway-service][${env:SERVER_PORT}] 2023-01-23 00:38:23,635 INFO [main][PostProcessorRegistrationDelegate.java:330] - Bean 'org.springframework.cloud.autoconfigure.ConfigurationPropertiesRebinderAutoConfiguration' of type [org.springframework.cloud.autoconfigure.ConfigurationPropertiesRebinderAutoConfiguration$$EnhancerBySpringCGLIB$$ea8e2dbd] is not eligible for getting processed by all BeanPostProcessors (for example: not eligible for auto-proxying)
[yimupay-gateway-service][${env:SERVER_PORT}] 2023-01-23 00:38:24,208 INFO [main][NacosPropertySourceBuilder.java:87] - Loading nacos data, dataId: 'jwt.yaml', group: 'COMMON_GROUP'
[yimupay-gateway-service][${env:SERVER_PORT}] 2023-01-23 00:38:24,216 INFO [main][NacosPropertySourceBuilder.java:87] - Loading nacos data, dataId: 'gateway-service.yaml', group: 'YIMUPAY_GROUP'
[yimupay-gateway-service][${env:SERVER_PORT}] 2023-01-23 00:38:24,226 INFO [main][PropertySourceBootstrapConfiguration.java:98] - Located property source: CompositePropertySource {name='NACOS', propertySources=[NacosPropertySource@124494140 {name='gateway-service.yaml', properties={zuul.ignoredServices=*, feign.compression.request.min-request-size=2048, zuul.sensitiveHeaders=*, feign.compression.response.enabled=true, feign.compression.request.mime-types[1]=application/xml, zuul.routes.uaa-service.stripPrefix=false, zuul.routes.operation-application.stripPrefix=false, zuul.retryable=true, ribbon.ReadTimeout=20000, zuul.routes.operation-application.path=/operation/**, zuul.routes.merchant-application.stripPrefix=false, ribbon.MaxAutoRetriesNextServer=1, hystrix.command.default.execution.isolation.thread.timeoutInMilliseconds=93000, ribbon.MaxAutoRetries=1, zuul.routes.uaa-service.path=/uaa/**, feign.compression.request.enabled=true, ribbon.ConnectTimeout=3000, zuul.routes.merchant-application.path=/merchant/**, zuul.add-host-header=true, hystrix.command.default.execution.timeout.enabled=true, ribbon.OkToRetryOnAllOperations=false, feign.hystrix.enabled=true, feign.compression.request.mime-types[2]=application/json, ribbon.nacos.enabled=true, feign.compression.request.mime-types[0]=text/xml}}, NacosPropertySource@246826139 {name='jwt.yaml', properties={siging-key=yimu123}}]}
[yimupay-gateway-service][${env:SERVER_PORT}] 2023-01-23 00:38:24,249 INFO [main][SpringApplication.java:675] - No active profile set, falling back to default profiles: default
[yimupay-gateway-service][${env:SERVER_PORT}] 2023-01-23 00:38:24,707 WARN [main][EndpointId.java:135] - Endpoint ID 'nacos-config' contains invalid characters, please migrate to a valid format.
[yimupay-gateway-service][${env:SERVER_PORT}] 2023-01-23 00:38:24,709 WARN [main][EndpointId.java:135] - Endpoint ID 'nacos-discovery' contains invalid characters, please migrate to a valid format.
[yimupay-gateway-service][${env:SERVER_PORT}] 2023-01-23 00:38:24,841 WARN [main][EndpointId.java:135] - Endpoint ID 'service-registry' contains invalid characters, please migrate to a valid format.
[yimupay-gateway-service][${env:SERVER_PORT}] 2023-01-23 00:38:24,859 WARN [main][EndpointId.java:135] - Endpoint ID 'hystrix.stream' contains invalid characters, please migrate to a valid format.
[yimupay-gateway-service][${env:SERVER_PORT}] 2023-01-23 00:38:25,013 INFO [main][GenericScope.java:294] - BeanFactory id=f40fe2a6-d37e-3783-98bf-7e7f4ae88785
[yimupay-gateway-service][${env:SERVER_PORT}] 2023-01-23 00:38:25,153 INFO [main][PostProcessorRegistrationDelegate.java:330] - Bean 'org.springframework.cloud.autoconfigure.ConfigurationPropertiesRebinderAutoConfiguration' of type [org.springframework.cloud.autoconfigure.ConfigurationPropertiesRebinderAutoConfiguration$$EnhancerBySpringCGLIB$$ea8e2dbd] is not eligible for getting processed by all BeanPostProcessors (for example: not eligible for auto-proxying)
[yimupay-gateway-service][${env:SERVER_PORT}] 2023-01-23 00:38:25,448 INFO [main][TomcatWebServer.java:90] - Tomcat initialized with port(s): 56010 (http)
[yimupay-gateway-service][${env:SERVER_PORT}] 2023-01-23 00:38:25,458 INFO [main][DirectJDKLog.java:173] - Initializing ProtocolHandler ["http-nio-56010"]
[yimupay-gateway-service][${env:SERVER_PORT}] 2023-01-23 00:38:25,468 INFO [main][DirectJDKLog.java:173] - Starting service [Tomcat]
[yimupay-gateway-service][${env:SERVER_PORT}] 2023-01-23 00:38:25,468 INFO [main][DirectJDKLog.java:173] - Starting Servlet engine: [Apache Tomcat/9.0.16]
[yimupay-gateway-service][${env:SERVER_PORT}] 2023-01-23 00:38:25,474 INFO [main][DirectJDKLog.java:173] - The APR based Apache Tomcat Native library which allows optimal performance in production environments was not found on the java.library.path: [D:\jdk\bin;C:\Windows\Sun\Java\bin;C:\Windows\system32;C:\Windows;D:/jdk/bin/../jre/bin/server;D:/jdk/bin/../jre/bin;D:/jdk/bin/../jre/lib/amd64;D:\VMware-workstation-full-16\bin\;D:\jdk\bin;C:\Program Files (x86)\Common Files\Oracle\Java\javapath;C:\Windows\system32;C:\Windows;C:\Windows\System32\Wbem;C:\Windows\System32\WindowsPowerShell\v1.0\;C:\Windows\System32\OpenSSH\;D:\maven\apache-maven-3.6.3\bin;D:\Mysql5.6.31\mysql\bin;D:\VSCode\bin;D:\node-v10.14.2\;D:\winscp\;D:\Git\cmd;D:\projects\yimu-pay-web\shanjupay-web\node_modules\.bin;C:\Program Files (x86)\Yarn\bin\;C:\Users\PC\AppData\Local\Microsoft\WindowsApps;C:\Users\PC\AppData\Roaming\npm;C:\Users\PC\AppData\Local\Yarn\bin;D:\ecplise\eclipse;;.]
[yimupay-gateway-service][${env:SERVER_PORT}] 2023-01-23 00:38:25,568 INFO [main][DirectJDKLog.java:173] - Initializing Spring embedded WebApplicationContext
[yimupay-gateway-service][${env:SERVER_PORT}] 2023-01-23 00:38:25,569 INFO [main][ServletWebServerApplicationContext.java:296] - Root WebApplicationContext: initialization completed in 1309 ms
[yimupay-gateway-service][${env:SERVER_PORT}] 2023-01-23 00:38:25,655 WARN [main][URLConfigurationSource.java:121] - No URLs will be polled as dynamic configuration sources.
[yimupay-gateway-service][${env:SERVER_PORT}] 2023-01-23 00:38:25,656 INFO [main][URLConfigurationSource.java:122] - To enable URLs as dynamic configuration sources, define System property archaius.configurationSource.additionalUrls or make config.properties available on classpath.
[yimupay-gateway-service][${env:SERVER_PORT}] 2023-01-23 00:38:25,659 DEBUG [main][HystrixPlugins.java:386] - Created HystrixDynamicProperties. Using class : com.netflix.hystrix.strategy.properties.archaius.HystrixDynamicPropertiesArchaius
[yimupay-gateway-service][${env:SERVER_PORT}] 2023-01-23 00:38:25,665 INFO [main][DynamicPropertyFactory.java:281] - DynamicPropertyFactory is initialized with configuration sources: com.netflix.config.ConcurrentCompositeConfiguration@32f32623
[yimupay-gateway-service][${env:SERVER_PORT}] 2023-01-23 00:38:26,832 WARN [main][JwtAccessTokenConverter.java:302] - Unable to create an RSA verifier from verifierKey (ignoreable if using MAC)
[yimupay-gateway-service][${env:SERVER_PORT}] 2023-01-23 00:38:26,870 WARN [main][URLConfigurationSource.java:121] - No URLs will be polled as dynamic configuration sources.
[yimupay-gateway-service][${env:SERVER_PORT}] 2023-01-23 00:38:26,870 INFO [main][URLConfigurationSource.java:122] - To enable URLs as dynamic configuration sources, define System property archaius.configurationSource.additionalUrls or make config.properties available on classpath.
[yimupay-gateway-service][${env:SERVER_PORT}] 2023-01-23 00:38:26,883 DEBUG [main][TraversableResolvers.java:60] - Cannot find javax.persistence.Persistence on classpath. Assuming non JPA 2 environment. All properties will per default be traversable.
[yimupay-gateway-service][${env:SERVER_PORT}] 2023-01-23 00:38:26,885 DEBUG [main][ResourceBundleMessageInterpolator.java:89] - Loaded expression factory via original TCCL
[yimupay-gateway-service][${env:SERVER_PORT}] 2023-01-23 00:38:26,888 DEBUG [main][TraversableResolvers.java:60] - Cannot find javax.persistence.Persistence on classpath. Assuming non JPA 2 environment. All properties will per default be traversable.
[yimupay-gateway-service][${env:SERVER_PORT}] 2023-01-23 00:38:26,889 DEBUG [main][ConfigurationImpl.java:148] - Setting custom MessageInterpolator of type org.springframework.validation.beanvalidation.LocaleContextMessageInterpolator
[yimupay-gateway-service][${env:SERVER_PORT}] 2023-01-23 00:38:26,889 DEBUG [main][ConfigurationImpl.java:180] - Setting custom ConstraintValidatorFactory of type org.springframework.validation.beanvalidation.SpringConstraintValidatorFactory
[yimupay-gateway-service][${env:SERVER_PORT}] 2023-01-23 00:38:26,890 DEBUG [main][ConfigurationImpl.java:194] - Setting custom ParameterNameProvider of type org.springframework.validation.beanvalidation.LocalValidatorFactoryBean$1
[yimupay-gateway-service][${env:SERVER_PORT}] 2023-01-23 00:38:26,892 DEBUG [main][ValidationXmlParser.java:120] - Trying to load META-INF/validation.xml for XML based Validator configuration.
[yimupay-gateway-service][${env:SERVER_PORT}] 2023-01-23 00:38:26,892 DEBUG [main][ResourceLoaderHelper.java:53] - Trying to load META-INF/validation.xml via user class loader
[yimupay-gateway-service][${env:SERVER_PORT}] 2023-01-23 00:38:26,893 DEBUG [main][ResourceLoaderHelper.java:60] - Trying to load META-INF/validation.xml via TCCL
[yimupay-gateway-service][${env:SERVER_PORT}] 2023-01-23 00:38:26,893 DEBUG [main][ResourceLoaderHelper.java:66] - Trying to load META-INF/validation.xml via Hibernate Validator's class loader
[yimupay-gateway-service][${env:SERVER_PORT}] 2023-01-23 00:38:26,893 DEBUG [main][ValidationXmlParser.java:127] - No META-INF/validation.xml found. Using annotation based configuration only.
[yimupay-gateway-service][${env:SERVER_PORT}] 2023-01-23 00:38:26,899 DEBUG [main][ValidatorFactoryImpl.java:578] - HV000234: Using org.springframework.validation.beanvalidation.LocaleContextMessageInterpolator as ValidatorFactory-scoped message interpolator.
[yimupay-gateway-service][${env:SERVER_PORT}] 2023-01-23 00:38:26,899 DEBUG [main][ValidatorFactoryImpl.java:579] - HV000234: Using org.hibernate.validator.internal.engine.resolver.TraverseAllTraversableResolver as ValidatorFactory-scoped traversable resolver.
[yimupay-gateway-service][${env:SERVER_PORT}] 2023-01-23 00:38:26,899 DEBUG [main][ValidatorFactoryImpl.java:580] - HV000234: Using org.hibernate.validator.internal.util.ExecutableParameterNameProvider as ValidatorFactory-scoped parameter name provider.
[yimupay-gateway-service][${env:SERVER_PORT}] 2023-01-23 00:38:26,900 DEBUG [main][ValidatorFactoryImpl.java:581] - HV000234: Using org.hibernate.validator.internal.engine.DefaultClockProvider as ValidatorFactory-scoped clock provider.
[yimupay-gateway-service][${env:SERVER_PORT}] 2023-01-23 00:38:26,900 DEBUG [main][ValidatorFactoryImpl.java:582] - HV000234: Using org.hibernate.validator.internal.engine.scripting.DefaultScriptEvaluatorFactory as ValidatorFactory-scoped script evaluator factory.
[yimupay-gateway-service][${env:SERVER_PORT}] 2023-01-23 00:38:26,996 INFO [main][ExecutorConfigurationSupport.java:171] - Initializing ExecutorService 'applicationTaskExecutor'
[yimupay-gateway-service][${env:SERVER_PORT}] 2023-01-23 00:38:27,078 INFO [main][ExecutorConfigurationSupport.java:171] - Initializing ExecutorService
[yimupay-gateway-service][${env:SERVER_PORT}] 2023-01-23 00:38:27,223 INFO [main][UserDetailsServiceAutoConfiguration.java:86] - 

Using generated security password: 1960c7d3-c45f-48ca-bdba-8b8ee18d6128

[yimupay-gateway-service][${env:SERVER_PORT}] 2023-01-23 00:38:27,323 INFO [main][DefaultSecurityFilterChain.java:43] - Creating filter chain: any request, [org.springframework.security.web.context.request.async.WebAsyncManagerIntegrationFilter@58164e9a, org.springframework.security.web.context.SecurityContextPersistenceFilter@5b44318, org.springframework.security.web.header.HeaderWriterFilter@2ccc9681, org.springframework.security.web.authentication.logout.LogoutFilter@1cba0321, org.springframework.security.oauth2.provider.authentication.OAuth2AuthenticationProcessingFilter@464aeb09, org.springframework.security.web.savedrequest.RequestCacheAwareFilter@53cb0bcb, org.springframework.security.web.servletapi.SecurityContextHolderAwareRequestFilter@713999c2, org.springframework.security.web.authentication.AnonymousAuthenticationFilter@11bfffb3, org.springframework.security.web.session.SessionManagementFilter@2e45a357, org.springframework.security.web.access.ExceptionTranslationFilter@8b41ad, org.springframework.security.web.access.intercept.FilterSecurityInterceptor@6eede35e]
[yimupay-gateway-service][${env:SERVER_PORT}] 2023-01-23 00:38:27,329 INFO [main][DefaultSecurityFilterChain.java:43] - Creating filter chain: any request, [org.springframework.security.web.context.request.async.WebAsyncManagerIntegrationFilter@474e34e4, org.springframework.security.web.context.SecurityContextPersistenceFilter@33f4c769, org.springframework.security.web.header.HeaderWriterFilter@f03ee8f, org.springframework.security.web.authentication.logout.LogoutFilter@7404ddca, org.springframework.security.web.savedrequest.RequestCacheAwareFilter@4ebd6fd6, org.springframework.security.web.servletapi.SecurityContextHolderAwareRequestFilter@5e5a8718, org.springframework.security.web.authentication.AnonymousAuthenticationFilter@7e2c6702, org.springframework.security.web.session.SessionManagementFilter@40dd552c, org.springframework.security.web.access.ExceptionTranslationFilter@4f26425b, org.springframework.security.web.access.intercept.FilterSecurityInterceptor@609b041c]
[yimupay-gateway-service][${env:SERVER_PORT}] 2023-01-23 00:38:27,375 INFO [main][EndpointLinksResolver.java:59] - Exposing 2 endpoint(s) beneath base path '/actuator'
[yimupay-gateway-service][${env:SERVER_PORT}] 2023-01-23 00:38:27,902 INFO [main][ZuulFilterInitializer.java:65] - Starting filter initializer
[yimupay-gateway-service][${env:SERVER_PORT}] 2023-01-23 00:38:28,028 INFO [main][DirectJDKLog.java:173] - Starting ProtocolHandler ["http-nio-56010"]
[yimupay-gateway-service][${env:SERVER_PORT}] 2023-01-23 00:38:28,044 INFO [main][TomcatWebServer.java:204] - Tomcat started on port(s): 56010 (http) with context path ''
[yimupay-gateway-service][${env:SERVER_PORT}] 2023-01-23 00:38:28,102 INFO [main][NacosServiceRegistry.java:62] - nacos registry, gateway-service 192.168.76.1:56010 register finished
[yimupay-gateway-service][${env:SERVER_PORT}] 2023-01-23 00:38:28,108 INFO [main][StartupInfoLogger.java:59] - Started GatewayBootstrap in 5.336 seconds (JVM running for 6.328)
