[商户平台应用][${env:SERVER_PORT}] 2023-02-04 23:00:42,940 ERROR [dubbo-client-idleCheck-thread-1][ReconnectTimerTask.java:51] -  [DUBBO] Fail to connect to HeaderExchangeClient [channel=org.apache.dubbo.remoting.transport.netty4.NettyClient [192.168.76.1:0 -> /192.168.76.1:20893]], dubbo version: 2.7.3, current host: 192.168.76.1
org.apache.dubbo.remoting.RemotingException: client(url: dubbo://192.168.76.1:20893/com.me.yimu.pay.transaction.api.PayChannelService?anyhost=true&application=merchant-application&bean.name=ServiceBean:com.me.yimu.pay.transaction.api.PayChannelService&category=providers&check=false&codec=dubbo&deprecated=false&dubbo=2.0.2&dynamic=true&generic=false&heartbeat=60000&interface=com.me.yimu.pay.transaction.api.PayChannelService&lazy=false&methods=queryPayChannelParamByAppAndPlatform,queryParamByAppPlatformAndPayChannel,queryPlatformChannel,bindPlatformChannelForApp,queryAppBindPlatformChannel,queryPayChannelByPlatformChannel,savePayChannelParam&path=com.me.yimu.pay.transaction.api.PayChannelService&pid=23160&protocol=dubbo&qos.enable=false&qos.port=22310&register=true&register.ip=192.168.76.1&release=2.7.3&remote.application=transaction-service&retries=-1&side=consumer&sticky=false&timeout=90000&timestamp=1675521609745) failed to connect to server /192.168.76.1:20893, error message is:Connection refused: no further information: /192.168.76.1:20893
	at org.apache.dubbo.remoting.transport.netty4.NettyClient.doConnect(NettyClient.java:166)
	at org.apache.dubbo.remoting.transport.AbstractClient.connect(AbstractClient.java:190)
	at org.apache.dubbo.remoting.transport.AbstractClient.reconnect(AbstractClient.java:246)
	at org.apache.dubbo.remoting.exchange.support.header.HeaderExchangeClient.reconnect(HeaderExchangeClient.java:155)
	at org.apache.dubbo.remoting.exchange.support.header.ReconnectTimerTask.doTask(ReconnectTimerTask.java:49)
	at org.apache.dubbo.remoting.exchange.support.header.AbstractTimerTask.run(AbstractTimerTask.java:87)
	at org.apache.dubbo.common.timer.HashedWheelTimer$HashedWheelTimeout.expire(HashedWheelTimer.java:648)
	at org.apache.dubbo.common.timer.HashedWheelTimer$HashedWheelBucket.expireTimeouts(HashedWheelTimer.java:727)
	at org.apache.dubbo.common.timer.HashedWheelTimer$Worker.run(HashedWheelTimer.java:449)
	at java.lang.Thread.run(Thread.java:748)
Caused by: io.netty.channel.AbstractChannel$AnnotatedConnectException: Connection refused: no further information: /192.168.76.1:20893
	at sun.nio.ch.SocketChannelImpl.checkConnect(Native Method)
	at sun.nio.ch.SocketChannelImpl.finishConnect(SocketChannelImpl.java:715)
	at io.netty.channel.socket.nio.NioSocketChannel.doFinishConnect(NioSocketChannel.java:327)
	at io.netty.channel.nio.AbstractNioChannel$AbstractNioUnsafe.finishConnect(AbstractNioChannel.java:340)
	at io.netty.channel.nio.NioEventLoop.processSelectedKey(NioEventLoop.java:665)
	at io.netty.channel.nio.NioEventLoop.processSelectedKeysOptimized(NioEventLoop.java:612)
	at io.netty.channel.nio.NioEventLoop.processSelectedKeys(NioEventLoop.java:529)
	at io.netty.channel.nio.NioEventLoop.run(NioEventLoop.java:491)
	at io.netty.util.concurrent.SingleThreadEventExecutor$5.run(SingleThreadEventExecutor.java:905)
	at io.netty.util.concurrent.FastThreadLocalRunnable.run(FastThreadLocalRunnable.java:30)
	... 1 more
Caused by: java.net.ConnectException: Connection refused: no further information
	... 11 more
[商户平台应用][${env:SERVER_PORT}] 2023-02-04 23:01:45,944 ERROR [dubbo-client-idleCheck-thread-1][ReconnectTimerTask.java:51] -  [DUBBO] Fail to connect to HeaderExchangeClient [channel=org.apache.dubbo.remoting.transport.netty4.NettyClient [192.168.76.1:0 -> /192.168.76.1:20893]], dubbo version: 2.7.3, current host: 192.168.76.1
org.apache.dubbo.remoting.RemotingException: client(url: dubbo://192.168.76.1:20893/com.me.yimu.pay.transaction.api.PayChannelService?anyhost=true&application=merchant-application&bean.name=ServiceBean:com.me.yimu.pay.transaction.api.PayChannelService&category=providers&check=false&codec=dubbo&deprecated=false&dubbo=2.0.2&dynamic=true&generic=false&heartbeat=60000&interface=com.me.yimu.pay.transaction.api.PayChannelService&lazy=false&methods=queryPayChannelParamByAppAndPlatform,queryParamByAppPlatformAndPayChannel,queryPlatformChannel,bindPlatformChannelForApp,queryAppBindPlatformChannel,queryPayChannelByPlatformChannel,savePayChannelParam&path=com.me.yimu.pay.transaction.api.PayChannelService&pid=23160&protocol=dubbo&qos.enable=false&qos.port=22310&register=true&register.ip=192.168.76.1&release=2.7.3&remote.application=transaction-service&retries=-1&side=consumer&sticky=false&timeout=90000&timestamp=1675521609745) failed to connect to server /192.168.76.1:20893, error message is:Connection refused: no further information: /192.168.76.1:20893
	at org.apache.dubbo.remoting.transport.netty4.NettyClient.doConnect(NettyClient.java:166)
	at org.apache.dubbo.remoting.transport.AbstractClient.connect(AbstractClient.java:190)
	at org.apache.dubbo.remoting.transport.AbstractClient.reconnect(AbstractClient.java:246)
	at org.apache.dubbo.remoting.exchange.support.header.HeaderExchangeClient.reconnect(HeaderExchangeClient.java:155)
	at org.apache.dubbo.remoting.exchange.support.header.ReconnectTimerTask.doTask(ReconnectTimerTask.java:49)
	at org.apache.dubbo.remoting.exchange.support.header.AbstractTimerTask.run(AbstractTimerTask.java:87)
	at org.apache.dubbo.common.timer.HashedWheelTimer$HashedWheelTimeout.expire(HashedWheelTimer.java:648)
	at org.apache.dubbo.common.timer.HashedWheelTimer$HashedWheelBucket.expireTimeouts(HashedWheelTimer.java:727)
	at org.apache.dubbo.common.timer.HashedWheelTimer$Worker.run(HashedWheelTimer.java:449)
	at java.lang.Thread.run(Thread.java:748)
Caused by: io.netty.channel.AbstractChannel$AnnotatedConnectException: Connection refused: no further information: /192.168.76.1:20893
	at sun.nio.ch.SocketChannelImpl.checkConnect(Native Method)
	at sun.nio.ch.SocketChannelImpl.finishConnect(SocketChannelImpl.java:715)
	at io.netty.channel.socket.nio.NioSocketChannel.doFinishConnect(NioSocketChannel.java:327)
	at io.netty.channel.nio.AbstractNioChannel$AbstractNioUnsafe.finishConnect(AbstractNioChannel.java:340)
	at io.netty.channel.nio.NioEventLoop.processSelectedKey(NioEventLoop.java:665)
	at io.netty.channel.nio.NioEventLoop.processSelectedKeysOptimized(NioEventLoop.java:612)
	at io.netty.channel.nio.NioEventLoop.processSelectedKeys(NioEventLoop.java:529)
	at io.netty.channel.nio.NioEventLoop.run(NioEventLoop.java:491)
	at io.netty.util.concurrent.SingleThreadEventExecutor$5.run(SingleThreadEventExecutor.java:905)
	at io.netty.util.concurrent.FastThreadLocalRunnable.run(FastThreadLocalRunnable.java:30)
	... 1 more
Caused by: java.net.ConnectException: Connection refused: no further information
	... 11 more
[商户平台应用][${env:SERVER_PORT}] 2023-02-04 23:02:48,926 ERROR [dubbo-client-idleCheck-thread-1][ReconnectTimerTask.java:51] -  [DUBBO] Fail to connect to HeaderExchangeClient [channel=org.apache.dubbo.remoting.transport.netty4.NettyClient [192.168.76.1:0 -> /192.168.76.1:20893]], dubbo version: 2.7.3, current host: 192.168.76.1
org.apache.dubbo.remoting.RemotingException: client(url: dubbo://192.168.76.1:20893/com.me.yimu.pay.transaction.api.PayChannelService?anyhost=true&application=merchant-application&bean.name=ServiceBean:com.me.yimu.pay.transaction.api.PayChannelService&category=providers&check=false&codec=dubbo&deprecated=false&dubbo=2.0.2&dynamic=true&generic=false&heartbeat=60000&interface=com.me.yimu.pay.transaction.api.PayChannelService&lazy=false&methods=queryPayChannelParamByAppAndPlatform,queryParamByAppPlatformAndPayChannel,queryPlatformChannel,bindPlatformChannelForApp,queryAppBindPlatformChannel,queryPayChannelByPlatformChannel,savePayChannelParam&path=com.me.yimu.pay.transaction.api.PayChannelService&pid=23160&protocol=dubbo&qos.enable=false&qos.port=22310&register=true&register.ip=192.168.76.1&release=2.7.3&remote.application=transaction-service&retries=-1&side=consumer&sticky=false&timeout=90000&timestamp=1675521609745) failed to connect to server /192.168.76.1:20893, error message is:Connection refused: no further information: /192.168.76.1:20893
	at org.apache.dubbo.remoting.transport.netty4.NettyClient.doConnect(NettyClient.java:166)
	at org.apache.dubbo.remoting.transport.AbstractClient.connect(AbstractClient.java:190)
	at org.apache.dubbo.remoting.transport.AbstractClient.reconnect(AbstractClient.java:246)
	at org.apache.dubbo.remoting.exchange.support.header.HeaderExchangeClient.reconnect(HeaderExchangeClient.java:155)
	at org.apache.dubbo.remoting.exchange.support.header.ReconnectTimerTask.doTask(ReconnectTimerTask.java:49)
	at org.apache.dubbo.remoting.exchange.support.header.AbstractTimerTask.run(AbstractTimerTask.java:87)
	at org.apache.dubbo.common.timer.HashedWheelTimer$HashedWheelTimeout.expire(HashedWheelTimer.java:648)
	at org.apache.dubbo.common.timer.HashedWheelTimer$HashedWheelBucket.expireTimeouts(HashedWheelTimer.java:727)
	at org.apache.dubbo.common.timer.HashedWheelTimer$Worker.run(HashedWheelTimer.java:449)
	at java.lang.Thread.run(Thread.java:748)
Caused by: io.netty.channel.AbstractChannel$AnnotatedConnectException: Connection refused: no further information: /192.168.76.1:20893
	at sun.nio.ch.SocketChannelImpl.checkConnect(Native Method)
	at sun.nio.ch.SocketChannelImpl.finishConnect(SocketChannelImpl.java:715)
	at io.netty.channel.socket.nio.NioSocketChannel.doFinishConnect(NioSocketChannel.java:327)
	at io.netty.channel.nio.AbstractNioChannel$AbstractNioUnsafe.finishConnect(AbstractNioChannel.java:340)
	at io.netty.channel.nio.NioEventLoop.processSelectedKey(NioEventLoop.java:665)
	at io.netty.channel.nio.NioEventLoop.processSelectedKeysOptimized(NioEventLoop.java:612)
	at io.netty.channel.nio.NioEventLoop.processSelectedKeys(NioEventLoop.java:529)
	at io.netty.channel.nio.NioEventLoop.run(NioEventLoop.java:491)
	at io.netty.util.concurrent.SingleThreadEventExecutor$5.run(SingleThreadEventExecutor.java:905)
	at io.netty.util.concurrent.FastThreadLocalRunnable.run(FastThreadLocalRunnable.java:30)
	... 1 more
Caused by: java.net.ConnectException: Connection refused: no further information
	... 11 more
[商户平台应用][${env:SERVER_PORT}] 2023-02-04 23:03:51,951 ERROR [dubbo-client-idleCheck-thread-1][ReconnectTimerTask.java:51] -  [DUBBO] Fail to connect to HeaderExchangeClient [channel=org.apache.dubbo.remoting.transport.netty4.NettyClient [192.168.76.1:0 -> /192.168.76.1:20893]], dubbo version: 2.7.3, current host: 192.168.76.1
org.apache.dubbo.remoting.RemotingException: client(url: dubbo://192.168.76.1:20893/com.me.yimu.pay.transaction.api.PayChannelService?anyhost=true&application=merchant-application&bean.name=ServiceBean:com.me.yimu.pay.transaction.api.PayChannelService&category=providers&check=false&codec=dubbo&deprecated=false&dubbo=2.0.2&dynamic=true&generic=false&heartbeat=60000&interface=com.me.yimu.pay.transaction.api.PayChannelService&lazy=false&methods=queryPayChannelParamByAppAndPlatform,queryParamByAppPlatformAndPayChannel,queryPlatformChannel,bindPlatformChannelForApp,queryAppBindPlatformChannel,queryPayChannelByPlatformChannel,savePayChannelParam&path=com.me.yimu.pay.transaction.api.PayChannelService&pid=23160&protocol=dubbo&qos.enable=false&qos.port=22310&register=true&register.ip=192.168.76.1&release=2.7.3&remote.application=transaction-service&retries=-1&side=consumer&sticky=false&timeout=90000&timestamp=1675521609745) failed to connect to server /192.168.76.1:20893, error message is:Connection refused: no further information: /192.168.76.1:20893
	at org.apache.dubbo.remoting.transport.netty4.NettyClient.doConnect(NettyClient.java:166)
	at org.apache.dubbo.remoting.transport.AbstractClient.connect(AbstractClient.java:190)
	at org.apache.dubbo.remoting.transport.AbstractClient.reconnect(AbstractClient.java:246)
	at org.apache.dubbo.remoting.exchange.support.header.HeaderExchangeClient.reconnect(HeaderExchangeClient.java:155)
	at org.apache.dubbo.remoting.exchange.support.header.ReconnectTimerTask.doTask(ReconnectTimerTask.java:49)
	at org.apache.dubbo.remoting.exchange.support.header.AbstractTimerTask.run(AbstractTimerTask.java:87)
	at org.apache.dubbo.common.timer.HashedWheelTimer$HashedWheelTimeout.expire(HashedWheelTimer.java:648)
	at org.apache.dubbo.common.timer.HashedWheelTimer$HashedWheelBucket.expireTimeouts(HashedWheelTimer.java:727)
	at org.apache.dubbo.common.timer.HashedWheelTimer$Worker.run(HashedWheelTimer.java:449)
	at java.lang.Thread.run(Thread.java:748)
Caused by: io.netty.channel.AbstractChannel$AnnotatedConnectException: Connection refused: no further information: /192.168.76.1:20893
	at sun.nio.ch.SocketChannelImpl.checkConnect(Native Method)
	at sun.nio.ch.SocketChannelImpl.finishConnect(SocketChannelImpl.java:715)
	at io.netty.channel.socket.nio.NioSocketChannel.doFinishConnect(NioSocketChannel.java:327)
	at io.netty.channel.nio.AbstractNioChannel$AbstractNioUnsafe.finishConnect(AbstractNioChannel.java:340)
	at io.netty.channel.nio.NioEventLoop.processSelectedKey(NioEventLoop.java:665)
	at io.netty.channel.nio.NioEventLoop.processSelectedKeysOptimized(NioEventLoop.java:612)
	at io.netty.channel.nio.NioEventLoop.processSelectedKeys(NioEventLoop.java:529)
	at io.netty.channel.nio.NioEventLoop.run(NioEventLoop.java:491)
	at io.netty.util.concurrent.SingleThreadEventExecutor$5.run(SingleThreadEventExecutor.java:905)
	at io.netty.util.concurrent.FastThreadLocalRunnable.run(FastThreadLocalRunnable.java:30)
	... 1 more
Caused by: java.net.ConnectException: Connection refused: no further information
	... 11 more
[商户平台应用][${env:SERVER_PORT}] 2023-02-04 23:04:54,927 ERROR [dubbo-client-idleCheck-thread-1][ReconnectTimerTask.java:51] -  [DUBBO] Fail to connect to HeaderExchangeClient [channel=org.apache.dubbo.remoting.transport.netty4.NettyClient [192.168.76.1:0 -> /192.168.76.1:20893]], dubbo version: 2.7.3, current host: 192.168.76.1
org.apache.dubbo.remoting.RemotingException: client(url: dubbo://192.168.76.1:20893/com.me.yimu.pay.transaction.api.PayChannelService?anyhost=true&application=merchant-application&bean.name=ServiceBean:com.me.yimu.pay.transaction.api.PayChannelService&category=providers&check=false&codec=dubbo&deprecated=false&dubbo=2.0.2&dynamic=true&generic=false&heartbeat=60000&interface=com.me.yimu.pay.transaction.api.PayChannelService&lazy=false&methods=queryPayChannelParamByAppAndPlatform,queryParamByAppPlatformAndPayChannel,queryPlatformChannel,bindPlatformChannelForApp,queryAppBindPlatformChannel,queryPayChannelByPlatformChannel,savePayChannelParam&path=com.me.yimu.pay.transaction.api.PayChannelService&pid=23160&protocol=dubbo&qos.enable=false&qos.port=22310&register=true&register.ip=192.168.76.1&release=2.7.3&remote.application=transaction-service&retries=-1&side=consumer&sticky=false&timeout=90000&timestamp=1675521609745) failed to connect to server /192.168.76.1:20893, error message is:Connection refused: no further information: /192.168.76.1:20893
	at org.apache.dubbo.remoting.transport.netty4.NettyClient.doConnect(NettyClient.java:166)
	at org.apache.dubbo.remoting.transport.AbstractClient.connect(AbstractClient.java:190)
	at org.apache.dubbo.remoting.transport.AbstractClient.reconnect(AbstractClient.java:246)
	at org.apache.dubbo.remoting.exchange.support.header.HeaderExchangeClient.reconnect(HeaderExchangeClient.java:155)
	at org.apache.dubbo.remoting.exchange.support.header.ReconnectTimerTask.doTask(ReconnectTimerTask.java:49)
	at org.apache.dubbo.remoting.exchange.support.header.AbstractTimerTask.run(AbstractTimerTask.java:87)
	at org.apache.dubbo.common.timer.HashedWheelTimer$HashedWheelTimeout.expire(HashedWheelTimer.java:648)
	at org.apache.dubbo.common.timer.HashedWheelTimer$HashedWheelBucket.expireTimeouts(HashedWheelTimer.java:727)
	at org.apache.dubbo.common.timer.HashedWheelTimer$Worker.run(HashedWheelTimer.java:449)
	at java.lang.Thread.run(Thread.java:748)
Caused by: io.netty.channel.AbstractChannel$AnnotatedConnectException: Connection refused: no further information: /192.168.76.1:20893
	at sun.nio.ch.SocketChannelImpl.checkConnect(Native Method)
	at sun.nio.ch.SocketChannelImpl.finishConnect(SocketChannelImpl.java:715)
	at io.netty.channel.socket.nio.NioSocketChannel.doFinishConnect(NioSocketChannel.java:327)
	at io.netty.channel.nio.AbstractNioChannel$AbstractNioUnsafe.finishConnect(AbstractNioChannel.java:340)
	at io.netty.channel.nio.NioEventLoop.processSelectedKey(NioEventLoop.java:665)
	at io.netty.channel.nio.NioEventLoop.processSelectedKeysOptimized(NioEventLoop.java:612)
	at io.netty.channel.nio.NioEventLoop.processSelectedKeys(NioEventLoop.java:529)
	at io.netty.channel.nio.NioEventLoop.run(NioEventLoop.java:491)
	at io.netty.util.concurrent.SingleThreadEventExecutor$5.run(SingleThreadEventExecutor.java:905)
	at io.netty.util.concurrent.FastThreadLocalRunnable.run(FastThreadLocalRunnable.java:30)
	... 1 more
Caused by: java.net.ConnectException: Connection refused: no further information
	... 11 more
[商户平台应用][${env:SERVER_PORT}] 2023-02-04 23:05:57,946 ERROR [dubbo-client-idleCheck-thread-1][ReconnectTimerTask.java:51] -  [DUBBO] Fail to connect to HeaderExchangeClient [channel=org.apache.dubbo.remoting.transport.netty4.NettyClient [192.168.76.1:0 -> /192.168.76.1:20893]], dubbo version: 2.7.3, current host: 192.168.76.1
org.apache.dubbo.remoting.RemotingException: client(url: dubbo://192.168.76.1:20893/com.me.yimu.pay.transaction.api.PayChannelService?anyhost=true&application=merchant-application&bean.name=ServiceBean:com.me.yimu.pay.transaction.api.PayChannelService&category=providers&check=false&codec=dubbo&deprecated=false&dubbo=2.0.2&dynamic=true&generic=false&heartbeat=60000&interface=com.me.yimu.pay.transaction.api.PayChannelService&lazy=false&methods=queryPayChannelParamByAppAndPlatform,queryParamByAppPlatformAndPayChannel,queryPlatformChannel,bindPlatformChannelForApp,queryAppBindPlatformChannel,queryPayChannelByPlatformChannel,savePayChannelParam&path=com.me.yimu.pay.transaction.api.PayChannelService&pid=23160&protocol=dubbo&qos.enable=false&qos.port=22310&register=true&register.ip=192.168.76.1&release=2.7.3&remote.application=transaction-service&retries=-1&side=consumer&sticky=false&timeout=90000&timestamp=1675521609745) failed to connect to server /192.168.76.1:20893, error message is:Connection refused: no further information: /192.168.76.1:20893
	at org.apache.dubbo.remoting.transport.netty4.NettyClient.doConnect(NettyClient.java:166)
	at org.apache.dubbo.remoting.transport.AbstractClient.connect(AbstractClient.java:190)
	at org.apache.dubbo.remoting.transport.AbstractClient.reconnect(AbstractClient.java:246)
	at org.apache.dubbo.remoting.exchange.support.header.HeaderExchangeClient.reconnect(HeaderExchangeClient.java:155)
	at org.apache.dubbo.remoting.exchange.support.header.ReconnectTimerTask.doTask(ReconnectTimerTask.java:49)
	at org.apache.dubbo.remoting.exchange.support.header.AbstractTimerTask.run(AbstractTimerTask.java:87)
	at org.apache.dubbo.common.timer.HashedWheelTimer$HashedWheelTimeout.expire(HashedWheelTimer.java:648)
	at org.apache.dubbo.common.timer.HashedWheelTimer$HashedWheelBucket.expireTimeouts(HashedWheelTimer.java:727)
	at org.apache.dubbo.common.timer.HashedWheelTimer$Worker.run(HashedWheelTimer.java:449)
	at java.lang.Thread.run(Thread.java:748)
Caused by: io.netty.channel.AbstractChannel$AnnotatedConnectException: Connection refused: no further information: /192.168.76.1:20893
	at sun.nio.ch.SocketChannelImpl.checkConnect(Native Method)
	at sun.nio.ch.SocketChannelImpl.finishConnect(SocketChannelImpl.java:715)
	at io.netty.channel.socket.nio.NioSocketChannel.doFinishConnect(NioSocketChannel.java:327)
	at io.netty.channel.nio.AbstractNioChannel$AbstractNioUnsafe.finishConnect(AbstractNioChannel.java:340)
	at io.netty.channel.nio.NioEventLoop.processSelectedKey(NioEventLoop.java:665)
	at io.netty.channel.nio.NioEventLoop.processSelectedKeysOptimized(NioEventLoop.java:612)
	at io.netty.channel.nio.NioEventLoop.processSelectedKeys(NioEventLoop.java:529)
	at io.netty.channel.nio.NioEventLoop.run(NioEventLoop.java:491)
	at io.netty.util.concurrent.SingleThreadEventExecutor$5.run(SingleThreadEventExecutor.java:905)
	at io.netty.util.concurrent.FastThreadLocalRunnable.run(FastThreadLocalRunnable.java:30)
	... 1 more
Caused by: java.net.ConnectException: Connection refused: no further information
	... 11 more
[商户平台应用][${env:SERVER_PORT}] 2023-02-04 23:06:17,306 ERROR [http-nio-57011-exec-4][GlobalExceptionHandler.java:49] - 系统异常：
org.apache.dubbo.rpc.RpcException: No provider available in [invoker :interface com.me.yimu.pay.transaction.api.PayChannelService -> spring-cloud://localhost:9090/org.apache.dubbo.registry.RegistryService?application=merchant-application&check=false&dubbo=2.0.2&interface=com.me.yimu.pay.transaction.api.PayChannelService&lazy=false&methods=queryPayChannelParamByAppAndPlatform,queryParamByAppPlatformAndPayChannel,queryPlatformChannel,bindPlatformChannelForApp,queryAppBindPlatformChannel,queryPayChannelByPlatformChannel,savePayChannelParam&pid=23160&qos.enable=false&qos.port=22310&register.ip=192.168.76.1&release=2.7.3&retries=-1&side=consumer&sticky=false&timeout=90000&timestamp=1675521562117,directory: org.apache.dubbo.registry.integration.RegistryDirectory@592a1882, invoker :interface com.me.yimu.pay.transaction.api.PayChannelService -> nacos://127.0.0.1:8848/org.apache.dubbo.registry.RegistryService?anyhost=true&application=merchant-application&bean.name=ServiceBean:com.me.yimu.pay.transaction.api.PayChannelService&category=providers&check=false&deprecated=false&dubbo=2.0.2&dynamic=true&generic=false&interface=com.me.yimu.pay.transaction.api.PayChannelService&lazy=false&methods=queryPayChannelParamByAppAndPlatform,queryParamByAppPlatformAndPayChannel,queryPlatformChannel,bindPlatformChannelForApp,queryAppBindPlatformChannel,queryPayChannelByPlatformChannel,savePayChannelParam&path=com.me.yimu.pay.transaction.api.PayChannelService&pid=23160&protocol=dubbo&qos.enable=false&qos.port=22310&register=true&register.ip=192.168.76.1&release=2.7.3&remote.application=transaction-service&retries=-1&side=consumer&sticky=false&timeout=90000&timestamp=1675521562117,directory: org.apache.dubbo.registry.integration.RegistryDirectory@39a7eca5]
	at org.apache.dubbo.rpc.cluster.support.RegistryAwareClusterInvoker.doInvoke(RegistryAwareClusterInvoker.java:59)
	at org.apache.dubbo.rpc.cluster.support.AbstractClusterInvoker.invoke(AbstractClusterInvoker.java:248)
	at org.apache.dubbo.rpc.cluster.support.wrapper.MockClusterInvoker.invoke(MockClusterInvoker.java:78)
	at org.apache.dubbo.rpc.proxy.InvokerInvocationHandler.invoke(InvokerInvocationHandler.java:55)
	at org.apache.dubbo.common.bytecode.proxy2.queryAppBindPlatformChannel(proxy2.java)
	at sun.reflect.GeneratedMethodAccessor209.invoke(Unknown Source)
	at sun.reflect.DelegatingMethodAccessorImpl.invoke(DelegatingMethodAccessorImpl.java:43)
	at java.lang.reflect.Method.invoke(Method.java:498)
	at org.apache.dubbo.config.spring.beans.factory.annotation.ReferenceAnnotationBeanPostProcessor$ReferenceBeanInvocationHandler.invoke(ReferenceAnnotationBeanPostProcessor.java:260)
	at com.sun.proxy.$Proxy146.queryAppBindPlatformChannel(Unknown Source)
	at com.me.yimu.pay.merchant.controller.AppController.queryAppBindPlatformChannel(AppController.java:87)
	at sun.reflect.GeneratedMethodAccessor208.invoke(Unknown Source)
	at sun.reflect.DelegatingMethodAccessorImpl.invoke(DelegatingMethodAccessorImpl.java:43)
	at java.lang.reflect.Method.invoke(Method.java:498)
	at org.springframework.web.method.support.InvocableHandlerMethod.doInvoke(InvocableHandlerMethod.java:189)
	at org.springframework.web.method.support.InvocableHandlerMethod.invokeForRequest(InvocableHandlerMethod.java:138)
	at org.springframework.web.servlet.mvc.method.annotation.ServletInvocableHandlerMethod.invokeAndHandle(ServletInvocableHandlerMethod.java:102)
	at org.springframework.web.servlet.mvc.method.annotation.RequestMappingHandlerAdapter.invokeHandlerMethod(RequestMappingHandlerAdapter.java:895)
	at org.springframework.web.servlet.mvc.method.annotation.RequestMappingHandlerAdapter.handleInternal(RequestMappingHandlerAdapter.java:800)
	at org.springframework.web.servlet.mvc.method.AbstractHandlerMethodAdapter.handle(AbstractHandlerMethodAdapter.java:87)
	at org.springframework.web.servlet.DispatcherServlet.doDispatch(DispatcherServlet.java:1038)
	at org.springframework.web.servlet.DispatcherServlet.doService(DispatcherServlet.java:942)
	at org.springframework.web.servlet.FrameworkServlet.processRequest(FrameworkServlet.java:1005)
	at org.springframework.web.servlet.FrameworkServlet.doGet(FrameworkServlet.java:897)
	at javax.servlet.http.HttpServlet.service(HttpServlet.java:634)
	at org.springframework.web.servlet.FrameworkServlet.service(FrameworkServlet.java:882)
	at javax.servlet.http.HttpServlet.service(HttpServlet.java:741)
	at org.apache.catalina.core.ApplicationFilterChain.internalDoFilter(ApplicationFilterChain.java:231)
	at org.apache.catalina.core.ApplicationFilterChain.doFilter(ApplicationFilterChain.java:166)
	at org.apache.tomcat.websocket.server.WsFilter.doFilter(WsFilter.java:53)
	at org.apache.catalina.core.ApplicationFilterChain.internalDoFilter(ApplicationFilterChain.java:193)
	at org.apache.catalina.core.ApplicationFilterChain.doFilter(ApplicationFilterChain.java:166)
	at org.springframework.boot.actuate.web.trace.servlet.HttpTraceFilter.doFilterInternal(HttpTraceFilter.java:90)
	at org.springframework.web.filter.OncePerRequestFilter.doFilter(OncePerRequestFilter.java:107)
	at org.apache.catalina.core.ApplicationFilterChain.internalDoFilter(ApplicationFilterChain.java:193)
	at org.apache.catalina.core.ApplicationFilterChain.doFilter(ApplicationFilterChain.java:166)
	at org.springframework.web.filter.RequestContextFilter.doFilterInternal(RequestContextFilter.java:99)
	at org.springframework.web.filter.OncePerRequestFilter.doFilter(OncePerRequestFilter.java:107)
	at org.apache.catalina.core.ApplicationFilterChain.internalDoFilter(ApplicationFilterChain.java:193)
	at org.apache.catalina.core.ApplicationFilterChain.doFilter(ApplicationFilterChain.java:166)
	at org.springframework.web.filter.FormContentFilter.doFilterInternal(FormContentFilter.java:92)
	at org.springframework.web.filter.OncePerRequestFilter.doFilter(OncePerRequestFilter.java:107)
	at org.apache.catalina.core.ApplicationFilterChain.internalDoFilter(ApplicationFilterChain.java:193)
	at org.apache.catalina.core.ApplicationFilterChain.doFilter(ApplicationFilterChain.java:166)
	at org.springframework.web.filter.HiddenHttpMethodFilter.doFilterInternal(HiddenHttpMethodFilter.java:93)
	at org.springframework.web.filter.OncePerRequestFilter.doFilter(OncePerRequestFilter.java:107)
	at org.apache.catalina.core.ApplicationFilterChain.internalDoFilter(ApplicationFilterChain.java:193)
	at org.apache.catalina.core.ApplicationFilterChain.doFilter(ApplicationFilterChain.java:166)
	at org.springframework.boot.actuate.metrics.web.servlet.WebMvcMetricsFilter.filterAndRecordMetrics(WebMvcMetricsFilter.java:117)
	at org.springframework.boot.actuate.metrics.web.servlet.WebMvcMetricsFilter.doFilterInternal(WebMvcMetricsFilter.java:106)
	at org.springframework.web.filter.OncePerRequestFilter.doFilter(OncePerRequestFilter.java:107)
	at org.apache.catalina.core.ApplicationFilterChain.internalDoFilter(ApplicationFilterChain.java:193)
	at org.apache.catalina.core.ApplicationFilterChain.doFilter(ApplicationFilterChain.java:166)
	at org.springframework.web.filter.CharacterEncodingFilter.doFilterInternal(CharacterEncodingFilter.java:200)
	at org.springframework.web.filter.OncePerRequestFilter.doFilter(OncePerRequestFilter.java:107)
	at org.apache.catalina.core.ApplicationFilterChain.internalDoFilter(ApplicationFilterChain.java:193)
	at org.apache.catalina.core.ApplicationFilterChain.doFilter(ApplicationFilterChain.java:166)
	at org.apache.catalina.core.StandardWrapperValve.invoke(StandardWrapperValve.java:200)
	at org.apache.catalina.core.StandardContextValve.invoke(StandardContextValve.java:96)
	at org.apache.catalina.authenticator.AuthenticatorBase.invoke(AuthenticatorBase.java:490)
	at org.apache.catalina.core.StandardHostValve.invoke(StandardHostValve.java:139)
	at org.apache.catalina.valves.ErrorReportValve.invoke(ErrorReportValve.java:92)
	at org.apache.catalina.core.StandardEngineValve.invoke(StandardEngineValve.java:74)
	at org.apache.catalina.valves.RemoteIpValve.invoke(RemoteIpValve.java:679)
	at org.apache.catalina.connector.CoyoteAdapter.service(CoyoteAdapter.java:343)
	at org.apache.coyote.http11.Http11Processor.service(Http11Processor.java:408)
	at org.apache.coyote.AbstractProcessorLight.process(AbstractProcessorLight.java:66)
	at org.apache.coyote.AbstractProtocol$ConnectionHandler.process(AbstractProtocol.java:834)
	at org.apache.tomcat.util.net.NioEndpoint$SocketProcessor.doRun(NioEndpoint.java:1415)
	at org.apache.tomcat.util.net.SocketProcessorBase.run(SocketProcessorBase.java:49)
	at java.util.concurrent.ThreadPoolExecutor.runWorker(ThreadPoolExecutor.java:1149)
	at java.util.concurrent.ThreadPoolExecutor$Worker.run(ThreadPoolExecutor.java:624)
	at org.apache.tomcat.util.threads.TaskThread$WrappingRunnable.run(TaskThread.java:61)
	at java.lang.Thread.run(Thread.java:748)
[商户平台应用][${env:SERVER_PORT}] 2023-02-04 23:06:18,325 ERROR [http-nio-57011-exec-5][GlobalExceptionHandler.java:49] - 系统异常：
org.apache.dubbo.rpc.RpcException: No provider available in [invoker :interface com.me.yimu.pay.transaction.api.PayChannelService -> spring-cloud://localhost:9090/org.apache.dubbo.registry.RegistryService?application=merchant-application&check=false&dubbo=2.0.2&interface=com.me.yimu.pay.transaction.api.PayChannelService&lazy=false&methods=queryPayChannelParamByAppAndPlatform,queryParamByAppPlatformAndPayChannel,queryPlatformChannel,bindPlatformChannelForApp,queryAppBindPlatformChannel,queryPayChannelByPlatformChannel,savePayChannelParam&pid=23160&qos.enable=false&qos.port=22310&register.ip=192.168.76.1&release=2.7.3&retries=-1&side=consumer&sticky=false&timeout=90000&timestamp=1675521562117,directory: org.apache.dubbo.registry.integration.RegistryDirectory@592a1882, invoker :interface com.me.yimu.pay.transaction.api.PayChannelService -> nacos://127.0.0.1:8848/org.apache.dubbo.registry.RegistryService?anyhost=true&application=merchant-application&bean.name=ServiceBean:com.me.yimu.pay.transaction.api.PayChannelService&category=providers&check=false&deprecated=false&dubbo=2.0.2&dynamic=true&generic=false&interface=com.me.yimu.pay.transaction.api.PayChannelService&lazy=false&methods=queryPayChannelParamByAppAndPlatform,queryParamByAppPlatformAndPayChannel,queryPlatformChannel,bindPlatformChannelForApp,queryAppBindPlatformChannel,queryPayChannelByPlatformChannel,savePayChannelParam&path=com.me.yimu.pay.transaction.api.PayChannelService&pid=23160&protocol=dubbo&qos.enable=false&qos.port=22310&register=true&register.ip=192.168.76.1&release=2.7.3&remote.application=transaction-service&retries=-1&side=consumer&sticky=false&timeout=90000&timestamp=1675521562117,directory: org.apache.dubbo.registry.integration.RegistryDirectory@39a7eca5]
	at org.apache.dubbo.rpc.cluster.support.RegistryAwareClusterInvoker.doInvoke(RegistryAwareClusterInvoker.java:59)
	at org.apache.dubbo.rpc.cluster.support.AbstractClusterInvoker.invoke(AbstractClusterInvoker.java:248)
	at org.apache.dubbo.rpc.cluster.support.wrapper.MockClusterInvoker.invoke(MockClusterInvoker.java:78)
	at org.apache.dubbo.rpc.proxy.InvokerInvocationHandler.invoke(InvokerInvocationHandler.java:55)
	at org.apache.dubbo.common.bytecode.proxy2.queryPayChannelByPlatformChannel(proxy2.java)
	at sun.reflect.NativeMethodAccessorImpl.invoke0(Native Method)
	at sun.reflect.NativeMethodAccessorImpl.invoke(NativeMethodAccessorImpl.java:62)
	at sun.reflect.DelegatingMethodAccessorImpl.invoke(DelegatingMethodAccessorImpl.java:43)
	at java.lang.reflect.Method.invoke(Method.java:498)
	at org.apache.dubbo.config.spring.beans.factory.annotation.ReferenceAnnotationBeanPostProcessor$ReferenceBeanInvocationHandler.invoke(ReferenceAnnotationBeanPostProcessor.java:260)
	at com.sun.proxy.$Proxy146.queryPayChannelByPlatformChannel(Unknown Source)
	at com.me.yimu.pay.merchant.controller.PlatformParamController.queryPayChannelByPlatformChannel(PlatformParamController.java:64)
	at sun.reflect.NativeMethodAccessorImpl.invoke0(Native Method)
	at sun.reflect.NativeMethodAccessorImpl.invoke(NativeMethodAccessorImpl.java:62)
	at sun.reflect.DelegatingMethodAccessorImpl.invoke(DelegatingMethodAccessorImpl.java:43)
	at java.lang.reflect.Method.invoke(Method.java:498)
	at org.springframework.web.method.support.InvocableHandlerMethod.doInvoke(InvocableHandlerMethod.java:189)
	at org.springframework.web.method.support.InvocableHandlerMethod.invokeForRequest(InvocableHandlerMethod.java:138)
	at org.springframework.web.servlet.mvc.method.annotation.ServletInvocableHandlerMethod.invokeAndHandle(ServletInvocableHandlerMethod.java:102)
	at org.springframework.web.servlet.mvc.method.annotation.RequestMappingHandlerAdapter.invokeHandlerMethod(RequestMappingHandlerAdapter.java:895)
	at org.springframework.web.servlet.mvc.method.annotation.RequestMappingHandlerAdapter.handleInternal(RequestMappingHandlerAdapter.java:800)
	at org.springframework.web.servlet.mvc.method.AbstractHandlerMethodAdapter.handle(AbstractHandlerMethodAdapter.java:87)
	at org.springframework.web.servlet.DispatcherServlet.doDispatch(DispatcherServlet.java:1038)
	at org.springframework.web.servlet.DispatcherServlet.doService(DispatcherServlet.java:942)
	at org.springframework.web.servlet.FrameworkServlet.processRequest(FrameworkServlet.java:1005)
	at org.springframework.web.servlet.FrameworkServlet.doGet(FrameworkServlet.java:897)
	at javax.servlet.http.HttpServlet.service(HttpServlet.java:634)
	at org.springframework.web.servlet.FrameworkServlet.service(FrameworkServlet.java:882)
	at javax.servlet.http.HttpServlet.service(HttpServlet.java:741)
	at org.apache.catalina.core.ApplicationFilterChain.internalDoFilter(ApplicationFilterChain.java:231)
	at org.apache.catalina.core.ApplicationFilterChain.doFilter(ApplicationFilterChain.java:166)
	at org.apache.tomcat.websocket.server.WsFilter.doFilter(WsFilter.java:53)
	at org.apache.catalina.core.ApplicationFilterChain.internalDoFilter(ApplicationFilterChain.java:193)
	at org.apache.catalina.core.ApplicationFilterChain.doFilter(ApplicationFilterChain.java:166)
	at org.springframework.boot.actuate.web.trace.servlet.HttpTraceFilter.doFilterInternal(HttpTraceFilter.java:90)
	at org.springframework.web.filter.OncePerRequestFilter.doFilter(OncePerRequestFilter.java:107)
	at org.apache.catalina.core.ApplicationFilterChain.internalDoFilter(ApplicationFilterChain.java:193)
	at org.apache.catalina.core.ApplicationFilterChain.doFilter(ApplicationFilterChain.java:166)
	at org.springframework.web.filter.RequestContextFilter.doFilterInternal(RequestContextFilter.java:99)
	at org.springframework.web.filter.OncePerRequestFilter.doFilter(OncePerRequestFilter.java:107)
	at org.apache.catalina.core.ApplicationFilterChain.internalDoFilter(ApplicationFilterChain.java:193)
	at org.apache.catalina.core.ApplicationFilterChain.doFilter(ApplicationFilterChain.java:166)
	at org.springframework.web.filter.FormContentFilter.doFilterInternal(FormContentFilter.java:92)
	at org.springframework.web.filter.OncePerRequestFilter.doFilter(OncePerRequestFilter.java:107)
	at org.apache.catalina.core.ApplicationFilterChain.internalDoFilter(ApplicationFilterChain.java:193)
	at org.apache.catalina.core.ApplicationFilterChain.doFilter(ApplicationFilterChain.java:166)
	at org.springframework.web.filter.HiddenHttpMethodFilter.doFilterInternal(HiddenHttpMethodFilter.java:93)
	at org.springframework.web.filter.OncePerRequestFilter.doFilter(OncePerRequestFilter.java:107)
	at org.apache.catalina.core.ApplicationFilterChain.internalDoFilter(ApplicationFilterChain.java:193)
	at org.apache.catalina.core.ApplicationFilterChain.doFilter(ApplicationFilterChain.java:166)
	at org.springframework.boot.actuate.metrics.web.servlet.WebMvcMetricsFilter.filterAndRecordMetrics(WebMvcMetricsFilter.java:117)
	at org.springframework.boot.actuate.metrics.web.servlet.WebMvcMetricsFilter.doFilterInternal(WebMvcMetricsFilter.java:106)
	at org.springframework.web.filter.OncePerRequestFilter.doFilter(OncePerRequestFilter.java:107)
	at org.apache.catalina.core.ApplicationFilterChain.internalDoFilter(ApplicationFilterChain.java:193)
	at org.apache.catalina.core.ApplicationFilterChain.doFilter(ApplicationFilterChain.java:166)
	at org.springframework.web.filter.CharacterEncodingFilter.doFilterInternal(CharacterEncodingFilter.java:200)
	at org.springframework.web.filter.OncePerRequestFilter.doFilter(OncePerRequestFilter.java:107)
	at org.apache.catalina.core.ApplicationFilterChain.internalDoFilter(ApplicationFilterChain.java:193)
	at org.apache.catalina.core.ApplicationFilterChain.doFilter(ApplicationFilterChain.java:166)
	at org.apache.catalina.core.StandardWrapperValve.invoke(StandardWrapperValve.java:200)
	at org.apache.catalina.core.StandardContextValve.invoke(StandardContextValve.java:96)
	at org.apache.catalina.authenticator.AuthenticatorBase.invoke(AuthenticatorBase.java:490)
	at org.apache.catalina.core.StandardHostValve.invoke(StandardHostValve.java:139)
	at org.apache.catalina.valves.ErrorReportValve.invoke(ErrorReportValve.java:92)
	at org.apache.catalina.core.StandardEngineValve.invoke(StandardEngineValve.java:74)
	at org.apache.catalina.valves.RemoteIpValve.invoke(RemoteIpValve.java:679)
	at org.apache.catalina.connector.CoyoteAdapter.service(CoyoteAdapter.java:343)
	at org.apache.coyote.http11.Http11Processor.service(Http11Processor.java:408)
	at org.apache.coyote.AbstractProcessorLight.process(AbstractProcessorLight.java:66)
	at org.apache.coyote.AbstractProtocol$ConnectionHandler.process(AbstractProtocol.java:834)
	at org.apache.tomcat.util.net.NioEndpoint$SocketProcessor.doRun(NioEndpoint.java:1415)
	at org.apache.tomcat.util.net.SocketProcessorBase.run(SocketProcessorBase.java:49)
	at java.util.concurrent.ThreadPoolExecutor.runWorker(ThreadPoolExecutor.java:1149)
	at java.util.concurrent.ThreadPoolExecutor$Worker.run(ThreadPoolExecutor.java:624)
	at org.apache.tomcat.util.threads.TaskThread$WrappingRunnable.run(TaskThread.java:61)
	at java.lang.Thread.run(Thread.java:748)
[商户平台应用][${env:SERVER_PORT}] 2023-02-04 23:06:25,610 ERROR [http-nio-57011-exec-8][GlobalExceptionHandler.java:49] - 系统异常：
org.apache.dubbo.rpc.RpcException: No provider available in [invoker :interface com.me.yimu.pay.transaction.api.PayChannelService -> spring-cloud://localhost:9090/org.apache.dubbo.registry.RegistryService?application=merchant-application&check=false&dubbo=2.0.2&interface=com.me.yimu.pay.transaction.api.PayChannelService&lazy=false&methods=queryPayChannelParamByAppAndPlatform,queryParamByAppPlatformAndPayChannel,queryPlatformChannel,bindPlatformChannelForApp,queryAppBindPlatformChannel,queryPayChannelByPlatformChannel,savePayChannelParam&pid=23160&qos.enable=false&qos.port=22310&register.ip=192.168.76.1&release=2.7.3&retries=-1&side=consumer&sticky=false&timeout=90000&timestamp=1675521562117,directory: org.apache.dubbo.registry.integration.RegistryDirectory@592a1882, invoker :interface com.me.yimu.pay.transaction.api.PayChannelService -> nacos://127.0.0.1:8848/org.apache.dubbo.registry.RegistryService?anyhost=true&application=merchant-application&bean.name=ServiceBean:com.me.yimu.pay.transaction.api.PayChannelService&category=providers&check=false&deprecated=false&dubbo=2.0.2&dynamic=true&generic=false&interface=com.me.yimu.pay.transaction.api.PayChannelService&lazy=false&methods=queryPayChannelParamByAppAndPlatform,queryParamByAppPlatformAndPayChannel,queryPlatformChannel,bindPlatformChannelForApp,queryAppBindPlatformChannel,queryPayChannelByPlatformChannel,savePayChannelParam&path=com.me.yimu.pay.transaction.api.PayChannelService&pid=23160&protocol=dubbo&qos.enable=false&qos.port=22310&register=true&register.ip=192.168.76.1&release=2.7.3&remote.application=transaction-service&retries=-1&side=consumer&sticky=false&timeout=90000&timestamp=1675521562117,directory: org.apache.dubbo.registry.integration.RegistryDirectory@39a7eca5]
	at org.apache.dubbo.rpc.cluster.support.RegistryAwareClusterInvoker.doInvoke(RegistryAwareClusterInvoker.java:59)
	at org.apache.dubbo.rpc.cluster.support.AbstractClusterInvoker.invoke(AbstractClusterInvoker.java:248)
	at org.apache.dubbo.rpc.cluster.support.wrapper.MockClusterInvoker.invoke(MockClusterInvoker.java:78)
	at org.apache.dubbo.rpc.proxy.InvokerInvocationHandler.invoke(InvokerInvocationHandler.java:55)
	at org.apache.dubbo.common.bytecode.proxy2.queryAppBindPlatformChannel(proxy2.java)
	at sun.reflect.GeneratedMethodAccessor209.invoke(Unknown Source)
	at sun.reflect.DelegatingMethodAccessorImpl.invoke(DelegatingMethodAccessorImpl.java:43)
	at java.lang.reflect.Method.invoke(Method.java:498)
	at org.apache.dubbo.config.spring.beans.factory.annotation.ReferenceAnnotationBeanPostProcessor$ReferenceBeanInvocationHandler.invoke(ReferenceAnnotationBeanPostProcessor.java:260)
	at com.sun.proxy.$Proxy146.queryAppBindPlatformChannel(Unknown Source)
	at com.me.yimu.pay.merchant.controller.AppController.queryAppBindPlatformChannel(AppController.java:87)
	at sun.reflect.GeneratedMethodAccessor208.invoke(Unknown Source)
	at sun.reflect.DelegatingMethodAccessorImpl.invoke(DelegatingMethodAccessorImpl.java:43)
	at java.lang.reflect.Method.invoke(Method.java:498)
	at org.springframework.web.method.support.InvocableHandlerMethod.doInvoke(InvocableHandlerMethod.java:189)
	at org.springframework.web.method.support.InvocableHandlerMethod.invokeForRequest(InvocableHandlerMethod.java:138)
	at org.springframework.web.servlet.mvc.method.annotation.ServletInvocableHandlerMethod.invokeAndHandle(ServletInvocableHandlerMethod.java:102)
	at org.springframework.web.servlet.mvc.method.annotation.RequestMappingHandlerAdapter.invokeHandlerMethod(RequestMappingHandlerAdapter.java:895)
	at org.springframework.web.servlet.mvc.method.annotation.RequestMappingHandlerAdapter.handleInternal(RequestMappingHandlerAdapter.java:800)
	at org.springframework.web.servlet.mvc.method.AbstractHandlerMethodAdapter.handle(AbstractHandlerMethodAdapter.java:87)
	at org.springframework.web.servlet.DispatcherServlet.doDispatch(DispatcherServlet.java:1038)
	at org.springframework.web.servlet.DispatcherServlet.doService(DispatcherServlet.java:942)
	at org.springframework.web.servlet.FrameworkServlet.processRequest(FrameworkServlet.java:1005)
	at org.springframework.web.servlet.FrameworkServlet.doGet(FrameworkServlet.java:897)
	at javax.servlet.http.HttpServlet.service(HttpServlet.java:634)
	at org.springframework.web.servlet.FrameworkServlet.service(FrameworkServlet.java:882)
	at javax.servlet.http.HttpServlet.service(HttpServlet.java:741)
	at org.apache.catalina.core.ApplicationFilterChain.internalDoFilter(ApplicationFilterChain.java:231)
	at org.apache.catalina.core.ApplicationFilterChain.doFilter(ApplicationFilterChain.java:166)
	at org.apache.tomcat.websocket.server.WsFilter.doFilter(WsFilter.java:53)
	at org.apache.catalina.core.ApplicationFilterChain.internalDoFilter(ApplicationFilterChain.java:193)
	at org.apache.catalina.core.ApplicationFilterChain.doFilter(ApplicationFilterChain.java:166)
	at org.springframework.boot.actuate.web.trace.servlet.HttpTraceFilter.doFilterInternal(HttpTraceFilter.java:90)
	at org.springframework.web.filter.OncePerRequestFilter.doFilter(OncePerRequestFilter.java:107)
	at org.apache.catalina.core.ApplicationFilterChain.internalDoFilter(ApplicationFilterChain.java:193)
	at org.apache.catalina.core.ApplicationFilterChain.doFilter(ApplicationFilterChain.java:166)
	at org.springframework.web.filter.RequestContextFilter.doFilterInternal(RequestContextFilter.java:99)
	at org.springframework.web.filter.OncePerRequestFilter.doFilter(OncePerRequestFilter.java:107)
	at org.apache.catalina.core.ApplicationFilterChain.internalDoFilter(ApplicationFilterChain.java:193)
	at org.apache.catalina.core.ApplicationFilterChain.doFilter(ApplicationFilterChain.java:166)
	at org.springframework.web.filter.FormContentFilter.doFilterInternal(FormContentFilter.java:92)
	at org.springframework.web.filter.OncePerRequestFilter.doFilter(OncePerRequestFilter.java:107)
	at org.apache.catalina.core.ApplicationFilterChain.internalDoFilter(ApplicationFilterChain.java:193)
	at org.apache.catalina.core.ApplicationFilterChain.doFilter(ApplicationFilterChain.java:166)
	at org.springframework.web.filter.HiddenHttpMethodFilter.doFilterInternal(HiddenHttpMethodFilter.java:93)
	at org.springframework.web.filter.OncePerRequestFilter.doFilter(OncePerRequestFilter.java:107)
	at org.apache.catalina.core.ApplicationFilterChain.internalDoFilter(ApplicationFilterChain.java:193)
	at org.apache.catalina.core.ApplicationFilterChain.doFilter(ApplicationFilterChain.java:166)
	at org.springframework.boot.actuate.metrics.web.servlet.WebMvcMetricsFilter.filterAndRecordMetrics(WebMvcMetricsFilter.java:117)
	at org.springframework.boot.actuate.metrics.web.servlet.WebMvcMetricsFilter.doFilterInternal(WebMvcMetricsFilter.java:106)
	at org.springframework.web.filter.OncePerRequestFilter.doFilter(OncePerRequestFilter.java:107)
	at org.apache.catalina.core.ApplicationFilterChain.internalDoFilter(ApplicationFilterChain.java:193)
	at org.apache.catalina.core.ApplicationFilterChain.doFilter(ApplicationFilterChain.java:166)
	at org.springframework.web.filter.CharacterEncodingFilter.doFilterInternal(CharacterEncodingFilter.java:200)
	at org.springframework.web.filter.OncePerRequestFilter.doFilter(OncePerRequestFilter.java:107)
	at org.apache.catalina.core.ApplicationFilterChain.internalDoFilter(ApplicationFilterChain.java:193)
	at org.apache.catalina.core.ApplicationFilterChain.doFilter(ApplicationFilterChain.java:166)
	at org.apache.catalina.core.StandardWrapperValve.invoke(StandardWrapperValve.java:200)
	at org.apache.catalina.core.StandardContextValve.invoke(StandardContextValve.java:96)
	at org.apache.catalina.authenticator.AuthenticatorBase.invoke(AuthenticatorBase.java:490)
	at org.apache.catalina.core.StandardHostValve.invoke(StandardHostValve.java:139)
	at org.apache.catalina.valves.ErrorReportValve.invoke(ErrorReportValve.java:92)
	at org.apache.catalina.core.StandardEngineValve.invoke(StandardEngineValve.java:74)
	at org.apache.catalina.valves.RemoteIpValve.invoke(RemoteIpValve.java:679)
	at org.apache.catalina.connector.CoyoteAdapter.service(CoyoteAdapter.java:343)
	at org.apache.coyote.http11.Http11Processor.service(Http11Processor.java:408)
	at org.apache.coyote.AbstractProcessorLight.process(AbstractProcessorLight.java:66)
	at org.apache.coyote.AbstractProtocol$ConnectionHandler.process(AbstractProtocol.java:834)
	at org.apache.tomcat.util.net.NioEndpoint$SocketProcessor.doRun(NioEndpoint.java:1415)
	at org.apache.tomcat.util.net.SocketProcessorBase.run(SocketProcessorBase.java:49)
	at java.util.concurrent.ThreadPoolExecutor.runWorker(ThreadPoolExecutor.java:1149)
	at java.util.concurrent.ThreadPoolExecutor$Worker.run(ThreadPoolExecutor.java:624)
	at org.apache.tomcat.util.threads.TaskThread$WrappingRunnable.run(TaskThread.java:61)
	at java.lang.Thread.run(Thread.java:748)
[商户平台应用][${env:SERVER_PORT}] 2023-02-04 23:06:26,973 ERROR [http-nio-57011-exec-10][GlobalExceptionHandler.java:49] - 系统异常：
org.apache.dubbo.rpc.RpcException: No provider available in [invoker :interface com.me.yimu.pay.transaction.api.PayChannelService -> spring-cloud://localhost:9090/org.apache.dubbo.registry.RegistryService?application=merchant-application&check=false&dubbo=2.0.2&interface=com.me.yimu.pay.transaction.api.PayChannelService&lazy=false&methods=queryPayChannelParamByAppAndPlatform,queryParamByAppPlatformAndPayChannel,queryPlatformChannel,bindPlatformChannelForApp,queryAppBindPlatformChannel,queryPayChannelByPlatformChannel,savePayChannelParam&pid=23160&qos.enable=false&qos.port=22310&register.ip=192.168.76.1&release=2.7.3&retries=-1&side=consumer&sticky=false&timeout=90000&timestamp=1675521562117,directory: org.apache.dubbo.registry.integration.RegistryDirectory@592a1882, invoker :interface com.me.yimu.pay.transaction.api.PayChannelService -> nacos://127.0.0.1:8848/org.apache.dubbo.registry.RegistryService?anyhost=true&application=merchant-application&bean.name=ServiceBean:com.me.yimu.pay.transaction.api.PayChannelService&category=providers&check=false&deprecated=false&dubbo=2.0.2&dynamic=true&generic=false&interface=com.me.yimu.pay.transaction.api.PayChannelService&lazy=false&methods=queryPayChannelParamByAppAndPlatform,queryParamByAppPlatformAndPayChannel,queryPlatformChannel,bindPlatformChannelForApp,queryAppBindPlatformChannel,queryPayChannelByPlatformChannel,savePayChannelParam&path=com.me.yimu.pay.transaction.api.PayChannelService&pid=23160&protocol=dubbo&qos.enable=false&qos.port=22310&register=true&register.ip=192.168.76.1&release=2.7.3&remote.application=transaction-service&retries=-1&side=consumer&sticky=false&timeout=90000&timestamp=1675521562117,directory: org.apache.dubbo.registry.integration.RegistryDirectory@39a7eca5]
	at org.apache.dubbo.rpc.cluster.support.RegistryAwareClusterInvoker.doInvoke(RegistryAwareClusterInvoker.java:59)
	at org.apache.dubbo.rpc.cluster.support.AbstractClusterInvoker.invoke(AbstractClusterInvoker.java:248)
	at org.apache.dubbo.rpc.cluster.support.wrapper.MockClusterInvoker.invoke(MockClusterInvoker.java:78)
	at org.apache.dubbo.rpc.proxy.InvokerInvocationHandler.invoke(InvokerInvocationHandler.java:55)
	at org.apache.dubbo.common.bytecode.proxy2.queryAppBindPlatformChannel(proxy2.java)
	at sun.reflect.GeneratedMethodAccessor209.invoke(Unknown Source)
	at sun.reflect.DelegatingMethodAccessorImpl.invoke(DelegatingMethodAccessorImpl.java:43)
	at java.lang.reflect.Method.invoke(Method.java:498)
	at org.apache.dubbo.config.spring.beans.factory.annotation.ReferenceAnnotationBeanPostProcessor$ReferenceBeanInvocationHandler.invoke(ReferenceAnnotationBeanPostProcessor.java:260)
	at com.sun.proxy.$Proxy146.queryAppBindPlatformChannel(Unknown Source)
	at com.me.yimu.pay.merchant.controller.AppController.queryAppBindPlatformChannel(AppController.java:87)
	at sun.reflect.GeneratedMethodAccessor208.invoke(Unknown Source)
	at sun.reflect.DelegatingMethodAccessorImpl.invoke(DelegatingMethodAccessorImpl.java:43)
	at java.lang.reflect.Method.invoke(Method.java:498)
	at org.springframework.web.method.support.InvocableHandlerMethod.doInvoke(InvocableHandlerMethod.java:189)
	at org.springframework.web.method.support.InvocableHandlerMethod.invokeForRequest(InvocableHandlerMethod.java:138)
	at org.springframework.web.servlet.mvc.method.annotation.ServletInvocableHandlerMethod.invokeAndHandle(ServletInvocableHandlerMethod.java:102)
	at org.springframework.web.servlet.mvc.method.annotation.RequestMappingHandlerAdapter.invokeHandlerMethod(RequestMappingHandlerAdapter.java:895)
	at org.springframework.web.servlet.mvc.method.annotation.RequestMappingHandlerAdapter.handleInternal(RequestMappingHandlerAdapter.java:800)
	at org.springframework.web.servlet.mvc.method.AbstractHandlerMethodAdapter.handle(AbstractHandlerMethodAdapter.java:87)
	at org.springframework.web.servlet.DispatcherServlet.doDispatch(DispatcherServlet.java:1038)
	at org.springframework.web.servlet.DispatcherServlet.doService(DispatcherServlet.java:942)
	at org.springframework.web.servlet.FrameworkServlet.processRequest(FrameworkServlet.java:1005)
	at org.springframework.web.servlet.FrameworkServlet.doGet(FrameworkServlet.java:897)
	at javax.servlet.http.HttpServlet.service(HttpServlet.java:634)
	at org.springframework.web.servlet.FrameworkServlet.service(FrameworkServlet.java:882)
	at javax.servlet.http.HttpServlet.service(HttpServlet.java:741)
	at org.apache.catalina.core.ApplicationFilterChain.internalDoFilter(ApplicationFilterChain.java:231)
	at org.apache.catalina.core.ApplicationFilterChain.doFilter(ApplicationFilterChain.java:166)
	at org.apache.tomcat.websocket.server.WsFilter.doFilter(WsFilter.java:53)
	at org.apache.catalina.core.ApplicationFilterChain.internalDoFilter(ApplicationFilterChain.java:193)
	at org.apache.catalina.core.ApplicationFilterChain.doFilter(ApplicationFilterChain.java:166)
	at org.springframework.boot.actuate.web.trace.servlet.HttpTraceFilter.doFilterInternal(HttpTraceFilter.java:90)
	at org.springframework.web.filter.OncePerRequestFilter.doFilter(OncePerRequestFilter.java:107)
	at org.apache.catalina.core.ApplicationFilterChain.internalDoFilter(ApplicationFilterChain.java:193)
	at org.apache.catalina.core.ApplicationFilterChain.doFilter(ApplicationFilterChain.java:166)
	at org.springframework.web.filter.RequestContextFilter.doFilterInternal(RequestContextFilter.java:99)
	at org.springframework.web.filter.OncePerRequestFilter.doFilter(OncePerRequestFilter.java:107)
	at org.apache.catalina.core.ApplicationFilterChain.internalDoFilter(ApplicationFilterChain.java:193)
	at org.apache.catalina.core.ApplicationFilterChain.doFilter(ApplicationFilterChain.java:166)
	at org.springframework.web.filter.FormContentFilter.doFilterInternal(FormContentFilter.java:92)
	at org.springframework.web.filter.OncePerRequestFilter.doFilter(OncePerRequestFilter.java:107)
	at org.apache.catalina.core.ApplicationFilterChain.internalDoFilter(ApplicationFilterChain.java:193)
	at org.apache.catalina.core.ApplicationFilterChain.doFilter(ApplicationFilterChain.java:166)
	at org.springframework.web.filter.HiddenHttpMethodFilter.doFilterInternal(HiddenHttpMethodFilter.java:93)
	at org.springframework.web.filter.OncePerRequestFilter.doFilter(OncePerRequestFilter.java:107)
	at org.apache.catalina.core.ApplicationFilterChain.internalDoFilter(ApplicationFilterChain.java:193)
	at org.apache.catalina.core.ApplicationFilterChain.doFilter(ApplicationFilterChain.java:166)
	at org.springframework.boot.actuate.metrics.web.servlet.WebMvcMetricsFilter.filterAndRecordMetrics(WebMvcMetricsFilter.java:117)
	at org.springframework.boot.actuate.metrics.web.servlet.WebMvcMetricsFilter.doFilterInternal(WebMvcMetricsFilter.java:106)
	at org.springframework.web.filter.OncePerRequestFilter.doFilter(OncePerRequestFilter.java:107)
	at org.apache.catalina.core.ApplicationFilterChain.internalDoFilter(ApplicationFilterChain.java:193)
	at org.apache.catalina.core.ApplicationFilterChain.doFilter(ApplicationFilterChain.java:166)
	at org.springframework.web.filter.CharacterEncodingFilter.doFilterInternal(CharacterEncodingFilter.java:200)
	at org.springframework.web.filter.OncePerRequestFilter.doFilter(OncePerRequestFilter.java:107)
	at org.apache.catalina.core.ApplicationFilterChain.internalDoFilter(ApplicationFilterChain.java:193)
	at org.apache.catalina.core.ApplicationFilterChain.doFilter(ApplicationFilterChain.java:166)
	at org.apache.catalina.core.StandardWrapperValve.invoke(StandardWrapperValve.java:200)
	at org.apache.catalina.core.StandardContextValve.invoke(StandardContextValve.java:96)
	at org.apache.catalina.authenticator.AuthenticatorBase.invoke(AuthenticatorBase.java:490)
	at org.apache.catalina.core.StandardHostValve.invoke(StandardHostValve.java:139)
	at org.apache.catalina.valves.ErrorReportValve.invoke(ErrorReportValve.java:92)
	at org.apache.catalina.core.StandardEngineValve.invoke(StandardEngineValve.java:74)
	at org.apache.catalina.valves.RemoteIpValve.invoke(RemoteIpValve.java:679)
	at org.apache.catalina.connector.CoyoteAdapter.service(CoyoteAdapter.java:343)
	at org.apache.coyote.http11.Http11Processor.service(Http11Processor.java:408)
	at org.apache.coyote.AbstractProcessorLight.process(AbstractProcessorLight.java:66)
	at org.apache.coyote.AbstractProtocol$ConnectionHandler.process(AbstractProtocol.java:834)
	at org.apache.tomcat.util.net.NioEndpoint$SocketProcessor.doRun(NioEndpoint.java:1415)
	at org.apache.tomcat.util.net.SocketProcessorBase.run(SocketProcessorBase.java:49)
	at java.util.concurrent.ThreadPoolExecutor.runWorker(ThreadPoolExecutor.java:1149)
	at java.util.concurrent.ThreadPoolExecutor$Worker.run(ThreadPoolExecutor.java:624)
	at org.apache.tomcat.util.threads.TaskThread$WrappingRunnable.run(TaskThread.java:61)
	at java.lang.Thread.run(Thread.java:748)
