[yimupay-gateway-service][${env:SERVER_PORT}] 2023-01-24 12:30:16,021 INFO [main][PostProcessorRegistrationDelegate.java:330] - Bean 'org.springframework.cloud.autoconfigure.ConfigurationPropertiesRebinderAutoConfiguration' of type [org.springframework.cloud.autoconfigure.ConfigurationPropertiesRebinderAutoConfiguration$$EnhancerBySpringCGLIB$$c4fb9a09] is not eligible for getting processed by all BeanPostProcessors (for example: not eligible for auto-proxying)
[yimupay-gateway-service][${env:SERVER_PORT}] 2023-01-24 12:30:16,622 INFO [main][NacosPropertySourceBuilder.java:87] - Loading nacos data, dataId: 'jwt.yaml', group: 'COMMON_GROUP'
[yimupay-gateway-service][${env:SERVER_PORT}] 2023-01-24 12:30:16,636 INFO [main][NacosPropertySourceBuilder.java:87] - Loading nacos data, dataId: 'gateway-service.yaml', group: 'YIMUPAY_GROUP'
[yimupay-gateway-service][${env:SERVER_PORT}] 2023-01-24 12:30:16,642 INFO [main][PropertySourceBootstrapConfiguration.java:98] - Located property source: CompositePropertySource {name='NACOS', propertySources=[NacosPropertySource@1007660652 {name='gateway-service.yaml', properties={zuul.ignoredServices=*, feign.compression.request.min-request-size=2048, zuul.sensitiveHeaders=*, feign.compression.response.enabled=true, feign.compression.request.mime-types[1]=application/xml, zuul.routes.uaa-service.stripPrefix=false, zuul.routes.operation-application.stripPrefix=false, zuul.retryable=true, ribbon.ReadTimeout=20000, zuul.routes.operation-application.path=/operation/**, zuul.routes.merchant-application.stripPrefix=false, ribbon.MaxAutoRetriesNextServer=1, hystrix.command.default.execution.isolation.thread.timeoutInMilliseconds=93000, ribbon.MaxAutoRetries=1, zuul.routes.uaa-service.path=/uaa/**, feign.compression.request.enabled=true, ribbon.ConnectTimeout=3000, zuul.routes.merchant-application.path=/merchant/**, zuul.add-host-header=true, hystrix.command.default.execution.timeout.enabled=true, ribbon.OkToRetryOnAllOperations=false, feign.hystrix.enabled=true, feign.compression.request.mime-types[2]=application/json, ribbon.nacos.enabled=true, feign.compression.request.mime-types[0]=text/xml}}, NacosPropertySource@1276544608 {name='jwt.yaml', properties={siging-key=yimu123}}]}
[yimupay-gateway-service][${env:SERVER_PORT}] 2023-01-24 12:30:16,668 INFO [main][SpringApplication.java:675] - No active profile set, falling back to default profiles: default
[yimupay-gateway-service][${env:SERVER_PORT}] 2023-01-24 12:30:17,119 WARN [main][EndpointId.java:135] - Endpoint ID 'nacos-config' contains invalid characters, please migrate to a valid format.
[yimupay-gateway-service][${env:SERVER_PORT}] 2023-01-24 12:30:17,121 WARN [main][EndpointId.java:135] - Endpoint ID 'nacos-discovery' contains invalid characters, please migrate to a valid format.
[yimupay-gateway-service][${env:SERVER_PORT}] 2023-01-24 12:30:17,284 WARN [main][EndpointId.java:135] - Endpoint ID 'service-registry' contains invalid characters, please migrate to a valid format.
[yimupay-gateway-service][${env:SERVER_PORT}] 2023-01-24 12:30:17,305 WARN [main][EndpointId.java:135] - Endpoint ID 'hystrix.stream' contains invalid characters, please migrate to a valid format.
[yimupay-gateway-service][${env:SERVER_PORT}] 2023-01-24 12:30:17,472 INFO [main][GenericScope.java:294] - BeanFactory id=f40fe2a6-d37e-3783-98bf-7e7f4ae88785
[yimupay-gateway-service][${env:SERVER_PORT}] 2023-01-24 12:30:17,639 INFO [main][PostProcessorRegistrationDelegate.java:330] - Bean 'org.springframework.cloud.autoconfigure.ConfigurationPropertiesRebinderAutoConfiguration' of type [org.springframework.cloud.autoconfigure.ConfigurationPropertiesRebinderAutoConfiguration$$EnhancerBySpringCGLIB$$c4fb9a09] is not eligible for getting processed by all BeanPostProcessors (for example: not eligible for auto-proxying)
[yimupay-gateway-service][${env:SERVER_PORT}] 2023-01-24 12:30:17,915 INFO [main][TomcatWebServer.java:90] - Tomcat initialized with port(s): 56010 (http)
[yimupay-gateway-service][${env:SERVER_PORT}] 2023-01-24 12:30:17,928 INFO [main][DirectJDKLog.java:173] - Initializing ProtocolHandler ["http-nio-56010"]
[yimupay-gateway-service][${env:SERVER_PORT}] 2023-01-24 12:30:17,936 INFO [main][DirectJDKLog.java:173] - Starting service [Tomcat]
[yimupay-gateway-service][${env:SERVER_PORT}] 2023-01-24 12:30:17,937 INFO [main][DirectJDKLog.java:173] - Starting Servlet engine: [Apache Tomcat/9.0.16]
[yimupay-gateway-service][${env:SERVER_PORT}] 2023-01-24 12:30:17,942 INFO [main][DirectJDKLog.java:173] - The APR based Apache Tomcat Native library which allows optimal performance in production environments was not found on the java.library.path: [D:\jdk\bin;C:\Windows\Sun\Java\bin;C:\Windows\system32;C:\Windows;D:/jdk/bin/../jre/bin/server;D:/jdk/bin/../jre/bin;D:/jdk/bin/../jre/lib/amd64;D:\VMware-workstation-full-16\bin\;D:\jdk\bin;C:\Program Files (x86)\Common Files\Oracle\Java\javapath;C:\Windows\system32;C:\Windows;C:\Windows\System32\Wbem;C:\Windows\System32\WindowsPowerShell\v1.0\;C:\Windows\System32\OpenSSH\;D:\maven\apache-maven-3.6.3\bin;D:\Mysql5.6.31\mysql\bin;D:\VSCode\bin;D:\node-v10.14.2\;D:\winscp\;D:\Git\cmd;D:\projects\yimu-pay-web\shanjupay-web\node_modules\.bin;C:\Program Files (x86)\Yarn\bin\;C:\Users\PC\AppData\Local\Microsoft\WindowsApps;C:\Users\PC\AppData\Roaming\npm;C:\Users\PC\AppData\Local\Yarn\bin;D:\ecplise\eclipse;;.]
[yimupay-gateway-service][${env:SERVER_PORT}] 2023-01-24 12:30:18,041 INFO [main][DirectJDKLog.java:173] - Initializing Spring embedded WebApplicationContext
[yimupay-gateway-service][${env:SERVER_PORT}] 2023-01-24 12:30:18,042 INFO [main][ServletWebServerApplicationContext.java:296] - Root WebApplicationContext: initialization completed in 1365 ms
[yimupay-gateway-service][${env:SERVER_PORT}] 2023-01-24 12:30:18,135 WARN [main][URLConfigurationSource.java:121] - No URLs will be polled as dynamic configuration sources.
[yimupay-gateway-service][${env:SERVER_PORT}] 2023-01-24 12:30:18,135 INFO [main][URLConfigurationSource.java:122] - To enable URLs as dynamic configuration sources, define System property archaius.configurationSource.additionalUrls or make config.properties available on classpath.
[yimupay-gateway-service][${env:SERVER_PORT}] 2023-01-24 12:30:18,139 DEBUG [main][HystrixPlugins.java:386] - Created HystrixDynamicProperties. Using class : com.netflix.hystrix.strategy.properties.archaius.HystrixDynamicPropertiesArchaius
[yimupay-gateway-service][${env:SERVER_PORT}] 2023-01-24 12:30:18,146 INFO [main][DynamicPropertyFactory.java:281] - DynamicPropertyFactory is initialized with configuration sources: com.netflix.config.ConcurrentCompositeConfiguration@2a02e34b
[yimupay-gateway-service][${env:SERVER_PORT}] 2023-01-24 12:30:19,427 WARN [main][JwtAccessTokenConverter.java:302] - Unable to create an RSA verifier from verifierKey (ignoreable if using MAC)
[yimupay-gateway-service][${env:SERVER_PORT}] 2023-01-24 12:30:19,473 WARN [main][URLConfigurationSource.java:121] - No URLs will be polled as dynamic configuration sources.
[yimupay-gateway-service][${env:SERVER_PORT}] 2023-01-24 12:30:19,473 INFO [main][URLConfigurationSource.java:122] - To enable URLs as dynamic configuration sources, define System property archaius.configurationSource.additionalUrls or make config.properties available on classpath.
[yimupay-gateway-service][${env:SERVER_PORT}] 2023-01-24 12:30:19,489 DEBUG [main][TraversableResolvers.java:60] - Cannot find javax.persistence.Persistence on classpath. Assuming non JPA 2 environment. All properties will per default be traversable.
[yimupay-gateway-service][${env:SERVER_PORT}] 2023-01-24 12:30:19,490 DEBUG [main][ResourceBundleMessageInterpolator.java:89] - Loaded expression factory via original TCCL
[yimupay-gateway-service][${env:SERVER_PORT}] 2023-01-24 12:30:19,491 DEBUG [main][TraversableResolvers.java:60] - Cannot find javax.persistence.Persistence on classpath. Assuming non JPA 2 environment. All properties will per default be traversable.
[yimupay-gateway-service][${env:SERVER_PORT}] 2023-01-24 12:30:19,493 DEBUG [main][ConfigurationImpl.java:148] - Setting custom MessageInterpolator of type org.springframework.validation.beanvalidation.LocaleContextMessageInterpolator
[yimupay-gateway-service][${env:SERVER_PORT}] 2023-01-24 12:30:19,493 DEBUG [main][ConfigurationImpl.java:180] - Setting custom ConstraintValidatorFactory of type org.springframework.validation.beanvalidation.SpringConstraintValidatorFactory
[yimupay-gateway-service][${env:SERVER_PORT}] 2023-01-24 12:30:19,494 DEBUG [main][ConfigurationImpl.java:194] - Setting custom ParameterNameProvider of type org.springframework.validation.beanvalidation.LocalValidatorFactoryBean$1
[yimupay-gateway-service][${env:SERVER_PORT}] 2023-01-24 12:30:19,495 DEBUG [main][ValidationXmlParser.java:120] - Trying to load META-INF/validation.xml for XML based Validator configuration.
[yimupay-gateway-service][${env:SERVER_PORT}] 2023-01-24 12:30:19,495 DEBUG [main][ResourceLoaderHelper.java:53] - Trying to load META-INF/validation.xml via user class loader
[yimupay-gateway-service][${env:SERVER_PORT}] 2023-01-24 12:30:19,496 DEBUG [main][ResourceLoaderHelper.java:60] - Trying to load META-INF/validation.xml via TCCL
[yimupay-gateway-service][${env:SERVER_PORT}] 2023-01-24 12:30:19,496 DEBUG [main][ResourceLoaderHelper.java:66] - Trying to load META-INF/validation.xml via Hibernate Validator's class loader
[yimupay-gateway-service][${env:SERVER_PORT}] 2023-01-24 12:30:19,496 DEBUG [main][ValidationXmlParser.java:127] - No META-INF/validation.xml found. Using annotation based configuration only.
[yimupay-gateway-service][${env:SERVER_PORT}] 2023-01-24 12:30:19,500 DEBUG [main][ValidatorFactoryImpl.java:578] - HV000234: Using org.springframework.validation.beanvalidation.LocaleContextMessageInterpolator as ValidatorFactory-scoped message interpolator.
[yimupay-gateway-service][${env:SERVER_PORT}] 2023-01-24 12:30:19,501 DEBUG [main][ValidatorFactoryImpl.java:579] - HV000234: Using org.hibernate.validator.internal.engine.resolver.TraverseAllTraversableResolver as ValidatorFactory-scoped traversable resolver.
[yimupay-gateway-service][${env:SERVER_PORT}] 2023-01-24 12:30:19,501 DEBUG [main][ValidatorFactoryImpl.java:580] - HV000234: Using org.hibernate.validator.internal.util.ExecutableParameterNameProvider as ValidatorFactory-scoped parameter name provider.
[yimupay-gateway-service][${env:SERVER_PORT}] 2023-01-24 12:30:19,501 DEBUG [main][ValidatorFactoryImpl.java:581] - HV000234: Using org.hibernate.validator.internal.engine.DefaultClockProvider as ValidatorFactory-scoped clock provider.
[yimupay-gateway-service][${env:SERVER_PORT}] 2023-01-24 12:30:19,501 DEBUG [main][ValidatorFactoryImpl.java:582] - HV000234: Using org.hibernate.validator.internal.engine.scripting.DefaultScriptEvaluatorFactory as ValidatorFactory-scoped script evaluator factory.
[yimupay-gateway-service][${env:SERVER_PORT}] 2023-01-24 12:30:19,601 INFO [main][ExecutorConfigurationSupport.java:171] - Initializing ExecutorService 'applicationTaskExecutor'
[yimupay-gateway-service][${env:SERVER_PORT}] 2023-01-24 12:30:19,685 INFO [main][ExecutorConfigurationSupport.java:171] - Initializing ExecutorService
[yimupay-gateway-service][${env:SERVER_PORT}] 2023-01-24 12:30:19,857 INFO [main][UserDetailsServiceAutoConfiguration.java:86] - 

Using generated security password: ead51e02-6db2-44c1-bbdb-30421dc0fffc

[yimupay-gateway-service][${env:SERVER_PORT}] 2023-01-24 12:30:19,976 INFO [main][DefaultSecurityFilterChain.java:43] - Creating filter chain: any request, [org.springframework.security.web.context.request.async.WebAsyncManagerIntegrationFilter@4ce267cc, org.springframework.security.web.context.SecurityContextPersistenceFilter@7272ee51, org.springframework.security.web.header.HeaderWriterFilter@7bede4ea, org.springframework.security.web.authentication.logout.LogoutFilter@5cce40d7, org.springframework.security.oauth2.provider.authentication.OAuth2AuthenticationProcessingFilter@147efd9, org.springframework.security.web.savedrequest.RequestCacheAwareFilter@f2fb225, org.springframework.security.web.servletapi.SecurityContextHolderAwareRequestFilter@28554ac8, org.springframework.security.web.authentication.AnonymousAuthenticationFilter@2eebce87, org.springframework.security.web.session.SessionManagementFilter@61911947, org.springframework.security.web.access.ExceptionTranslationFilter@684372d0, org.springframework.security.web.access.intercept.FilterSecurityInterceptor@4e50ae56]
[yimupay-gateway-service][${env:SERVER_PORT}] 2023-01-24 12:30:19,982 INFO [main][DefaultSecurityFilterChain.java:43] - Creating filter chain: any request, [org.springframework.security.web.context.request.async.WebAsyncManagerIntegrationFilter@19b9f903, org.springframework.security.web.context.SecurityContextPersistenceFilter@13d289c7, org.springframework.security.web.header.HeaderWriterFilter@7c91fe86, org.springframework.security.web.authentication.logout.LogoutFilter@53bb71e5, org.springframework.security.web.savedrequest.RequestCacheAwareFilter@6704df84, org.springframework.security.web.servletapi.SecurityContextHolderAwareRequestFilter@1412682c, org.springframework.security.web.authentication.AnonymousAuthenticationFilter@10e56da9, org.springframework.security.web.session.SessionManagementFilter@7fc7152e, org.springframework.security.web.access.ExceptionTranslationFilter@74500e4f, org.springframework.security.web.access.intercept.FilterSecurityInterceptor@538b3c88]
[yimupay-gateway-service][${env:SERVER_PORT}] 2023-01-24 12:30:20,033 INFO [main][EndpointLinksResolver.java:59] - Exposing 2 endpoint(s) beneath base path '/actuator'
[yimupay-gateway-service][${env:SERVER_PORT}] 2023-01-24 12:30:20,610 INFO [main][ZuulFilterInitializer.java:65] - Starting filter initializer
[yimupay-gateway-service][${env:SERVER_PORT}] 2023-01-24 12:30:20,739 INFO [main][DirectJDKLog.java:173] - Starting ProtocolHandler ["http-nio-56010"]
[yimupay-gateway-service][${env:SERVER_PORT}] 2023-01-24 12:30:20,758 INFO [main][TomcatWebServer.java:204] - Tomcat started on port(s): 56010 (http) with context path ''
[yimupay-gateway-service][${env:SERVER_PORT}] 2023-01-24 12:30:20,819 INFO [main][NacosServiceRegistry.java:62] - nacos registry, gateway-service 192.168.76.1:56010 register finished
[yimupay-gateway-service][${env:SERVER_PORT}] 2023-01-24 12:30:20,826 INFO [main][StartupInfoLogger.java:59] - Started GatewayBootstrap in 5.687 seconds (JVM running for 6.565)
[yimupay-gateway-service][${env:SERVER_PORT}] 2023-01-24 12:47:30,684 INFO [http-nio-56010-exec-1][DirectJDKLog.java:173] - Initializing Spring DispatcherServlet 'dispatcherServlet'
[yimupay-gateway-service][${env:SERVER_PORT}] 2023-01-24 12:47:30,684 INFO [http-nio-56010-exec-1][FrameworkServlet.java:524] - Initializing Servlet 'dispatcherServlet'
[yimupay-gateway-service][${env:SERVER_PORT}] 2023-01-24 12:47:30,691 INFO [http-nio-56010-exec-1][FrameworkServlet.java:546] - Completed initialization in 6 ms
[yimupay-gateway-service][${env:SERVER_PORT}] 2023-01-24 12:47:30,753 DEBUG [http-nio-56010-exec-1][HttpServletRequestWrapper.java:229] - Path = null
[yimupay-gateway-service][${env:SERVER_PORT}] 2023-01-24 12:47:30,754 DEBUG [http-nio-56010-exec-1][HttpServletRequestWrapper.java:230] - Transfer-Encoding = null
[yimupay-gateway-service][${env:SERVER_PORT}] 2023-01-24 12:47:30,754 DEBUG [http-nio-56010-exec-1][HttpServletRequestWrapper.java:231] - Content-Encoding = null
[yimupay-gateway-service][${env:SERVER_PORT}] 2023-01-24 12:47:30,754 DEBUG [http-nio-56010-exec-1][HttpServletRequestWrapper.java:232] - Content-Length header = -1
[yimupay-gateway-service][${env:SERVER_PORT}] 2023-01-24 12:47:30,865 DEBUG [http-nio-56010-exec-1][ZoneAffinityServerListFilter.java:83] - ZoneAffinity is set to false
[yimupay-gateway-service][${env:SERVER_PORT}] 2023-01-24 12:47:30,866 DEBUG [http-nio-56010-exec-1][ZoneAffinityServerListFilter.java:93] - activeReqeustsPerServerThreshold: 0.6
[yimupay-gateway-service][${env:SERVER_PORT}] 2023-01-24 12:47:30,867 DEBUG [http-nio-56010-exec-1][ZoneAffinityServerListFilter.java:95] - blackOutServerPercentageThreshold: 0.8
[yimupay-gateway-service][${env:SERVER_PORT}] 2023-01-24 12:47:30,868 DEBUG [http-nio-56010-exec-1][ZoneAffinityServerListFilter.java:97] - availableServersThreshold: 2
[yimupay-gateway-service][${env:SERVER_PORT}] 2023-01-24 12:47:30,881 INFO [http-nio-56010-exec-1][ChainedDynamicProperty.java:115] - Flipping property: merchant-application.ribbon.ActiveConnectionsLimit to use NEXT property: niws.loadbalancer.availabilityFilteringRule.activeConnectionsLimit = 2147483647
[yimupay-gateway-service][${env:SERVER_PORT}] 2023-01-24 12:47:30,898 DEBUG [http-nio-56010-exec-1][BaseLoadBalancer.java:338] - LoadBalancer [merchant-application]:  pingIntervalSeconds set to 30
[yimupay-gateway-service][${env:SERVER_PORT}] 2023-01-24 12:47:30,898 DEBUG [http-nio-56010-exec-1][BaseLoadBalancer.java:356] - LoadBalancer [merchant-application]: maxTotalPingTime set to 2
[yimupay-gateway-service][${env:SERVER_PORT}] 2023-01-24 12:47:30,899 INFO [http-nio-56010-exec-1][BaseLoadBalancer.java:197] - Client: merchant-application instantiated a LoadBalancer: DynamicServerListLoadBalancer:{NFLoadBalancer:name=merchant-application,current list of Servers=[],Load balancer stats=Zone stats: {},Server stats: []}ServerList:null
[yimupay-gateway-service][${env:SERVER_PORT}] 2023-01-24 12:47:30,904 INFO [http-nio-56010-exec-1][DynamicServerListLoadBalancer.java:222] - Using serverListUpdater PollingServerListUpdater
[yimupay-gateway-service][${env:SERVER_PORT}] 2023-01-24 12:47:30,923 DEBUG [http-nio-56010-exec-1][DynamicServerListLoadBalancer.java:241] - List of Servers for merchant-application obtained from Discovery client: [192.168.76.1:57011]
[yimupay-gateway-service][${env:SERVER_PORT}] 2023-01-24 12:47:30,923 DEBUG [http-nio-56010-exec-1][DynamicServerListLoadBalancer.java:246] - Filtered List of Servers for merchant-application obtained from Discovery client: [192.168.76.1:57011]
[yimupay-gateway-service][${env:SERVER_PORT}] 2023-01-24 12:47:30,923 DEBUG [http-nio-56010-exec-1][BaseLoadBalancer.java:491] - LoadBalancer [merchant-application]: clearing server list (SET op)
[yimupay-gateway-service][${env:SERVER_PORT}] 2023-01-24 12:47:30,924 DEBUG [http-nio-56010-exec-1][BaseLoadBalancer.java:507] - LoadBalancer [merchant-application]:  addServer [192.168.76.1:57011]
[yimupay-gateway-service][${env:SERVER_PORT}] 2023-01-24 12:47:30,930 DEBUG [http-nio-56010-exec-1][DynamicServerListLoadBalancer.java:179] - Setting server list for zones: {unknown=[192.168.76.1:57011]}
[yimupay-gateway-service][${env:SERVER_PORT}] 2023-01-24 12:47:30,930 INFO [http-nio-56010-exec-1][ChainedDynamicProperty.java:115] - Flipping property: merchant-application.ribbon.ActiveConnectionsLimit to use NEXT property: niws.loadbalancer.availabilityFilteringRule.activeConnectionsLimit = 2147483647
[yimupay-gateway-service][${env:SERVER_PORT}] 2023-01-24 12:47:30,930 DEBUG [http-nio-56010-exec-1][BaseLoadBalancer.java:147] - LoadBalancer [merchant-application_unknown]:  initialized
[yimupay-gateway-service][${env:SERVER_PORT}] 2023-01-24 12:47:30,932 DEBUG [http-nio-56010-exec-1][BaseLoadBalancer.java:491] - LoadBalancer [merchant-application_unknown]: clearing server list (SET op)
[yimupay-gateway-service][${env:SERVER_PORT}] 2023-01-24 12:47:30,932 DEBUG [http-nio-56010-exec-1][BaseLoadBalancer.java:507] - LoadBalancer [merchant-application_unknown]:  addServer [192.168.76.1:57011]
[yimupay-gateway-service][${env:SERVER_PORT}] 2023-01-24 12:47:30,933 INFO [http-nio-56010-exec-1][DynamicServerListLoadBalancer.java:150] - DynamicServerListLoadBalancer for client merchant-application initialized: DynamicServerListLoadBalancer:{NFLoadBalancer:name=merchant-application,current list of Servers=[192.168.76.1:57011],Load balancer stats=Zone stats: {unknown=[Zone:unknown;	Instance count:1;	Active connections count: 0;	Circuit breaker tripped count: 0;	Active connections per server: 0.0;]
},Server stats: [[Server:192.168.76.1:57011;	Zone:UNKNOWN;	Total Requests:0;	Successive connection failure:0;	Total blackout seconds:0;	Last connection made:Thu Jan 01 08:00:00 CST 1970;	First connection made: Thu Jan 01 08:00:00 CST 1970;	Active Connections:0;	total failure count in last (1000) msecs:0;	average resp time:0.0;	90 percentile resp time:0.0;	95 percentile resp time:0.0;	min resp time:0.0;	max resp time:0.0;	stddev resp time:0.0]
]}ServerList:com.alibaba.cloud.nacos.ribbon.NacosServerList@24500e5
[yimupay-gateway-service][${env:SERVER_PORT}] 2023-01-24 12:47:30,964 DEBUG [http-nio-56010-exec-1][HystrixPropertiesChainedProperty.java:93] - Flipping property: hystrix.command.merchant-application.circuitBreaker.enabled to use NEXT property: hystrix.command.default.circuitBreaker.enabled = true
[yimupay-gateway-service][${env:SERVER_PORT}] 2023-01-24 12:47:30,965 DEBUG [http-nio-56010-exec-1][HystrixPropertiesChainedProperty.java:93] - Flipping property: hystrix.command.merchant-application.circuitBreaker.requestVolumeThreshold to use NEXT property: hystrix.command.default.circuitBreaker.requestVolumeThreshold = 20
[yimupay-gateway-service][${env:SERVER_PORT}] 2023-01-24 12:47:30,966 DEBUG [http-nio-56010-exec-1][HystrixPropertiesChainedProperty.java:93] - Flipping property: hystrix.command.merchant-application.circuitBreaker.sleepWindowInMilliseconds to use NEXT property: hystrix.command.default.circuitBreaker.sleepWindowInMilliseconds = 5000
[yimupay-gateway-service][${env:SERVER_PORT}] 2023-01-24 12:47:30,966 DEBUG [http-nio-56010-exec-1][HystrixPropertiesChainedProperty.java:93] - Flipping property: hystrix.command.merchant-application.circuitBreaker.errorThresholdPercentage to use NEXT property: hystrix.command.default.circuitBreaker.errorThresholdPercentage = 50
[yimupay-gateway-service][${env:SERVER_PORT}] 2023-01-24 12:47:30,966 DEBUG [http-nio-56010-exec-1][HystrixPropertiesChainedProperty.java:93] - Flipping property: hystrix.command.merchant-application.circuitBreaker.forceOpen to use NEXT property: hystrix.command.default.circuitBreaker.forceOpen = false
[yimupay-gateway-service][${env:SERVER_PORT}] 2023-01-24 12:47:30,966 DEBUG [http-nio-56010-exec-1][HystrixPropertiesChainedProperty.java:93] - Flipping property: hystrix.command.merchant-application.circuitBreaker.forceClosed to use NEXT property: hystrix.command.default.circuitBreaker.forceClosed = false
[yimupay-gateway-service][${env:SERVER_PORT}] 2023-01-24 12:47:30,967 DEBUG [http-nio-56010-exec-1][HystrixPropertiesChainedProperty.java:90] - Flipping property: hystrix.command.merchant-application.execution.isolation.strategy to use its current value: SEMAPHORE
[yimupay-gateway-service][${env:SERVER_PORT}] 2023-01-24 12:47:30,968 DEBUG [http-nio-56010-exec-1][HystrixPropertiesChainedProperty.java:90] - Flipping property: hystrix.command.merchant-application.execution.isolation.thread.timeoutInMilliseconds to use its current value: 93000
[yimupay-gateway-service][${env:SERVER_PORT}] 2023-01-24 12:47:30,968 DEBUG [http-nio-56010-exec-1][HystrixPropertiesChainedProperty.java:93] - Flipping property: hystrix.command.merchant-application.execution.timeout.enabled to use NEXT property: hystrix.command.default.execution.timeout.enabled = true
[yimupay-gateway-service][${env:SERVER_PORT}] 2023-01-24 12:47:30,969 DEBUG [http-nio-56010-exec-1][HystrixPropertiesChainedProperty.java:93] - Flipping property: hystrix.command.merchant-application.execution.isolation.thread.interruptOnTimeout to use NEXT property: hystrix.command.default.execution.isolation.thread.interruptOnTimeout = true
[yimupay-gateway-service][${env:SERVER_PORT}] 2023-01-24 12:47:30,969 DEBUG [http-nio-56010-exec-1][HystrixPropertiesChainedProperty.java:93] - Flipping property: hystrix.command.merchant-application.execution.isolation.thread.interruptOnFutureCancel to use NEXT property: hystrix.command.default.execution.isolation.thread.interruptOnFutureCancel = false
[yimupay-gateway-service][${env:SERVER_PORT}] 2023-01-24 12:47:30,969 DEBUG [http-nio-56010-exec-1][HystrixPropertiesChainedProperty.java:90] - Flipping property: hystrix.command.merchant-application.execution.isolation.semaphore.maxConcurrentRequests to use its current value: 100
[yimupay-gateway-service][${env:SERVER_PORT}] 2023-01-24 12:47:30,970 DEBUG [http-nio-56010-exec-1][HystrixPropertiesChainedProperty.java:93] - Flipping property: hystrix.command.merchant-application.fallback.isolation.semaphore.maxConcurrentRequests to use NEXT property: hystrix.command.default.fallback.isolation.semaphore.maxConcurrentRequests = 10
[yimupay-gateway-service][${env:SERVER_PORT}] 2023-01-24 12:47:30,970 DEBUG [http-nio-56010-exec-1][HystrixPropertiesChainedProperty.java:93] - Flipping property: hystrix.command.merchant-application.fallback.enabled to use NEXT property: hystrix.command.default.fallback.enabled = true
[yimupay-gateway-service][${env:SERVER_PORT}] 2023-01-24 12:47:30,971 DEBUG [http-nio-56010-exec-1][HystrixPropertiesChainedProperty.java:93] - Flipping property: hystrix.command.merchant-application.metrics.rollingStats.timeInMilliseconds to use NEXT property: hystrix.command.default.metrics.rollingStats.timeInMilliseconds = 10000
[yimupay-gateway-service][${env:SERVER_PORT}] 2023-01-24 12:47:30,971 DEBUG [http-nio-56010-exec-1][HystrixPropertiesChainedProperty.java:93] - Flipping property: hystrix.command.merchant-application.metrics.rollingStats.numBuckets to use NEXT property: hystrix.command.default.metrics.rollingStats.numBuckets = 10
[yimupay-gateway-service][${env:SERVER_PORT}] 2023-01-24 12:47:30,971 DEBUG [http-nio-56010-exec-1][HystrixPropertiesChainedProperty.java:93] - Flipping property: hystrix.command.merchant-application.metrics.rollingPercentile.enabled to use NEXT property: hystrix.command.default.metrics.rollingPercentile.enabled = true
[yimupay-gateway-service][${env:SERVER_PORT}] 2023-01-24 12:47:30,972 DEBUG [http-nio-56010-exec-1][HystrixPropertiesChainedProperty.java:93] - Flipping property: hystrix.command.merchant-application.metrics.rollingPercentile.timeInMilliseconds to use NEXT property: hystrix.command.default.metrics.rollingPercentile.timeInMilliseconds = 60000
[yimupay-gateway-service][${env:SERVER_PORT}] 2023-01-24 12:47:30,972 DEBUG [http-nio-56010-exec-1][HystrixPropertiesChainedProperty.java:93] - Flipping property: hystrix.command.merchant-application.metrics.rollingPercentile.numBuckets to use NEXT property: hystrix.command.default.metrics.rollingPercentile.numBuckets = 6
[yimupay-gateway-service][${env:SERVER_PORT}] 2023-01-24 12:47:30,973 DEBUG [http-nio-56010-exec-1][HystrixPropertiesChainedProperty.java:93] - Flipping property: hystrix.command.merchant-application.metrics.rollingPercentile.bucketSize to use NEXT property: hystrix.command.default.metrics.rollingPercentile.bucketSize = 100
[yimupay-gateway-service][${env:SERVER_PORT}] 2023-01-24 12:47:30,973 DEBUG [http-nio-56010-exec-1][HystrixPropertiesChainedProperty.java:93] - Flipping property: hystrix.command.merchant-application.metrics.healthSnapshot.intervalInMilliseconds to use NEXT property: hystrix.command.default.metrics.healthSnapshot.intervalInMilliseconds = 500
[yimupay-gateway-service][${env:SERVER_PORT}] 2023-01-24 12:47:30,974 DEBUG [http-nio-56010-exec-1][HystrixPropertiesChainedProperty.java:93] - Flipping property: hystrix.command.merchant-application.requestCache.enabled to use NEXT property: hystrix.command.default.requestCache.enabled = true
[yimupay-gateway-service][${env:SERVER_PORT}] 2023-01-24 12:47:30,974 DEBUG [http-nio-56010-exec-1][HystrixPropertiesChainedProperty.java:93] - Flipping property: hystrix.command.merchant-application.requestLog.enabled to use NEXT property: hystrix.command.default.requestLog.enabled = true
[yimupay-gateway-service][${env:SERVER_PORT}] 2023-01-24 12:47:31,044 DEBUG [http-nio-56010-exec-1][HystrixPropertiesChainedProperty.java:93] - Flipping property: hystrix.threadpool.RibbonCommand.allowMaximumSizeToDivergeFromCoreSize to use NEXT property: hystrix.threadpool.default.allowMaximumSizeToDivergeFromCoreSize = false
[yimupay-gateway-service][${env:SERVER_PORT}] 2023-01-24 12:47:31,045 DEBUG [http-nio-56010-exec-1][HystrixPropertiesChainedProperty.java:93] - Flipping property: hystrix.threadpool.RibbonCommand.coreSize to use NEXT property: hystrix.threadpool.default.coreSize = 10
[yimupay-gateway-service][${env:SERVER_PORT}] 2023-01-24 12:47:31,045 DEBUG [http-nio-56010-exec-1][HystrixPropertiesChainedProperty.java:93] - Flipping property: hystrix.threadpool.RibbonCommand.maximumSize to use NEXT property: hystrix.threadpool.default.maximumSize = 10
[yimupay-gateway-service][${env:SERVER_PORT}] 2023-01-24 12:47:31,045 DEBUG [http-nio-56010-exec-1][HystrixPropertiesChainedProperty.java:93] - Flipping property: hystrix.threadpool.RibbonCommand.keepAliveTimeMinutes to use NEXT property: hystrix.threadpool.default.keepAliveTimeMinutes = 1
[yimupay-gateway-service][${env:SERVER_PORT}] 2023-01-24 12:47:31,046 DEBUG [http-nio-56010-exec-1][HystrixPropertiesChainedProperty.java:93] - Flipping property: hystrix.threadpool.RibbonCommand.maxQueueSize to use NEXT property: hystrix.threadpool.default.maxQueueSize = -1
[yimupay-gateway-service][${env:SERVER_PORT}] 2023-01-24 12:47:31,047 DEBUG [http-nio-56010-exec-1][HystrixPropertiesChainedProperty.java:93] - Flipping property: hystrix.threadpool.RibbonCommand.queueSizeRejectionThreshold to use NEXT property: hystrix.threadpool.default.queueSizeRejectionThreshold = 5
[yimupay-gateway-service][${env:SERVER_PORT}] 2023-01-24 12:47:31,047 DEBUG [http-nio-56010-exec-1][HystrixPropertiesChainedProperty.java:93] - Flipping property: hystrix.threadpool.RibbonCommand.metrics.rollingStats.timeInMilliseconds to use NEXT property: hystrix.threadpool.default.metrics.rollingStats.timeInMilliseconds = 10000
[yimupay-gateway-service][${env:SERVER_PORT}] 2023-01-24 12:47:31,048 DEBUG [http-nio-56010-exec-1][HystrixPropertiesChainedProperty.java:93] - Flipping property: hystrix.threadpool.RibbonCommand.metrics.rollingStats.numBuckets to use NEXT property: hystrix.threadpool.default.metrics.rollingStats.numBuckets = 10
[yimupay-gateway-service][${env:SERVER_PORT}] 2023-01-24 12:47:31,095 DEBUG [http-nio-56010-exec-1][ZoneAwareLoadBalancer.java:112] - Zone aware logic disabled or there is only one zone
[yimupay-gateway-service][${env:SERVER_PORT}] 2023-01-24 12:47:31,908 DEBUG [PollingServerListUpdater-0][DynamicServerListLoadBalancer.java:241] - List of Servers for merchant-application obtained from Discovery client: [192.168.76.1:57011]
[yimupay-gateway-service][${env:SERVER_PORT}] 2023-01-24 12:47:31,908 DEBUG [PollingServerListUpdater-0][DynamicServerListLoadBalancer.java:246] - Filtered List of Servers for merchant-application obtained from Discovery client: [192.168.76.1:57011]
[yimupay-gateway-service][${env:SERVER_PORT}] 2023-01-24 12:47:31,908 DEBUG [PollingServerListUpdater-0][BaseLoadBalancer.java:491] - LoadBalancer [merchant-application]: clearing server list (SET op)
[yimupay-gateway-service][${env:SERVER_PORT}] 2023-01-24 12:47:31,909 DEBUG [PollingServerListUpdater-0][BaseLoadBalancer.java:507] - LoadBalancer [merchant-application]:  addServer [192.168.76.1:57011]
[yimupay-gateway-service][${env:SERVER_PORT}] 2023-01-24 12:47:31,909 DEBUG [PollingServerListUpdater-0][DynamicServerListLoadBalancer.java:179] - Setting server list for zones: {unknown=[192.168.76.1:57011]}
[yimupay-gateway-service][${env:SERVER_PORT}] 2023-01-24 12:47:31,909 INFO [PollingServerListUpdater-0][ChainedDynamicProperty.java:115] - Flipping property: merchant-application.ribbon.ActiveConnectionsLimit to use NEXT property: niws.loadbalancer.availabilityFilteringRule.activeConnectionsLimit = 2147483647
[yimupay-gateway-service][${env:SERVER_PORT}] 2023-01-24 12:47:31,909 DEBUG [PollingServerListUpdater-0][BaseLoadBalancer.java:147] - LoadBalancer [merchant-application_unknown]:  initialized
[yimupay-gateway-service][${env:SERVER_PORT}] 2023-01-24 12:47:31,916 DEBUG [PollingServerListUpdater-0][BaseLoadBalancer.java:491] - LoadBalancer [merchant-application_unknown]: clearing server list (SET op)
[yimupay-gateway-service][${env:SERVER_PORT}] 2023-01-24 12:47:31,916 DEBUG [PollingServerListUpdater-0][BaseLoadBalancer.java:507] - LoadBalancer [merchant-application_unknown]:  addServer [192.168.76.1:57011]
[yimupay-gateway-service][${env:SERVER_PORT}] 2023-01-24 12:48:01,930 DEBUG [PollingServerListUpdater-0][DynamicServerListLoadBalancer.java:241] - List of Servers for merchant-application obtained from Discovery client: [192.168.76.1:57011]
[yimupay-gateway-service][${env:SERVER_PORT}] 2023-01-24 12:48:01,930 DEBUG [PollingServerListUpdater-0][DynamicServerListLoadBalancer.java:246] - Filtered List of Servers for merchant-application obtained from Discovery client: [192.168.76.1:57011]
[yimupay-gateway-service][${env:SERVER_PORT}] 2023-01-24 12:48:01,930 DEBUG [PollingServerListUpdater-0][BaseLoadBalancer.java:491] - LoadBalancer [merchant-application]: clearing server list (SET op)
[yimupay-gateway-service][${env:SERVER_PORT}] 2023-01-24 12:48:01,930 DEBUG [PollingServerListUpdater-0][BaseLoadBalancer.java:507] - LoadBalancer [merchant-application]:  addServer [192.168.76.1:57011]
[yimupay-gateway-service][${env:SERVER_PORT}] 2023-01-24 12:48:01,930 DEBUG [PollingServerListUpdater-0][DynamicServerListLoadBalancer.java:179] - Setting server list for zones: {unknown=[192.168.76.1:57011]}
[yimupay-gateway-service][${env:SERVER_PORT}] 2023-01-24 12:48:01,931 DEBUG [PollingServerListUpdater-0][BaseLoadBalancer.java:491] - LoadBalancer [merchant-application_unknown]: clearing server list (SET op)
[yimupay-gateway-service][${env:SERVER_PORT}] 2023-01-24 12:48:01,931 DEBUG [PollingServerListUpdater-0][BaseLoadBalancer.java:507] - LoadBalancer [merchant-application_unknown]:  addServer [192.168.76.1:57011]
[yimupay-gateway-service][${env:SERVER_PORT}] 2023-01-24 12:48:02,238 DEBUG [http-nio-56010-exec-2][HttpServletRequestWrapper.java:229] - Path = null
[yimupay-gateway-service][${env:SERVER_PORT}] 2023-01-24 12:48:02,238 DEBUG [http-nio-56010-exec-2][HttpServletRequestWrapper.java:230] - Transfer-Encoding = null
[yimupay-gateway-service][${env:SERVER_PORT}] 2023-01-24 12:48:02,238 DEBUG [http-nio-56010-exec-2][HttpServletRequestWrapper.java:231] - Content-Encoding = null
[yimupay-gateway-service][${env:SERVER_PORT}] 2023-01-24 12:48:02,239 DEBUG [http-nio-56010-exec-2][HttpServletRequestWrapper.java:232] - Content-Length header = 109
[yimupay-gateway-service][${env:SERVER_PORT}] 2023-01-24 12:48:02,241 DEBUG [http-nio-56010-exec-2][HttpServletRequestWrapper.java:166] - Length of contentData byte array = 109
[yimupay-gateway-service][${env:SERVER_PORT}] 2023-01-24 12:48:02,243 DEBUG [http-nio-56010-exec-2][ZoneAwareLoadBalancer.java:112] - Zone aware logic disabled or there is only one zone
[yimupay-gateway-service][${env:SERVER_PORT}] 2023-01-24 12:48:23,333 DEBUG [http-nio-56010-exec-3][HttpServletRequestWrapper.java:229] - Path = null
[yimupay-gateway-service][${env:SERVER_PORT}] 2023-01-24 12:48:23,334 DEBUG [http-nio-56010-exec-3][HttpServletRequestWrapper.java:230] - Transfer-Encoding = null
[yimupay-gateway-service][${env:SERVER_PORT}] 2023-01-24 12:48:23,335 DEBUG [http-nio-56010-exec-3][HttpServletRequestWrapper.java:231] - Content-Encoding = null
[yimupay-gateway-service][${env:SERVER_PORT}] 2023-01-24 12:48:23,335 DEBUG [http-nio-56010-exec-3][HttpServletRequestWrapper.java:232] - Content-Length header = -1
[yimupay-gateway-service][${env:SERVER_PORT}] 2023-01-24 12:48:23,336 DEBUG [http-nio-56010-exec-3][ZoneAwareLoadBalancer.java:112] - Zone aware logic disabled or there is only one zone
[yimupay-gateway-service][${env:SERVER_PORT}] 2023-01-24 12:48:31,933 DEBUG [PollingServerListUpdater-0][DynamicServerListLoadBalancer.java:241] - List of Servers for merchant-application obtained from Discovery client: [192.168.76.1:57011]
[yimupay-gateway-service][${env:SERVER_PORT}] 2023-01-24 12:48:31,933 DEBUG [PollingServerListUpdater-0][DynamicServerListLoadBalancer.java:246] - Filtered List of Servers for merchant-application obtained from Discovery client: [192.168.76.1:57011]
[yimupay-gateway-service][${env:SERVER_PORT}] 2023-01-24 12:48:31,933 DEBUG [PollingServerListUpdater-0][BaseLoadBalancer.java:491] - LoadBalancer [merchant-application]: clearing server list (SET op)
[yimupay-gateway-service][${env:SERVER_PORT}] 2023-01-24 12:48:31,933 DEBUG [PollingServerListUpdater-0][BaseLoadBalancer.java:507] - LoadBalancer [merchant-application]:  addServer [192.168.76.1:57011]
[yimupay-gateway-service][${env:SERVER_PORT}] 2023-01-24 12:48:31,933 DEBUG [PollingServerListUpdater-0][DynamicServerListLoadBalancer.java:179] - Setting server list for zones: {unknown=[192.168.76.1:57011]}
[yimupay-gateway-service][${env:SERVER_PORT}] 2023-01-24 12:48:31,934 DEBUG [PollingServerListUpdater-0][BaseLoadBalancer.java:491] - LoadBalancer [merchant-application_unknown]: clearing server list (SET op)
[yimupay-gateway-service][${env:SERVER_PORT}] 2023-01-24 12:48:31,934 DEBUG [PollingServerListUpdater-0][BaseLoadBalancer.java:507] - LoadBalancer [merchant-application_unknown]:  addServer [192.168.76.1:57011]
[yimupay-gateway-service][${env:SERVER_PORT}] 2023-01-24 12:48:33,588 DEBUG [http-nio-56010-exec-4][HttpServletRequestWrapper.java:229] - Path = null
[yimupay-gateway-service][${env:SERVER_PORT}] 2023-01-24 12:48:33,589 DEBUG [http-nio-56010-exec-4][HttpServletRequestWrapper.java:230] - Transfer-Encoding = null
[yimupay-gateway-service][${env:SERVER_PORT}] 2023-01-24 12:48:33,589 DEBUG [http-nio-56010-exec-4][HttpServletRequestWrapper.java:231] - Content-Encoding = null
[yimupay-gateway-service][${env:SERVER_PORT}] 2023-01-24 12:48:33,589 DEBUG [http-nio-56010-exec-4][HttpServletRequestWrapper.java:232] - Content-Length header = 150
[yimupay-gateway-service][${env:SERVER_PORT}] 2023-01-24 12:48:33,589 DEBUG [http-nio-56010-exec-4][HttpServletRequestWrapper.java:166] - Length of contentData byte array = 150
[yimupay-gateway-service][${env:SERVER_PORT}] 2023-01-24 12:48:33,591 DEBUG [http-nio-56010-exec-4][ZoneAwareLoadBalancer.java:112] - Zone aware logic disabled or there is only one zone
[yimupay-gateway-service][${env:SERVER_PORT}] 2023-01-24 12:48:38,601 DEBUG [http-nio-56010-exec-5][HttpServletRequestWrapper.java:229] - Path = null
[yimupay-gateway-service][${env:SERVER_PORT}] 2023-01-24 12:48:38,601 DEBUG [http-nio-56010-exec-5][HttpServletRequestWrapper.java:230] - Transfer-Encoding = null
[yimupay-gateway-service][${env:SERVER_PORT}] 2023-01-24 12:48:38,602 DEBUG [http-nio-56010-exec-5][HttpServletRequestWrapper.java:231] - Content-Encoding = null
[yimupay-gateway-service][${env:SERVER_PORT}] 2023-01-24 12:48:38,602 DEBUG [http-nio-56010-exec-5][HttpServletRequestWrapper.java:232] - Content-Length header = 150
[yimupay-gateway-service][${env:SERVER_PORT}] 2023-01-24 12:48:38,602 DEBUG [http-nio-56010-exec-5][HttpServletRequestWrapper.java:166] - Length of contentData byte array = 150
[yimupay-gateway-service][${env:SERVER_PORT}] 2023-01-24 12:48:38,604 DEBUG [http-nio-56010-exec-5][ZoneAwareLoadBalancer.java:112] - Zone aware logic disabled or there is only one zone
[yimupay-gateway-service][${env:SERVER_PORT}] 2023-01-24 12:49:01,197 DEBUG [http-nio-56010-exec-7][HttpServletRequestWrapper.java:229] - Path = null
[yimupay-gateway-service][${env:SERVER_PORT}] 2023-01-24 12:49:01,198 DEBUG [http-nio-56010-exec-7][HttpServletRequestWrapper.java:230] - Transfer-Encoding = null
[yimupay-gateway-service][${env:SERVER_PORT}] 2023-01-24 12:49:01,198 DEBUG [http-nio-56010-exec-7][HttpServletRequestWrapper.java:231] - Content-Encoding = null
[yimupay-gateway-service][${env:SERVER_PORT}] 2023-01-24 12:49:01,199 DEBUG [http-nio-56010-exec-7][HttpServletRequestWrapper.java:232] - Content-Length header = -1
[yimupay-gateway-service][${env:SERVER_PORT}] 2023-01-24 12:49:01,202 DEBUG [http-nio-56010-exec-7][ZoneAwareLoadBalancer.java:112] - Zone aware logic disabled or there is only one zone
[yimupay-gateway-service][${env:SERVER_PORT}] 2023-01-24 12:49:01,935 DEBUG [PollingServerListUpdater-0][DynamicServerListLoadBalancer.java:241] - List of Servers for merchant-application obtained from Discovery client: [192.168.76.1:57011]
[yimupay-gateway-service][${env:SERVER_PORT}] 2023-01-24 12:49:01,936 DEBUG [PollingServerListUpdater-0][DynamicServerListLoadBalancer.java:246] - Filtered List of Servers for merchant-application obtained from Discovery client: [192.168.76.1:57011]
[yimupay-gateway-service][${env:SERVER_PORT}] 2023-01-24 12:49:01,936 DEBUG [PollingServerListUpdater-0][BaseLoadBalancer.java:491] - LoadBalancer [merchant-application]: clearing server list (SET op)
[yimupay-gateway-service][${env:SERVER_PORT}] 2023-01-24 12:49:01,937 DEBUG [PollingServerListUpdater-0][BaseLoadBalancer.java:507] - LoadBalancer [merchant-application]:  addServer [192.168.76.1:57011]
[yimupay-gateway-service][${env:SERVER_PORT}] 2023-01-24 12:49:01,937 DEBUG [PollingServerListUpdater-0][DynamicServerListLoadBalancer.java:179] - Setting server list for zones: {unknown=[192.168.76.1:57011]}
[yimupay-gateway-service][${env:SERVER_PORT}] 2023-01-24 12:49:01,938 DEBUG [PollingServerListUpdater-0][BaseLoadBalancer.java:491] - LoadBalancer [merchant-application_unknown]: clearing server list (SET op)
[yimupay-gateway-service][${env:SERVER_PORT}] 2023-01-24 12:49:01,938 DEBUG [PollingServerListUpdater-0][BaseLoadBalancer.java:507] - LoadBalancer [merchant-application_unknown]:  addServer [192.168.76.1:57011]
[yimupay-gateway-service][${env:SERVER_PORT}] 2023-01-24 12:49:10,349 DEBUG [http-nio-56010-exec-6][HttpServletRequestWrapper.java:229] - Path = null
[yimupay-gateway-service][${env:SERVER_PORT}] 2023-01-24 12:49:10,350 DEBUG [http-nio-56010-exec-6][HttpServletRequestWrapper.java:230] - Transfer-Encoding = null
[yimupay-gateway-service][${env:SERVER_PORT}] 2023-01-24 12:49:10,350 DEBUG [http-nio-56010-exec-6][HttpServletRequestWrapper.java:231] - Content-Encoding = null
[yimupay-gateway-service][${env:SERVER_PORT}] 2023-01-24 12:49:10,351 DEBUG [http-nio-56010-exec-6][HttpServletRequestWrapper.java:232] - Content-Length header = 150
[yimupay-gateway-service][${env:SERVER_PORT}] 2023-01-24 12:49:10,351 DEBUG [http-nio-56010-exec-6][HttpServletRequestWrapper.java:166] - Length of contentData byte array = 150
[yimupay-gateway-service][${env:SERVER_PORT}] 2023-01-24 12:49:10,353 DEBUG [http-nio-56010-exec-6][ZoneAwareLoadBalancer.java:112] - Zone aware logic disabled or there is only one zone
[yimupay-gateway-service][${env:SERVER_PORT}] 2023-01-24 12:49:29,762 DEBUG [http-nio-56010-exec-8][HttpServletRequestWrapper.java:229] - Path = null
[yimupay-gateway-service][${env:SERVER_PORT}] 2023-01-24 12:49:29,762 DEBUG [http-nio-56010-exec-8][HttpServletRequestWrapper.java:230] - Transfer-Encoding = null
[yimupay-gateway-service][${env:SERVER_PORT}] 2023-01-24 12:49:29,762 DEBUG [http-nio-56010-exec-8][HttpServletRequestWrapper.java:231] - Content-Encoding = null
[yimupay-gateway-service][${env:SERVER_PORT}] 2023-01-24 12:49:29,762 DEBUG [http-nio-56010-exec-8][HttpServletRequestWrapper.java:232] - Content-Length header = 178
[yimupay-gateway-service][${env:SERVER_PORT}] 2023-01-24 12:49:29,763 DEBUG [http-nio-56010-exec-8][HttpServletRequestWrapper.java:166] - Length of contentData byte array = 178
[yimupay-gateway-service][${env:SERVER_PORT}] 2023-01-24 12:49:29,788 DEBUG [http-nio-56010-exec-8][ZoneAffinityServerListFilter.java:83] - ZoneAffinity is set to false
[yimupay-gateway-service][${env:SERVER_PORT}] 2023-01-24 12:49:29,789 DEBUG [http-nio-56010-exec-8][ZoneAffinityServerListFilter.java:93] - activeReqeustsPerServerThreshold: 0.6
[yimupay-gateway-service][${env:SERVER_PORT}] 2023-01-24 12:49:29,789 DEBUG [http-nio-56010-exec-8][ZoneAffinityServerListFilter.java:95] - blackOutServerPercentageThreshold: 0.8
[yimupay-gateway-service][${env:SERVER_PORT}] 2023-01-24 12:49:29,790 DEBUG [http-nio-56010-exec-8][ZoneAffinityServerListFilter.java:97] - availableServersThreshold: 2
[yimupay-gateway-service][${env:SERVER_PORT}] 2023-01-24 12:49:29,791 INFO [http-nio-56010-exec-8][ChainedDynamicProperty.java:115] - Flipping property: uaa-service.ribbon.ActiveConnectionsLimit to use NEXT property: niws.loadbalancer.availabilityFilteringRule.activeConnectionsLimit = 2147483647
[yimupay-gateway-service][${env:SERVER_PORT}] 2023-01-24 12:49:29,794 DEBUG [http-nio-56010-exec-8][BaseLoadBalancer.java:338] - LoadBalancer [uaa-service]:  pingIntervalSeconds set to 30
[yimupay-gateway-service][${env:SERVER_PORT}] 2023-01-24 12:49:29,795 DEBUG [http-nio-56010-exec-8][BaseLoadBalancer.java:356] - LoadBalancer [uaa-service]: maxTotalPingTime set to 2
[yimupay-gateway-service][${env:SERVER_PORT}] 2023-01-24 12:49:29,795 INFO [http-nio-56010-exec-8][BaseLoadBalancer.java:197] - Client: uaa-service instantiated a LoadBalancer: DynamicServerListLoadBalancer:{NFLoadBalancer:name=uaa-service,current list of Servers=[],Load balancer stats=Zone stats: {},Server stats: []}ServerList:null
[yimupay-gateway-service][${env:SERVER_PORT}] 2023-01-24 12:49:29,797 INFO [http-nio-56010-exec-8][DynamicServerListLoadBalancer.java:222] - Using serverListUpdater PollingServerListUpdater
[yimupay-gateway-service][${env:SERVER_PORT}] 2023-01-24 12:49:29,801 DEBUG [http-nio-56010-exec-8][DynamicServerListLoadBalancer.java:241] - List of Servers for uaa-service obtained from Discovery client: [192.168.76.1:56020]
[yimupay-gateway-service][${env:SERVER_PORT}] 2023-01-24 12:49:29,801 DEBUG [http-nio-56010-exec-8][DynamicServerListLoadBalancer.java:246] - Filtered List of Servers for uaa-service obtained from Discovery client: [192.168.76.1:56020]
[yimupay-gateway-service][${env:SERVER_PORT}] 2023-01-24 12:49:29,802 DEBUG [http-nio-56010-exec-8][BaseLoadBalancer.java:491] - LoadBalancer [uaa-service]: clearing server list (SET op)
[yimupay-gateway-service][${env:SERVER_PORT}] 2023-01-24 12:49:29,802 DEBUG [http-nio-56010-exec-8][BaseLoadBalancer.java:507] - LoadBalancer [uaa-service]:  addServer [192.168.76.1:56020]
[yimupay-gateway-service][${env:SERVER_PORT}] 2023-01-24 12:49:29,803 DEBUG [http-nio-56010-exec-8][DynamicServerListLoadBalancer.java:179] - Setting server list for zones: {unknown=[192.168.76.1:56020]}
[yimupay-gateway-service][${env:SERVER_PORT}] 2023-01-24 12:49:29,804 INFO [http-nio-56010-exec-8][ChainedDynamicProperty.java:115] - Flipping property: uaa-service.ribbon.ActiveConnectionsLimit to use NEXT property: niws.loadbalancer.availabilityFilteringRule.activeConnectionsLimit = 2147483647
[yimupay-gateway-service][${env:SERVER_PORT}] 2023-01-24 12:49:29,805 DEBUG [http-nio-56010-exec-8][BaseLoadBalancer.java:147] - LoadBalancer [uaa-service_unknown]:  initialized
[yimupay-gateway-service][${env:SERVER_PORT}] 2023-01-24 12:49:29,805 DEBUG [http-nio-56010-exec-8][BaseLoadBalancer.java:491] - LoadBalancer [uaa-service_unknown]: clearing server list (SET op)
[yimupay-gateway-service][${env:SERVER_PORT}] 2023-01-24 12:49:29,806 DEBUG [http-nio-56010-exec-8][BaseLoadBalancer.java:507] - LoadBalancer [uaa-service_unknown]:  addServer [192.168.76.1:56020]
[yimupay-gateway-service][${env:SERVER_PORT}] 2023-01-24 12:49:29,806 INFO [http-nio-56010-exec-8][DynamicServerListLoadBalancer.java:150] - DynamicServerListLoadBalancer for client uaa-service initialized: DynamicServerListLoadBalancer:{NFLoadBalancer:name=uaa-service,current list of Servers=[192.168.76.1:56020],Load balancer stats=Zone stats: {unknown=[Zone:unknown;	Instance count:1;	Active connections count: 0;	Circuit breaker tripped count: 0;	Active connections per server: 0.0;]
},Server stats: [[Server:192.168.76.1:56020;	Zone:UNKNOWN;	Total Requests:0;	Successive connection failure:0;	Total blackout seconds:0;	Last connection made:Thu Jan 01 08:00:00 CST 1970;	First connection made: Thu Jan 01 08:00:00 CST 1970;	Active Connections:0;	total failure count in last (1000) msecs:0;	average resp time:0.0;	90 percentile resp time:0.0;	95 percentile resp time:0.0;	min resp time:0.0;	max resp time:0.0;	stddev resp time:0.0]
]}ServerList:com.alibaba.cloud.nacos.ribbon.NacosServerList@4f57efc0
[yimupay-gateway-service][${env:SERVER_PORT}] 2023-01-24 12:49:29,813 DEBUG [http-nio-56010-exec-8][HystrixPropertiesChainedProperty.java:93] - Flipping property: hystrix.command.uaa-service.circuitBreaker.enabled to use NEXT property: hystrix.command.default.circuitBreaker.enabled = true
[yimupay-gateway-service][${env:SERVER_PORT}] 2023-01-24 12:49:29,814 DEBUG [http-nio-56010-exec-8][HystrixPropertiesChainedProperty.java:93] - Flipping property: hystrix.command.uaa-service.circuitBreaker.requestVolumeThreshold to use NEXT property: hystrix.command.default.circuitBreaker.requestVolumeThreshold = 20
[yimupay-gateway-service][${env:SERVER_PORT}] 2023-01-24 12:49:29,814 DEBUG [http-nio-56010-exec-8][HystrixPropertiesChainedProperty.java:93] - Flipping property: hystrix.command.uaa-service.circuitBreaker.sleepWindowInMilliseconds to use NEXT property: hystrix.command.default.circuitBreaker.sleepWindowInMilliseconds = 5000
[yimupay-gateway-service][${env:SERVER_PORT}] 2023-01-24 12:49:29,814 DEBUG [http-nio-56010-exec-8][HystrixPropertiesChainedProperty.java:93] - Flipping property: hystrix.command.uaa-service.circuitBreaker.errorThresholdPercentage to use NEXT property: hystrix.command.default.circuitBreaker.errorThresholdPercentage = 50
[yimupay-gateway-service][${env:SERVER_PORT}] 2023-01-24 12:49:29,815 DEBUG [http-nio-56010-exec-8][HystrixPropertiesChainedProperty.java:93] - Flipping property: hystrix.command.uaa-service.circuitBreaker.forceOpen to use NEXT property: hystrix.command.default.circuitBreaker.forceOpen = false
[yimupay-gateway-service][${env:SERVER_PORT}] 2023-01-24 12:49:29,815 DEBUG [http-nio-56010-exec-8][HystrixPropertiesChainedProperty.java:93] - Flipping property: hystrix.command.uaa-service.circuitBreaker.forceClosed to use NEXT property: hystrix.command.default.circuitBreaker.forceClosed = false
[yimupay-gateway-service][${env:SERVER_PORT}] 2023-01-24 12:49:29,815 DEBUG [http-nio-56010-exec-8][HystrixPropertiesChainedProperty.java:90] - Flipping property: hystrix.command.uaa-service.execution.isolation.strategy to use its current value: SEMAPHORE
[yimupay-gateway-service][${env:SERVER_PORT}] 2023-01-24 12:49:29,816 DEBUG [http-nio-56010-exec-8][HystrixPropertiesChainedProperty.java:90] - Flipping property: hystrix.command.uaa-service.execution.isolation.thread.timeoutInMilliseconds to use its current value: 93000
[yimupay-gateway-service][${env:SERVER_PORT}] 2023-01-24 12:49:29,816 DEBUG [http-nio-56010-exec-8][HystrixPropertiesChainedProperty.java:93] - Flipping property: hystrix.command.uaa-service.execution.timeout.enabled to use NEXT property: hystrix.command.default.execution.timeout.enabled = true
[yimupay-gateway-service][${env:SERVER_PORT}] 2023-01-24 12:49:29,816 DEBUG [http-nio-56010-exec-8][HystrixPropertiesChainedProperty.java:93] - Flipping property: hystrix.command.uaa-service.execution.isolation.thread.interruptOnTimeout to use NEXT property: hystrix.command.default.execution.isolation.thread.interruptOnTimeout = true
[yimupay-gateway-service][${env:SERVER_PORT}] 2023-01-24 12:49:29,817 DEBUG [http-nio-56010-exec-8][HystrixPropertiesChainedProperty.java:93] - Flipping property: hystrix.command.uaa-service.execution.isolation.thread.interruptOnFutureCancel to use NEXT property: hystrix.command.default.execution.isolation.thread.interruptOnFutureCancel = false
[yimupay-gateway-service][${env:SERVER_PORT}] 2023-01-24 12:49:29,817 DEBUG [http-nio-56010-exec-8][HystrixPropertiesChainedProperty.java:90] - Flipping property: hystrix.command.uaa-service.execution.isolation.semaphore.maxConcurrentRequests to use its current value: 100
[yimupay-gateway-service][${env:SERVER_PORT}] 2023-01-24 12:49:29,817 DEBUG [http-nio-56010-exec-8][HystrixPropertiesChainedProperty.java:93] - Flipping property: hystrix.command.uaa-service.fallback.isolation.semaphore.maxConcurrentRequests to use NEXT property: hystrix.command.default.fallback.isolation.semaphore.maxConcurrentRequests = 10
[yimupay-gateway-service][${env:SERVER_PORT}] 2023-01-24 12:49:29,817 DEBUG [http-nio-56010-exec-8][HystrixPropertiesChainedProperty.java:93] - Flipping property: hystrix.command.uaa-service.fallback.enabled to use NEXT property: hystrix.command.default.fallback.enabled = true
[yimupay-gateway-service][${env:SERVER_PORT}] 2023-01-24 12:49:29,818 DEBUG [http-nio-56010-exec-8][HystrixPropertiesChainedProperty.java:93] - Flipping property: hystrix.command.uaa-service.metrics.rollingStats.timeInMilliseconds to use NEXT property: hystrix.command.default.metrics.rollingStats.timeInMilliseconds = 10000
[yimupay-gateway-service][${env:SERVER_PORT}] 2023-01-24 12:49:29,818 DEBUG [http-nio-56010-exec-8][HystrixPropertiesChainedProperty.java:93] - Flipping property: hystrix.command.uaa-service.metrics.rollingStats.numBuckets to use NEXT property: hystrix.command.default.metrics.rollingStats.numBuckets = 10
[yimupay-gateway-service][${env:SERVER_PORT}] 2023-01-24 12:49:29,818 DEBUG [http-nio-56010-exec-8][HystrixPropertiesChainedProperty.java:93] - Flipping property: hystrix.command.uaa-service.metrics.rollingPercentile.enabled to use NEXT property: hystrix.command.default.metrics.rollingPercentile.enabled = true
[yimupay-gateway-service][${env:SERVER_PORT}] 2023-01-24 12:49:29,819 DEBUG [http-nio-56010-exec-8][HystrixPropertiesChainedProperty.java:93] - Flipping property: hystrix.command.uaa-service.metrics.rollingPercentile.timeInMilliseconds to use NEXT property: hystrix.command.default.metrics.rollingPercentile.timeInMilliseconds = 60000
[yimupay-gateway-service][${env:SERVER_PORT}] 2023-01-24 12:49:29,819 DEBUG [http-nio-56010-exec-8][HystrixPropertiesChainedProperty.java:93] - Flipping property: hystrix.command.uaa-service.metrics.rollingPercentile.numBuckets to use NEXT property: hystrix.command.default.metrics.rollingPercentile.numBuckets = 6
[yimupay-gateway-service][${env:SERVER_PORT}] 2023-01-24 12:49:29,819 DEBUG [http-nio-56010-exec-8][HystrixPropertiesChainedProperty.java:93] - Flipping property: hystrix.command.uaa-service.metrics.rollingPercentile.bucketSize to use NEXT property: hystrix.command.default.metrics.rollingPercentile.bucketSize = 100
[yimupay-gateway-service][${env:SERVER_PORT}] 2023-01-24 12:49:29,820 DEBUG [http-nio-56010-exec-8][HystrixPropertiesChainedProperty.java:93] - Flipping property: hystrix.command.uaa-service.metrics.healthSnapshot.intervalInMilliseconds to use NEXT property: hystrix.command.default.metrics.healthSnapshot.intervalInMilliseconds = 500
[yimupay-gateway-service][${env:SERVER_PORT}] 2023-01-24 12:49:29,820 DEBUG [http-nio-56010-exec-8][HystrixPropertiesChainedProperty.java:93] - Flipping property: hystrix.command.uaa-service.requestCache.enabled to use NEXT property: hystrix.command.default.requestCache.enabled = true
[yimupay-gateway-service][${env:SERVER_PORT}] 2023-01-24 12:49:29,821 DEBUG [http-nio-56010-exec-8][HystrixPropertiesChainedProperty.java:93] - Flipping property: hystrix.command.uaa-service.requestLog.enabled to use NEXT property: hystrix.command.default.requestLog.enabled = true
[yimupay-gateway-service][${env:SERVER_PORT}] 2023-01-24 12:49:29,825 DEBUG [http-nio-56010-exec-8][ZoneAwareLoadBalancer.java:112] - Zone aware logic disabled or there is only one zone
[yimupay-gateway-service][${env:SERVER_PORT}] 2023-01-24 12:49:30,804 DEBUG [PollingServerListUpdater-0][DynamicServerListLoadBalancer.java:241] - List of Servers for uaa-service obtained from Discovery client: [192.168.76.1:56020]
[yimupay-gateway-service][${env:SERVER_PORT}] 2023-01-24 12:49:30,804 DEBUG [PollingServerListUpdater-0][DynamicServerListLoadBalancer.java:246] - Filtered List of Servers for uaa-service obtained from Discovery client: [192.168.76.1:56020]
[yimupay-gateway-service][${env:SERVER_PORT}] 2023-01-24 12:49:30,804 DEBUG [PollingServerListUpdater-0][BaseLoadBalancer.java:491] - LoadBalancer [uaa-service]: clearing server list (SET op)
[yimupay-gateway-service][${env:SERVER_PORT}] 2023-01-24 12:49:30,804 DEBUG [PollingServerListUpdater-0][BaseLoadBalancer.java:507] - LoadBalancer [uaa-service]:  addServer [192.168.76.1:56020]
[yimupay-gateway-service][${env:SERVER_PORT}] 2023-01-24 12:49:30,805 DEBUG [PollingServerListUpdater-0][DynamicServerListLoadBalancer.java:179] - Setting server list for zones: {unknown=[192.168.76.1:56020]}
[yimupay-gateway-service][${env:SERVER_PORT}] 2023-01-24 12:49:30,805 INFO [PollingServerListUpdater-0][ChainedDynamicProperty.java:115] - Flipping property: uaa-service.ribbon.ActiveConnectionsLimit to use NEXT property: niws.loadbalancer.availabilityFilteringRule.activeConnectionsLimit = 2147483647
[yimupay-gateway-service][${env:SERVER_PORT}] 2023-01-24 12:49:30,805 DEBUG [PollingServerListUpdater-0][BaseLoadBalancer.java:147] - LoadBalancer [uaa-service_unknown]:  initialized
[yimupay-gateway-service][${env:SERVER_PORT}] 2023-01-24 12:49:30,810 DEBUG [PollingServerListUpdater-0][BaseLoadBalancer.java:491] - LoadBalancer [uaa-service_unknown]: clearing server list (SET op)
[yimupay-gateway-service][${env:SERVER_PORT}] 2023-01-24 12:49:30,810 DEBUG [PollingServerListUpdater-0][BaseLoadBalancer.java:507] - LoadBalancer [uaa-service_unknown]:  addServer [192.168.76.1:56020]
[yimupay-gateway-service][${env:SERVER_PORT}] 2023-01-24 12:49:31,939 DEBUG [PollingServerListUpdater-1][DynamicServerListLoadBalancer.java:241] - List of Servers for merchant-application obtained from Discovery client: [192.168.76.1:57011]
[yimupay-gateway-service][${env:SERVER_PORT}] 2023-01-24 12:49:31,940 DEBUG [PollingServerListUpdater-1][DynamicServerListLoadBalancer.java:246] - Filtered List of Servers for merchant-application obtained from Discovery client: [192.168.76.1:57011]
[yimupay-gateway-service][${env:SERVER_PORT}] 2023-01-24 12:49:31,940 DEBUG [PollingServerListUpdater-1][BaseLoadBalancer.java:491] - LoadBalancer [merchant-application]: clearing server list (SET op)
[yimupay-gateway-service][${env:SERVER_PORT}] 2023-01-24 12:49:31,940 DEBUG [PollingServerListUpdater-1][BaseLoadBalancer.java:507] - LoadBalancer [merchant-application]:  addServer [192.168.76.1:57011]
[yimupay-gateway-service][${env:SERVER_PORT}] 2023-01-24 12:49:31,941 DEBUG [PollingServerListUpdater-1][DynamicServerListLoadBalancer.java:179] - Setting server list for zones: {unknown=[192.168.76.1:57011]}
[yimupay-gateway-service][${env:SERVER_PORT}] 2023-01-24 12:49:31,941 DEBUG [PollingServerListUpdater-1][BaseLoadBalancer.java:491] - LoadBalancer [merchant-application_unknown]: clearing server list (SET op)
[yimupay-gateway-service][${env:SERVER_PORT}] 2023-01-24 12:49:31,942 DEBUG [PollingServerListUpdater-1][BaseLoadBalancer.java:507] - LoadBalancer [merchant-application_unknown]:  addServer [192.168.76.1:57011]
[yimupay-gateway-service][${env:SERVER_PORT}] 2023-01-24 12:50:00,819 DEBUG [PollingServerListUpdater-0][DynamicServerListLoadBalancer.java:241] - List of Servers for uaa-service obtained from Discovery client: [192.168.76.1:56020]
[yimupay-gateway-service][${env:SERVER_PORT}] 2023-01-24 12:50:00,819 DEBUG [PollingServerListUpdater-0][DynamicServerListLoadBalancer.java:246] - Filtered List of Servers for uaa-service obtained from Discovery client: [192.168.76.1:56020]
[yimupay-gateway-service][${env:SERVER_PORT}] 2023-01-24 12:50:00,820 DEBUG [PollingServerListUpdater-0][BaseLoadBalancer.java:491] - LoadBalancer [uaa-service]: clearing server list (SET op)
[yimupay-gateway-service][${env:SERVER_PORT}] 2023-01-24 12:50:00,820 DEBUG [PollingServerListUpdater-0][BaseLoadBalancer.java:507] - LoadBalancer [uaa-service]:  addServer [192.168.76.1:56020]
[yimupay-gateway-service][${env:SERVER_PORT}] 2023-01-24 12:50:00,821 DEBUG [PollingServerListUpdater-0][DynamicServerListLoadBalancer.java:179] - Setting server list for zones: {unknown=[192.168.76.1:56020]}
[yimupay-gateway-service][${env:SERVER_PORT}] 2023-01-24 12:50:00,821 DEBUG [PollingServerListUpdater-0][BaseLoadBalancer.java:491] - LoadBalancer [uaa-service_unknown]: clearing server list (SET op)
[yimupay-gateway-service][${env:SERVER_PORT}] 2023-01-24 12:50:00,821 DEBUG [PollingServerListUpdater-0][BaseLoadBalancer.java:507] - LoadBalancer [uaa-service_unknown]:  addServer [192.168.76.1:56020]
[yimupay-gateway-service][${env:SERVER_PORT}] 2023-01-24 12:50:01,947 DEBUG [PollingServerListUpdater-1][DynamicServerListLoadBalancer.java:241] - List of Servers for merchant-application obtained from Discovery client: [192.168.76.1:57011]
[yimupay-gateway-service][${env:SERVER_PORT}] 2023-01-24 12:50:01,947 DEBUG [PollingServerListUpdater-1][DynamicServerListLoadBalancer.java:246] - Filtered List of Servers for merchant-application obtained from Discovery client: [192.168.76.1:57011]
[yimupay-gateway-service][${env:SERVER_PORT}] 2023-01-24 12:50:01,947 DEBUG [PollingServerListUpdater-1][BaseLoadBalancer.java:491] - LoadBalancer [merchant-application]: clearing server list (SET op)
[yimupay-gateway-service][${env:SERVER_PORT}] 2023-01-24 12:50:01,947 DEBUG [PollingServerListUpdater-1][BaseLoadBalancer.java:507] - LoadBalancer [merchant-application]:  addServer [192.168.76.1:57011]
[yimupay-gateway-service][${env:SERVER_PORT}] 2023-01-24 12:50:01,947 DEBUG [PollingServerListUpdater-1][DynamicServerListLoadBalancer.java:179] - Setting server list for zones: {unknown=[192.168.76.1:57011]}
[yimupay-gateway-service][${env:SERVER_PORT}] 2023-01-24 12:50:01,947 DEBUG [PollingServerListUpdater-1][BaseLoadBalancer.java:491] - LoadBalancer [merchant-application_unknown]: clearing server list (SET op)
[yimupay-gateway-service][${env:SERVER_PORT}] 2023-01-24 12:50:01,947 DEBUG [PollingServerListUpdater-1][BaseLoadBalancer.java:507] - LoadBalancer [merchant-application_unknown]:  addServer [192.168.76.1:57011]
[yimupay-gateway-service][${env:SERVER_PORT}] 2023-01-24 12:50:07,877 DEBUG [http-nio-56010-exec-10][HttpServletRequestWrapper.java:229] - Path = null
[yimupay-gateway-service][${env:SERVER_PORT}] 2023-01-24 12:50:07,878 DEBUG [http-nio-56010-exec-10][HttpServletRequestWrapper.java:230] - Transfer-Encoding = null
[yimupay-gateway-service][${env:SERVER_PORT}] 2023-01-24 12:50:07,878 DEBUG [http-nio-56010-exec-10][HttpServletRequestWrapper.java:231] - Content-Encoding = null
[yimupay-gateway-service][${env:SERVER_PORT}] 2023-01-24 12:50:07,878 DEBUG [http-nio-56010-exec-10][HttpServletRequestWrapper.java:232] - Content-Length header = 219
[yimupay-gateway-service][${env:SERVER_PORT}] 2023-01-24 12:50:07,879 DEBUG [http-nio-56010-exec-10][HttpServletRequestWrapper.java:166] - Length of contentData byte array = 219
[yimupay-gateway-service][${env:SERVER_PORT}] 2023-01-24 12:50:07,881 DEBUG [http-nio-56010-exec-10][ZoneAwareLoadBalancer.java:112] - Zone aware logic disabled or there is only one zone
[yimupay-gateway-service][${env:SERVER_PORT}] 2023-01-24 12:50:19,527 DEBUG [http-nio-56010-exec-1][HttpServletRequestWrapper.java:229] - Path = null
[yimupay-gateway-service][${env:SERVER_PORT}] 2023-01-24 12:50:19,528 DEBUG [http-nio-56010-exec-1][HttpServletRequestWrapper.java:230] - Transfer-Encoding = null
[yimupay-gateway-service][${env:SERVER_PORT}] 2023-01-24 12:50:19,529 DEBUG [http-nio-56010-exec-1][HttpServletRequestWrapper.java:231] - Content-Encoding = null
[yimupay-gateway-service][${env:SERVER_PORT}] 2023-01-24 12:50:19,529 DEBUG [http-nio-56010-exec-1][HttpServletRequestWrapper.java:232] - Content-Length header = 219
[yimupay-gateway-service][${env:SERVER_PORT}] 2023-01-24 12:50:19,530 DEBUG [http-nio-56010-exec-1][HttpServletRequestWrapper.java:166] - Length of contentData byte array = 219
[yimupay-gateway-service][${env:SERVER_PORT}] 2023-01-24 12:50:19,532 DEBUG [http-nio-56010-exec-1][ZoneAwareLoadBalancer.java:112] - Zone aware logic disabled or there is only one zone
[yimupay-gateway-service][${env:SERVER_PORT}] 2023-01-24 12:50:28,012 DEBUG [http-nio-56010-exec-2][HttpServletRequestWrapper.java:229] - Path = null
[yimupay-gateway-service][${env:SERVER_PORT}] 2023-01-24 12:50:28,012 DEBUG [http-nio-56010-exec-2][HttpServletRequestWrapper.java:230] - Transfer-Encoding = null
[yimupay-gateway-service][${env:SERVER_PORT}] 2023-01-24 12:50:28,012 DEBUG [http-nio-56010-exec-2][HttpServletRequestWrapper.java:231] - Content-Encoding = null
[yimupay-gateway-service][${env:SERVER_PORT}] 2023-01-24 12:50:28,013 DEBUG [http-nio-56010-exec-2][HttpServletRequestWrapper.java:232] - Content-Length header = 219
[yimupay-gateway-service][${env:SERVER_PORT}] 2023-01-24 12:50:28,013 DEBUG [http-nio-56010-exec-2][HttpServletRequestWrapper.java:166] - Length of contentData byte array = 219
[yimupay-gateway-service][${env:SERVER_PORT}] 2023-01-24 12:50:28,014 DEBUG [http-nio-56010-exec-2][ZoneAwareLoadBalancer.java:112] - Zone aware logic disabled or there is only one zone
[yimupay-gateway-service][${env:SERVER_PORT}] 2023-01-24 12:50:30,827 DEBUG [PollingServerListUpdater-0][DynamicServerListLoadBalancer.java:241] - List of Servers for uaa-service obtained from Discovery client: [192.168.76.1:56020]
[yimupay-gateway-service][${env:SERVER_PORT}] 2023-01-24 12:50:30,827 DEBUG [PollingServerListUpdater-0][DynamicServerListLoadBalancer.java:246] - Filtered List of Servers for uaa-service obtained from Discovery client: [192.168.76.1:56020]
[yimupay-gateway-service][${env:SERVER_PORT}] 2023-01-24 12:50:30,827 DEBUG [PollingServerListUpdater-0][BaseLoadBalancer.java:491] - LoadBalancer [uaa-service]: clearing server list (SET op)
[yimupay-gateway-service][${env:SERVER_PORT}] 2023-01-24 12:50:30,827 DEBUG [PollingServerListUpdater-0][BaseLoadBalancer.java:507] - LoadBalancer [uaa-service]:  addServer [192.168.76.1:56020]
[yimupay-gateway-service][${env:SERVER_PORT}] 2023-01-24 12:50:30,827 DEBUG [PollingServerListUpdater-0][DynamicServerListLoadBalancer.java:179] - Setting server list for zones: {unknown=[192.168.76.1:56020]}
[yimupay-gateway-service][${env:SERVER_PORT}] 2023-01-24 12:50:30,827 DEBUG [PollingServerListUpdater-0][BaseLoadBalancer.java:491] - LoadBalancer [uaa-service_unknown]: clearing server list (SET op)
[yimupay-gateway-service][${env:SERVER_PORT}] 2023-01-24 12:50:30,827 DEBUG [PollingServerListUpdater-0][BaseLoadBalancer.java:507] - LoadBalancer [uaa-service_unknown]:  addServer [192.168.76.1:56020]
[yimupay-gateway-service][${env:SERVER_PORT}] 2023-01-24 12:50:31,959 DEBUG [PollingServerListUpdater-1][DynamicServerListLoadBalancer.java:241] - List of Servers for merchant-application obtained from Discovery client: [192.168.76.1:57011]
[yimupay-gateway-service][${env:SERVER_PORT}] 2023-01-24 12:50:31,960 DEBUG [PollingServerListUpdater-1][DynamicServerListLoadBalancer.java:246] - Filtered List of Servers for merchant-application obtained from Discovery client: [192.168.76.1:57011]
[yimupay-gateway-service][${env:SERVER_PORT}] 2023-01-24 12:50:31,960 DEBUG [PollingServerListUpdater-1][BaseLoadBalancer.java:491] - LoadBalancer [merchant-application]: clearing server list (SET op)
[yimupay-gateway-service][${env:SERVER_PORT}] 2023-01-24 12:50:31,960 DEBUG [PollingServerListUpdater-1][BaseLoadBalancer.java:507] - LoadBalancer [merchant-application]:  addServer [192.168.76.1:57011]
[yimupay-gateway-service][${env:SERVER_PORT}] 2023-01-24 12:50:31,961 DEBUG [PollingServerListUpdater-1][DynamicServerListLoadBalancer.java:179] - Setting server list for zones: {unknown=[192.168.76.1:57011]}
[yimupay-gateway-service][${env:SERVER_PORT}] 2023-01-24 12:50:31,961 DEBUG [PollingServerListUpdater-1][BaseLoadBalancer.java:491] - LoadBalancer [merchant-application_unknown]: clearing server list (SET op)
[yimupay-gateway-service][${env:SERVER_PORT}] 2023-01-24 12:50:31,961 DEBUG [PollingServerListUpdater-1][BaseLoadBalancer.java:507] - LoadBalancer [merchant-application_unknown]:  addServer [192.168.76.1:57011]
[yimupay-gateway-service][${env:SERVER_PORT}] 2023-01-24 12:50:40,615 DEBUG [http-nio-56010-exec-3][HttpServletRequestWrapper.java:229] - Path = null
[yimupay-gateway-service][${env:SERVER_PORT}] 2023-01-24 12:50:40,616 DEBUG [http-nio-56010-exec-3][HttpServletRequestWrapper.java:230] - Transfer-Encoding = null
[yimupay-gateway-service][${env:SERVER_PORT}] 2023-01-24 12:50:40,616 DEBUG [http-nio-56010-exec-3][HttpServletRequestWrapper.java:231] - Content-Encoding = null
[yimupay-gateway-service][${env:SERVER_PORT}] 2023-01-24 12:50:40,616 DEBUG [http-nio-56010-exec-3][HttpServletRequestWrapper.java:232] - Content-Length header = 219
[yimupay-gateway-service][${env:SERVER_PORT}] 2023-01-24 12:50:40,616 DEBUG [http-nio-56010-exec-3][HttpServletRequestWrapper.java:166] - Length of contentData byte array = 219
[yimupay-gateway-service][${env:SERVER_PORT}] 2023-01-24 12:50:40,617 DEBUG [http-nio-56010-exec-3][ZoneAwareLoadBalancer.java:112] - Zone aware logic disabled or there is only one zone
[yimupay-gateway-service][${env:SERVER_PORT}] 2023-01-24 12:51:00,835 DEBUG [PollingServerListUpdater-0][DynamicServerListLoadBalancer.java:241] - List of Servers for uaa-service obtained from Discovery client: [192.168.76.1:56020]
[yimupay-gateway-service][${env:SERVER_PORT}] 2023-01-24 12:51:00,836 DEBUG [PollingServerListUpdater-0][DynamicServerListLoadBalancer.java:246] - Filtered List of Servers for uaa-service obtained from Discovery client: [192.168.76.1:56020]
[yimupay-gateway-service][${env:SERVER_PORT}] 2023-01-24 12:51:00,836 DEBUG [PollingServerListUpdater-0][BaseLoadBalancer.java:491] - LoadBalancer [uaa-service]: clearing server list (SET op)
[yimupay-gateway-service][${env:SERVER_PORT}] 2023-01-24 12:51:00,836 DEBUG [PollingServerListUpdater-0][BaseLoadBalancer.java:507] - LoadBalancer [uaa-service]:  addServer [192.168.76.1:56020]
[yimupay-gateway-service][${env:SERVER_PORT}] 2023-01-24 12:51:00,837 DEBUG [PollingServerListUpdater-0][DynamicServerListLoadBalancer.java:179] - Setting server list for zones: {unknown=[192.168.76.1:56020]}
[yimupay-gateway-service][${env:SERVER_PORT}] 2023-01-24 12:51:00,837 DEBUG [PollingServerListUpdater-0][BaseLoadBalancer.java:491] - LoadBalancer [uaa-service_unknown]: clearing server list (SET op)
[yimupay-gateway-service][${env:SERVER_PORT}] 2023-01-24 12:51:00,837 DEBUG [PollingServerListUpdater-0][BaseLoadBalancer.java:507] - LoadBalancer [uaa-service_unknown]:  addServer [192.168.76.1:56020]
[yimupay-gateway-service][${env:SERVER_PORT}] 2023-01-24 12:51:01,972 DEBUG [PollingServerListUpdater-1][DynamicServerListLoadBalancer.java:241] - List of Servers for merchant-application obtained from Discovery client: [192.168.76.1:57011]
[yimupay-gateway-service][${env:SERVER_PORT}] 2023-01-24 12:51:01,972 DEBUG [PollingServerListUpdater-1][DynamicServerListLoadBalancer.java:246] - Filtered List of Servers for merchant-application obtained from Discovery client: [192.168.76.1:57011]
[yimupay-gateway-service][${env:SERVER_PORT}] 2023-01-24 12:51:01,972 DEBUG [PollingServerListUpdater-1][BaseLoadBalancer.java:491] - LoadBalancer [merchant-application]: clearing server list (SET op)
[yimupay-gateway-service][${env:SERVER_PORT}] 2023-01-24 12:51:01,972 DEBUG [PollingServerListUpdater-1][BaseLoadBalancer.java:507] - LoadBalancer [merchant-application]:  addServer [192.168.76.1:57011]
[yimupay-gateway-service][${env:SERVER_PORT}] 2023-01-24 12:51:01,972 DEBUG [PollingServerListUpdater-1][DynamicServerListLoadBalancer.java:179] - Setting server list for zones: {unknown=[192.168.76.1:57011]}
[yimupay-gateway-service][${env:SERVER_PORT}] 2023-01-24 12:51:01,972 DEBUG [PollingServerListUpdater-1][BaseLoadBalancer.java:491] - LoadBalancer [merchant-application_unknown]: clearing server list (SET op)
[yimupay-gateway-service][${env:SERVER_PORT}] 2023-01-24 12:51:01,972 DEBUG [PollingServerListUpdater-1][BaseLoadBalancer.java:507] - LoadBalancer [merchant-application_unknown]:  addServer [192.168.76.1:57011]
[yimupay-gateway-service][${env:SERVER_PORT}] 2023-01-24 12:51:06,283 INFO [RMI TCP Connection(2)-127.0.0.1][SpringApplicationAdminMXBeanRegistrar.java:163] - Application shutdown requested.
[yimupay-gateway-service][${env:SERVER_PORT}] 2023-01-24 12:51:06,285 INFO [RMI TCP Connection(2)-127.0.0.1][ZuulFilterInitializer.java:77] - Stopping filter initializer
[yimupay-gateway-service][${env:SERVER_PORT}] 2023-01-24 12:51:06,296 INFO [RMI TCP Connection(2)-127.0.0.1][NacosServiceRegistry.java:74] - De-registering from Nacos Server now...
[yimupay-gateway-service][${env:SERVER_PORT}] 2023-01-24 12:51:06,299 INFO [RMI TCP Connection(2)-127.0.0.1][NacosServiceRegistry.java:93] - De-registration finished.
[yimupay-gateway-service][${env:SERVER_PORT}] 2023-01-24 12:51:06,300 INFO [RMI TCP Connection(2)-127.0.0.1][ExecutorConfigurationSupport.java:208] - Shutting down ExecutorService 'applicationTaskExecutor'
[yimupay-gateway-service][${env:SERVER_PORT}] 2023-01-24 12:51:06,320 INFO [RMI TCP Connection(2)-127.0.0.1][DirectJDKLog.java:173] - Pausing ProtocolHandler ["http-nio-56010"]
[yimupay-gateway-service][${env:SERVER_PORT}] 2023-01-24 12:51:06,555 INFO [RMI TCP Connection(2)-127.0.0.1][DirectJDKLog.java:173] - Stopping service [Tomcat]
[yimupay-gateway-service][${env:SERVER_PORT}] 2023-01-24 12:51:06,557 INFO [RMI TCP Connection(2)-127.0.0.1][DirectJDKLog.java:173] - Destroying Spring FrameworkServlet 'dispatcherServlet'
[yimupay-gateway-service][${env:SERVER_PORT}] 2023-01-24 12:51:06,562 WARN [RMI TCP Connection(2)-127.0.0.1][DirectJDKLog.java:173] - The web application [ROOT] appears to have started a thread named [com.alibaba.nacos.naming.client.listener] but has failed to stop it. This is very likely to create a memory leak. Stack trace of thread:
 sun.misc.Unsafe.park(Native Method)
 java.util.concurrent.locks.LockSupport.parkNanos(LockSupport.java:215)
 java.util.concurrent.locks.AbstractQueuedSynchronizer$ConditionObject.awaitNanos(AbstractQueuedSynchronizer.java:2078)
 java.util.concurrent.LinkedBlockingQueue.poll(LinkedBlockingQueue.java:467)
 com.alibaba.nacos.client.naming.core.EventDispatcher$Notifier.run(EventDispatcher.java:114)
 java.util.concurrent.ThreadPoolExecutor.runWorker(ThreadPoolExecutor.java:1149)
 java.util.concurrent.ThreadPoolExecutor$Worker.run(ThreadPoolExecutor.java:624)
 java.lang.Thread.run(Thread.java:748)
[yimupay-gateway-service][${env:SERVER_PORT}] 2023-01-24 12:51:06,562 WARN [RMI TCP Connection(2)-127.0.0.1][DirectJDKLog.java:173] - The web application [ROOT] appears to have started a thread named [com.alibaba.nacos.naming.failover] but has failed to stop it. This is very likely to create a memory leak. Stack trace of thread:
 sun.misc.Unsafe.park(Native Method)
 java.util.concurrent.locks.LockSupport.parkNanos(LockSupport.java:215)
 java.util.concurrent.locks.AbstractQueuedSynchronizer$ConditionObject.awaitNanos(AbstractQueuedSynchronizer.java:2078)
 java.util.concurrent.ScheduledThreadPoolExecutor$DelayedWorkQueue.take(ScheduledThreadPoolExecutor.java:1093)
 java.util.concurrent.ScheduledThreadPoolExecutor$DelayedWorkQueue.take(ScheduledThreadPoolExecutor.java:809)
 java.util.concurrent.ThreadPoolExecutor.getTask(ThreadPoolExecutor.java:1074)
 java.util.concurrent.ThreadPoolExecutor.runWorker(ThreadPoolExecutor.java:1134)
 java.util.concurrent.ThreadPoolExecutor$Worker.run(ThreadPoolExecutor.java:624)
 java.lang.Thread.run(Thread.java:748)
[yimupay-gateway-service][${env:SERVER_PORT}] 2023-01-24 12:51:06,563 WARN [RMI TCP Connection(2)-127.0.0.1][DirectJDKLog.java:173] - The web application [ROOT] appears to have started a thread named [com.alibaba.nacos.naming.push.receiver] but has failed to stop it. This is very likely to create a memory leak. Stack trace of thread:
 java.net.DualStackPlainDatagramSocketImpl.socketReceiveOrPeekData(Native Method)
 java.net.DualStackPlainDatagramSocketImpl.receive0(DualStackPlainDatagramSocketImpl.java:124)
 java.net.AbstractPlainDatagramSocketImpl.receive(AbstractPlainDatagramSocketImpl.java:149)
 java.net.DatagramSocket.receive(DatagramSocket.java:812)
 com.alibaba.nacos.client.naming.core.PushReceiver.run(PushReceiver.java:73)
 java.util.concurrent.Executors$RunnableAdapter.call(Executors.java:511)
 java.util.concurrent.FutureTask.run(FutureTask.java:266)
 java.util.concurrent.ScheduledThreadPoolExecutor$ScheduledFutureTask.access$201(ScheduledThreadPoolExecutor.java:180)
 java.util.concurrent.ScheduledThreadPoolExecutor$ScheduledFutureTask.run(ScheduledThreadPoolExecutor.java:293)
 java.util.concurrent.ThreadPoolExecutor.runWorker(ThreadPoolExecutor.java:1149)
 java.util.concurrent.ThreadPoolExecutor$Worker.run(ThreadPoolExecutor.java:624)
 java.lang.Thread.run(Thread.java:748)
[yimupay-gateway-service][${env:SERVER_PORT}] 2023-01-24 12:51:06,564 WARN [RMI TCP Connection(2)-127.0.0.1][DirectJDKLog.java:173] - The web application [ROOT] appears to have started a thread named [RxIoScheduler-1 (Evictor)] but has failed to stop it. This is very likely to create a memory leak. Stack trace of thread:
 sun.misc.Unsafe.park(Native Method)
 java.util.concurrent.locks.LockSupport.parkNanos(LockSupport.java:215)
 java.util.concurrent.locks.AbstractQueuedSynchronizer$ConditionObject.awaitNanos(AbstractQueuedSynchronizer.java:2078)
 java.util.concurrent.ScheduledThreadPoolExecutor$DelayedWorkQueue.take(ScheduledThreadPoolExecutor.java:1093)
 java.util.concurrent.ScheduledThreadPoolExecutor$DelayedWorkQueue.take(ScheduledThreadPoolExecutor.java:809)
 java.util.concurrent.ThreadPoolExecutor.getTask(ThreadPoolExecutor.java:1074)
 java.util.concurrent.ThreadPoolExecutor.runWorker(ThreadPoolExecutor.java:1134)
 java.util.concurrent.ThreadPoolExecutor$Worker.run(ThreadPoolExecutor.java:624)
 java.lang.Thread.run(Thread.java:748)
[yimupay-gateway-service][${env:SERVER_PORT}] 2023-01-24 12:51:06,564 WARN [RMI TCP Connection(2)-127.0.0.1][DirectJDKLog.java:173] - The web application [ROOT] appears to have started a thread named [expiringMap-0] but has failed to stop it. This is very likely to create a memory leak. Stack trace of thread:
 sun.misc.Unsafe.park(Native Method)
 java.util.concurrent.locks.LockSupport.parkNanos(LockSupport.java:215)
 java.util.concurrent.locks.AbstractQueuedSynchronizer$ConditionObject.awaitNanos(AbstractQueuedSynchronizer.java:2078)
 java.util.concurrent.ScheduledThreadPoolExecutor$DelayedWorkQueue.take(ScheduledThreadPoolExecutor.java:1093)
 java.util.concurrent.ScheduledThreadPoolExecutor$DelayedWorkQueue.take(ScheduledThreadPoolExecutor.java:809)
 java.util.concurrent.ThreadPoolExecutor.getTask(ThreadPoolExecutor.java:1074)
 java.util.concurrent.ThreadPoolExecutor.runWorker(ThreadPoolExecutor.java:1134)
 java.util.concurrent.ThreadPoolExecutor$Worker.run(ThreadPoolExecutor.java:624)
 java.lang.Thread.run(Thread.java:748)
[yimupay-gateway-service][${env:SERVER_PORT}] 2023-01-24 12:51:06,565 WARN [RMI TCP Connection(2)-127.0.0.1][DirectJDKLog.java:173] - The web application [ROOT] appears to have started a thread named [PollingServerListUpdater-0] but has failed to stop it. This is very likely to create a memory leak. Stack trace of thread:
 sun.misc.Unsafe.park(Native Method)
 java.util.concurrent.locks.LockSupport.parkNanos(LockSupport.java:215)
 java.util.concurrent.locks.AbstractQueuedSynchronizer$ConditionObject.awaitNanos(AbstractQueuedSynchronizer.java:2078)
 java.util.concurrent.ScheduledThreadPoolExecutor$DelayedWorkQueue.take(ScheduledThreadPoolExecutor.java:1093)
 java.util.concurrent.ScheduledThreadPoolExecutor$DelayedWorkQueue.take(ScheduledThreadPoolExecutor.java:809)
 java.util.concurrent.ThreadPoolExecutor.getTask(ThreadPoolExecutor.java:1074)
 java.util.concurrent.ThreadPoolExecutor.runWorker(ThreadPoolExecutor.java:1134)
 java.util.concurrent.ThreadPoolExecutor$Worker.run(ThreadPoolExecutor.java:624)
 java.lang.Thread.run(Thread.java:748)
[yimupay-gateway-service][${env:SERVER_PORT}] 2023-01-24 12:51:06,566 WARN [RMI TCP Connection(2)-127.0.0.1][DirectJDKLog.java:173] - The web application [ROOT] appears to have started a thread named [com.alibaba.nacos.client.naming.updater] but has failed to stop it. This is very likely to create a memory leak. Stack trace of thread:
 sun.misc.Unsafe.park(Native Method)
 java.util.concurrent.locks.LockSupport.park(LockSupport.java:175)
 java.util.concurrent.locks.AbstractQueuedSynchronizer$ConditionObject.await(AbstractQueuedSynchronizer.java:2039)
 java.util.concurrent.ScheduledThreadPoolExecutor$DelayedWorkQueue.take(ScheduledThreadPoolExecutor.java:1088)
 java.util.concurrent.ScheduledThreadPoolExecutor$DelayedWorkQueue.take(ScheduledThreadPoolExecutor.java:809)
 java.util.concurrent.ThreadPoolExecutor.getTask(ThreadPoolExecutor.java:1074)
 java.util.concurrent.ThreadPoolExecutor.runWorker(ThreadPoolExecutor.java:1134)
 java.util.concurrent.ThreadPoolExecutor$Worker.run(ThreadPoolExecutor.java:624)
 java.lang.Thread.run(Thread.java:748)
[yimupay-gateway-service][${env:SERVER_PORT}] 2023-01-24 12:51:06,566 WARN [RMI TCP Connection(2)-127.0.0.1][DirectJDKLog.java:173] - The web application [ROOT] appears to have started a thread named [DataPublisher] but has failed to stop it. This is very likely to create a memory leak. Stack trace of thread:
 sun.misc.Unsafe.park(Native Method)
 java.util.concurrent.locks.LockSupport.parkNanos(LockSupport.java:215)
 java.util.concurrent.locks.AbstractQueuedSynchronizer$ConditionObject.awaitNanos(AbstractQueuedSynchronizer.java:2078)
 java.util.concurrent.ScheduledThreadPoolExecutor$DelayedWorkQueue.take(ScheduledThreadPoolExecutor.java:1093)
 java.util.concurrent.ScheduledThreadPoolExecutor$DelayedWorkQueue.take(ScheduledThreadPoolExecutor.java:809)
 java.util.concurrent.ThreadPoolExecutor.getTask(ThreadPoolExecutor.java:1074)
 java.util.concurrent.ThreadPoolExecutor.runWorker(ThreadPoolExecutor.java:1134)
 java.util.concurrent.ThreadPoolExecutor$Worker.run(ThreadPoolExecutor.java:624)
 java.lang.Thread.run(Thread.java:748)
[yimupay-gateway-service][${env:SERVER_PORT}] 2023-01-24 12:51:06,567 WARN [RMI TCP Connection(2)-127.0.0.1][DirectJDKLog.java:173] - The web application [ROOT] appears to have started a thread named [RxComputationScheduler-1] but has failed to stop it. This is very likely to create a memory leak. Stack trace of thread:
 sun.misc.Unsafe.park(Native Method)
 java.util.concurrent.locks.LockSupport.park(LockSupport.java:175)
 java.util.concurrent.locks.AbstractQueuedSynchronizer$ConditionObject.await(AbstractQueuedSynchronizer.java:2039)
 java.util.concurrent.ScheduledThreadPoolExecutor$DelayedWorkQueue.take(ScheduledThreadPoolExecutor.java:1081)
 java.util.concurrent.ScheduledThreadPoolExecutor$DelayedWorkQueue.take(ScheduledThreadPoolExecutor.java:809)
 java.util.concurrent.ThreadPoolExecutor.getTask(ThreadPoolExecutor.java:1074)
 java.util.concurrent.ThreadPoolExecutor.runWorker(ThreadPoolExecutor.java:1134)
 java.util.concurrent.ThreadPoolExecutor$Worker.run(ThreadPoolExecutor.java:624)
 java.lang.Thread.run(Thread.java:748)
[yimupay-gateway-service][${env:SERVER_PORT}] 2023-01-24 12:51:06,568 WARN [RMI TCP Connection(2)-127.0.0.1][DirectJDKLog.java:173] - The web application [ROOT] appears to have started a thread named [PollingServerListUpdater-1] but has failed to stop it. This is very likely to create a memory leak. Stack trace of thread:
 sun.misc.Unsafe.park(Native Method)
 java.util.concurrent.locks.LockSupport.park(LockSupport.java:175)
 java.util.concurrent.locks.AbstractQueuedSynchronizer$ConditionObject.await(AbstractQueuedSynchronizer.java:2039)
 java.util.concurrent.ScheduledThreadPoolExecutor$DelayedWorkQueue.take(ScheduledThreadPoolExecutor.java:1088)
 java.util.concurrent.ScheduledThreadPoolExecutor$DelayedWorkQueue.take(ScheduledThreadPoolExecutor.java:809)
 java.util.concurrent.ThreadPoolExecutor.getTask(ThreadPoolExecutor.java:1074)
 java.util.concurrent.ThreadPoolExecutor.runWorker(ThreadPoolExecutor.java:1134)
 java.util.concurrent.ThreadPoolExecutor$Worker.run(ThreadPoolExecutor.java:624)
 java.lang.Thread.run(Thread.java:748)
[yimupay-gateway-service][${env:SERVER_PORT}] 2023-01-24 12:51:06,569 WARN [RMI TCP Connection(2)-127.0.0.1][DirectJDKLog.java:173] - The web application [ROOT] appears to have started a thread named [com.alibaba.nacos.client.naming.updater] but has failed to stop it. This is very likely to create a memory leak. Stack trace of thread:
 sun.misc.Unsafe.park(Native Method)
 java.util.concurrent.locks.LockSupport.park(LockSupport.java:175)
 java.util.concurrent.locks.AbstractQueuedSynchronizer$ConditionObject.await(AbstractQueuedSynchronizer.java:2039)
 java.util.concurrent.ScheduledThreadPoolExecutor$DelayedWorkQueue.take(ScheduledThreadPoolExecutor.java:1088)
 java.util.concurrent.ScheduledThreadPoolExecutor$DelayedWorkQueue.take(ScheduledThreadPoolExecutor.java:809)
 java.util.concurrent.ThreadPoolExecutor.getTask(ThreadPoolExecutor.java:1074)
 java.util.concurrent.ThreadPoolExecutor.runWorker(ThreadPoolExecutor.java:1134)
 java.util.concurrent.ThreadPoolExecutor$Worker.run(ThreadPoolExecutor.java:624)
 java.lang.Thread.run(Thread.java:748)
[yimupay-gateway-service][${env:SERVER_PORT}] 2023-01-24 12:51:06,570 WARN [RMI TCP Connection(2)-127.0.0.1][DirectJDKLog.java:173] - The web application [ROOT] appears to have started a thread named [com.alibaba.nacos.client.naming.updater] but has failed to stop it. This is very likely to create a memory leak. Stack trace of thread:
 sun.misc.Unsafe.park(Native Method)
 java.util.concurrent.locks.LockSupport.parkNanos(LockSupport.java:215)
 java.util.concurrent.locks.AbstractQueuedSynchronizer$ConditionObject.awaitNanos(AbstractQueuedSynchronizer.java:2078)
 java.util.concurrent.ScheduledThreadPoolExecutor$DelayedWorkQueue.take(ScheduledThreadPoolExecutor.java:1093)
 java.util.concurrent.ScheduledThreadPoolExecutor$DelayedWorkQueue.take(ScheduledThreadPoolExecutor.java:809)
 java.util.concurrent.ThreadPoolExecutor.getTask(ThreadPoolExecutor.java:1074)
 java.util.concurrent.ThreadPoolExecutor.runWorker(ThreadPoolExecutor.java:1134)
 java.util.concurrent.ThreadPoolExecutor$Worker.run(ThreadPoolExecutor.java:624)
 java.lang.Thread.run(Thread.java:748)
[yimupay-gateway-service][${env:SERVER_PORT}] 2023-01-24 12:51:06,570 WARN [RMI TCP Connection(2)-127.0.0.1][DirectJDKLog.java:173] - The web application [ROOT] appears to have started a thread named [com.alibaba.nacos.client.naming.updater] but has failed to stop it. This is very likely to create a memory leak. Stack trace of thread:
 sun.misc.Unsafe.park(Native Method)
 java.util.concurrent.locks.LockSupport.park(LockSupport.java:175)
 java.util.concurrent.locks.AbstractQueuedSynchronizer$ConditionObject.await(AbstractQueuedSynchronizer.java:2039)
 java.util.concurrent.ScheduledThreadPoolExecutor$DelayedWorkQueue.take(ScheduledThreadPoolExecutor.java:1088)
 java.util.concurrent.ScheduledThreadPoolExecutor$DelayedWorkQueue.take(ScheduledThreadPoolExecutor.java:809)
 java.util.concurrent.ThreadPoolExecutor.getTask(ThreadPoolExecutor.java:1074)
 java.util.concurrent.ThreadPoolExecutor.runWorker(ThreadPoolExecutor.java:1134)
 java.util.concurrent.ThreadPoolExecutor$Worker.run(ThreadPoolExecutor.java:624)
 java.lang.Thread.run(Thread.java:748)
[yimupay-gateway-service][${env:SERVER_PORT}] 2023-01-24 12:51:06,571 WARN [RMI TCP Connection(2)-127.0.0.1][DirectJDKLog.java:173] - The web application [ROOT] appears to have started a thread named [com.alibaba.nacos.client.naming.updater] but has failed to stop it. This is very likely to create a memory leak. Stack trace of thread:
 sun.misc.Unsafe.park(Native Method)
 java.util.concurrent.locks.LockSupport.park(LockSupport.java:175)
 java.util.concurrent.locks.AbstractQueuedSynchronizer$ConditionObject.await(AbstractQueuedSynchronizer.java:2039)
 java.util.concurrent.ScheduledThreadPoolExecutor$DelayedWorkQueue.take(ScheduledThreadPoolExecutor.java:1088)
 java.util.concurrent.ScheduledThreadPoolExecutor$DelayedWorkQueue.take(ScheduledThreadPoolExecutor.java:809)
 java.util.concurrent.ThreadPoolExecutor.getTask(ThreadPoolExecutor.java:1074)
 java.util.concurrent.ThreadPoolExecutor.runWorker(ThreadPoolExecutor.java:1134)
 java.util.concurrent.ThreadPoolExecutor$Worker.run(ThreadPoolExecutor.java:624)
 java.lang.Thread.run(Thread.java:748)
[yimupay-gateway-service][${env:SERVER_PORT}] 2023-01-24 12:51:06,572 WARN [RMI TCP Connection(2)-127.0.0.1][DirectJDKLog.java:173] - The web application [ROOT] appears to have started a thread named [com.alibaba.nacos.client.naming.updater] but has failed to stop it. This is very likely to create a memory leak. Stack trace of thread:
 sun.misc.Unsafe.park(Native Method)
 java.util.concurrent.locks.LockSupport.park(LockSupport.java:175)
 java.util.concurrent.locks.AbstractQueuedSynchronizer$ConditionObject.await(AbstractQueuedSynchronizer.java:2039)
 java.util.concurrent.ScheduledThreadPoolExecutor$DelayedWorkQueue.take(ScheduledThreadPoolExecutor.java:1088)
 java.util.concurrent.ScheduledThreadPoolExecutor$DelayedWorkQueue.take(ScheduledThreadPoolExecutor.java:809)
 java.util.concurrent.ThreadPoolExecutor.getTask(ThreadPoolExecutor.java:1074)
 java.util.concurrent.ThreadPoolExecutor.runWorker(ThreadPoolExecutor.java:1134)
 java.util.concurrent.ThreadPoolExecutor$Worker.run(ThreadPoolExecutor.java:624)
 java.lang.Thread.run(Thread.java:748)
[yimupay-gateway-service][${env:SERVER_PORT}] 2023-01-24 12:51:06,573 WARN [RMI TCP Connection(2)-127.0.0.1][DirectJDKLog.java:173] - The web application [ROOT] appears to have started a thread named [com.alibaba.nacos.client.naming.updater] but has failed to stop it. This is very likely to create a memory leak. Stack trace of thread:
 sun.misc.Unsafe.park(Native Method)
 java.util.concurrent.locks.LockSupport.park(LockSupport.java:175)
 java.util.concurrent.locks.AbstractQueuedSynchronizer$ConditionObject.await(AbstractQueuedSynchronizer.java:2039)
 java.util.concurrent.ScheduledThreadPoolExecutor$DelayedWorkQueue.take(ScheduledThreadPoolExecutor.java:1088)
 java.util.concurrent.ScheduledThreadPoolExecutor$DelayedWorkQueue.take(ScheduledThreadPoolExecutor.java:809)
 java.util.concurrent.ThreadPoolExecutor.getTask(ThreadPoolExecutor.java:1074)
 java.util.concurrent.ThreadPoolExecutor.runWorker(ThreadPoolExecutor.java:1134)
 java.util.concurrent.ThreadPoolExecutor$Worker.run(ThreadPoolExecutor.java:624)
 java.lang.Thread.run(Thread.java:748)
[yimupay-gateway-service][${env:SERVER_PORT}] 2023-01-24 12:51:06,573 WARN [RMI TCP Connection(2)-127.0.0.1][DirectJDKLog.java:173] - The web application [ROOT] appears to have started a thread named [com.alibaba.nacos.client.naming.updater] but has failed to stop it. This is very likely to create a memory leak. Stack trace of thread:
 sun.misc.Unsafe.park(Native Method)
 java.util.concurrent.locks.LockSupport.park(LockSupport.java:175)
 java.util.concurrent.locks.AbstractQueuedSynchronizer$ConditionObject.await(AbstractQueuedSynchronizer.java:2039)
 java.util.concurrent.ScheduledThreadPoolExecutor$DelayedWorkQueue.take(ScheduledThreadPoolExecutor.java:1088)
 java.util.concurrent.ScheduledThreadPoolExecutor$DelayedWorkQueue.take(ScheduledThreadPoolExecutor.java:809)
 java.util.concurrent.ThreadPoolExecutor.getTask(ThreadPoolExecutor.java:1074)
 java.util.concurrent.ThreadPoolExecutor.runWorker(ThreadPoolExecutor.java:1134)
 java.util.concurrent.ThreadPoolExecutor$Worker.run(ThreadPoolExecutor.java:624)
 java.lang.Thread.run(Thread.java:748)
[yimupay-gateway-service][${env:SERVER_PORT}] 2023-01-24 12:51:06,574 WARN [RMI TCP Connection(2)-127.0.0.1][DirectJDKLog.java:173] - The web application [ROOT] appears to have started a thread named [RxComputationScheduler-2] but has failed to stop it. This is very likely to create a memory leak. Stack trace of thread:
 sun.misc.Unsafe.park(Native Method)
 java.util.concurrent.locks.LockSupport.park(LockSupport.java:175)
 java.util.concurrent.locks.AbstractQueuedSynchronizer$ConditionObject.await(AbstractQueuedSynchronizer.java:2039)
 java.util.concurrent.ScheduledThreadPoolExecutor$DelayedWorkQueue.take(ScheduledThreadPoolExecutor.java:1081)
 java.util.concurrent.ScheduledThreadPoolExecutor$DelayedWorkQueue.take(ScheduledThreadPoolExecutor.java:809)
 java.util.concurrent.ThreadPoolExecutor.getTask(ThreadPoolExecutor.java:1074)
 java.util.concurrent.ThreadPoolExecutor.runWorker(ThreadPoolExecutor.java:1134)
 java.util.concurrent.ThreadPoolExecutor$Worker.run(ThreadPoolExecutor.java:624)
 java.lang.Thread.run(Thread.java:748)
[yimupay-gateway-service][${env:SERVER_PORT}] 2023-01-24 12:51:06,576 INFO [RMI TCP Connection(2)-127.0.0.1][DirectJDKLog.java:173] - Stopping ProtocolHandler ["http-nio-56010"]
[yimupay-gateway-service][${env:SERVER_PORT}] 2023-01-24 12:51:06,581 INFO [RMI TCP Connection(2)-127.0.0.1][DirectJDKLog.java:173] - Destroying ProtocolHandler ["http-nio-56010"]
